2025-12-09 10:18:59 | INFO | main | Authenticating with Angel One SmartAPI...
2025-12-09 10:19:00 | INFO | auth | Authentication successful
2025-12-09 10:19:00 | INFO | main | Authentication successful. Starting bot...
2025-12-09 10:19:00 | INFO | main | Using watchlist: ['TATASTEEL', 'WIPRO']
2025-12-09 10:19:00 | INFO | data_feed | Starting Angel One WebSocket feed for ['TATASTEEL', 'WIPRO']
2025-12-09 10:19:00 | INFO | data_feed | Fetching instrument master data for 2 symbols...
2025-12-09 10:19:00 | WARNING | data_feed | Could not fetch from master data. Using manual token lookup.
2025-12-09 10:19:00 | INFO | data_feed | Resolved 4 instrument tokens
2025-12-09 10:19:00 | INFO | live | Monitoring... (waiting for data)
2025-12-09 10:19:01 | INFO | data_feed | WebSocket connected. Subscribing to 4 instruments
2025-12-09 10:19:05 | INFO | live | Monitoring... NSE=₹257.82 BSE=₹257.75 Spread=₹0.07
2025-12-09 10:19:10 | INFO | live | Monitoring... NSE=₹257.85 BSE=₹257.75 Spread=₹0.10
2025-12-09 10:19:15 | INFO | live | Monitoring... NSE=₹257.84 BSE=₹257.90 Spread=₹0.06
2025-12-09 10:19:20 | INFO | live | Monitoring... NSE=₹257.79 BSE=₹257.90 Spread=₹0.11
2025-12-09 10:19:25 | INFO | live | Monitoring... NSE=₹161.65 BSE=₹161.60 Spread=₹0.05
2025-12-09 10:19:30 | INFO | live | Monitoring... NSE=₹161.65 BSE=₹161.60 Spread=₹0.05
2025-12-09 10:19:35 | INFO | live | Monitoring... NSE=₹257.77 BSE=₹257.90 Spread=₹0.13
2025-12-09 10:19:40 | INFO | live | Monitoring... NSE=₹161.66 BSE=₹161.70 Spread=₹0.04
2025-12-09 10:19:45 | INFO | live | Monitoring... NSE=₹257.67 BSE=₹257.55 Spread=₹0.12
2025-12-09 10:19:50 | INFO | live | Monitoring... NSE=₹257.67 BSE=₹257.55 Spread=₹0.12
2025-12-09 10:19:55 | INFO | live | Monitoring... NSE=₹257.65 BSE=₹257.55 Spread=₹0.10
2025-12-09 10:20:00 | INFO | live | Monitoring... NSE=₹257.76 BSE=₹257.80 Spread=₹0.04
2025-12-09 10:20:05 | INFO | live | Monitoring... NSE=₹161.64 BSE=₹161.55 Spread=₹0.09
2025-12-09 10:20:10 | INFO | live | Monitoring... NSE=₹257.66 BSE=₹257.80 Spread=₹0.14
2025-12-09 10:20:15 | INFO | live | Monitoring... NSE=₹257.72 BSE=₹257.75 Spread=₹0.03
2025-12-09 10:20:20 | INFO | live | Monitoring... NSE=₹161.58 BSE=₹161.55 Spread=₹0.03
2025-12-09 10:20:25 | INFO | live | Monitoring... NSE=₹161.57 BSE=₹161.60 Spread=₹0.03
2025-12-09 10:20:30 | INFO | live | Monitoring... NSE=₹257.74 BSE=₹257.75 Spread=₹0.01
2025-12-09 10:20:35 | INFO | live | Monitoring... NSE=₹257.79 BSE=₹257.75 Spread=₹0.04
2025-12-09 10:20:40 | INFO | live | Monitoring... NSE=₹257.78 BSE=₹257.75 Spread=₹0.03
2025-12-09 10:20:45 | INFO | live | Monitoring... NSE=₹161.58 BSE=₹161.60 Spread=₹0.02
2025-12-09 10:20:50 | INFO | live | Monitoring... NSE=₹161.52 BSE=₹161.60 Spread=₹0.08
2025-12-09 10:20:55 | INFO | live | Monitoring... NSE=₹257.63 BSE=₹257.50 Spread=₹0.13
2025-12-09 10:21:00 | INFO | live | Monitoring... NSE=₹161.45 BSE=₹161.50 Spread=₹0.05
2025-12-09 10:21:05 | INFO | live | Monitoring... NSE=₹257.58 BSE=₹257.60 Spread=₹0.02
2025-12-09 10:21:10 | INFO | live | Monitoring... NSE=₹257.53 BSE=₹257.60 Spread=₹0.07
2025-12-09 10:21:15 | INFO | live | Monitoring... NSE=₹257.53 BSE=₹257.60 Spread=₹0.07
2025-12-09 10:21:20 | INFO | live | Monitoring... NSE=₹257.50 BSE=₹257.55 Spread=₹0.05
2025-12-09 10:21:25 | INFO | live | Monitoring... NSE=₹257.43 BSE=₹257.55 Spread=₹0.12
2025-12-09 10:21:30 | INFO | live | Monitoring... NSE=₹257.45 BSE=₹257.55 Spread=₹0.10
2025-12-09 10:21:35 | INFO | live | Monitoring... NSE=₹257.46 BSE=₹257.55 Spread=₹0.09
2025-12-09 10:21:40 | INFO | live | Monitoring... NSE=₹161.47 BSE=₹161.40 Spread=₹0.07
2025-12-09 10:21:45 | INFO | live | Monitoring... NSE=₹257.43 BSE=₹257.50 Spread=₹0.07
2025-12-09 10:21:50 | INFO | live | Monitoring... NSE=₹257.52 BSE=₹257.50 Spread=₹0.02
2025-12-09 10:21:55 | INFO | live | Monitoring... NSE=₹161.43 BSE=₹161.35 Spread=₹0.08
2025-12-09 10:22:00 | INFO | live | Monitoring... NSE=₹161.46 BSE=₹161.25 Spread=₹0.21
2025-12-09 10:22:05 | INFO | live | Monitoring... NSE=₹161.45 BSE=₹161.25 Spread=₹0.20
2025-12-09 10:22:10 | INFO | live | Monitoring... NSE=₹257.64 BSE=₹257.60 Spread=₹0.04
2025-12-09 10:22:15 | INFO | live | Monitoring... NSE=₹257.67 BSE=₹257.60 Spread=₹0.07
2025-12-09 10:22:20 | INFO | live | Monitoring... NSE=₹257.66 BSE=₹257.60 Spread=₹0.06
2025-12-09 10:22:25 | INFO | live | Monitoring... NSE=₹257.66 BSE=₹257.60 Spread=₹0.06
2025-12-09 10:22:30 | INFO | live | Monitoring... NSE=₹257.65 BSE=₹257.60 Spread=₹0.05
2025-12-09 10:22:35 | INFO | live | Monitoring... NSE=₹257.65 BSE=₹257.70 Spread=₹0.05
2025-12-09 10:22:40 | INFO | live | Monitoring... NSE=₹161.69 BSE=₹161.65 Spread=₹0.04
2025-12-09 10:22:45 | INFO | live | Monitoring... NSE=₹257.66 BSE=₹257.70 Spread=₹0.04
2025-12-09 10:22:50 | INFO | live | Monitoring... NSE=₹161.71 BSE=₹161.80 Spread=₹0.09
2025-12-09 10:22:55 | INFO | live | Monitoring... NSE=₹161.76 BSE=₹161.80 Spread=₹0.04
2025-12-09 10:23:00 | INFO | live | Monitoring... NSE=₹257.95 BSE=₹257.90 Spread=₹0.05
2025-12-09 10:23:05 | INFO | live | Monitoring... NSE=₹257.95 BSE=₹258.15 Spread=₹0.20
2025-12-09 10:23:10 | INFO | live | Monitoring... NSE=₹161.83 BSE=₹161.85 Spread=₹0.02
2025-12-09 10:23:15 | INFO | live | Monitoring... NSE=₹257.97 BSE=₹258.10 Spread=₹0.13
2025-12-09 10:23:20 | INFO | live | Monitoring... NSE=₹257.93 BSE=₹258.10 Spread=₹0.17
2025-12-09 10:23:25 | INFO | live | Monitoring... NSE=₹257.92 BSE=₹258.10 Spread=₹0.18
2025-12-09 10:23:30 | INFO | live | Monitoring... NSE=₹257.90 BSE=₹258.10 Spread=₹0.20
2025-12-09 10:23:35 | INFO | live | Monitoring... NSE=₹258.02 BSE=₹257.90 Spread=₹0.12
2025-12-09 10:23:40 | INFO | live | Monitoring... NSE=₹258.02 BSE=₹257.90 Spread=₹0.12
2025-12-09 10:23:45 | INFO | live | Monitoring... NSE=₹258.02 BSE=₹257.90 Spread=₹0.12
2025-12-09 10:23:50 | INFO | live | Monitoring... NSE=₹258.02 BSE=₹257.90 Spread=₹0.12
2025-12-09 10:23:55 | INFO | live | Monitoring... NSE=₹258.06 BSE=₹257.90 Spread=₹0.16
2025-12-09 10:24:00 | INFO | live | Monitoring... NSE=₹258.02 BSE=₹257.90 Spread=₹0.12
2025-12-09 10:24:05 | INFO | live | Monitoring... NSE=₹161.72 BSE=₹161.60 Spread=₹0.12
2025-12-09 10:24:10 | INFO | live | Monitoring... NSE=₹161.77 BSE=₹161.65 Spread=₹0.12
2025-12-09 10:24:15 | INFO | live | Monitoring... NSE=₹161.80 BSE=₹161.65 Spread=₹0.15
2025-12-09 10:24:20 | INFO | live | Monitoring... NSE=₹258.14 BSE=₹258.10 Spread=₹0.04
2025-12-09 10:24:25 | INFO | live | Monitoring... (waiting for data)
2025-12-09 10:24:30 | INFO | live | Monitoring... NSE=₹161.80 BSE=₹161.75 Spread=₹0.05
2025-12-09 10:24:35 | INFO | live | Monitoring... NSE=₹258.03 BSE=₹258.15 Spread=₹0.12
2025-12-09 10:24:40 | INFO | live | Monitoring... NSE=₹161.78 BSE=₹161.80 Spread=₹0.02
2025-12-09 10:24:45 | INFO | live | Monitoring... NSE=₹161.78 BSE=₹161.80 Spread=₹0.02
2025-12-09 10:24:50 | INFO | live | Monitoring... NSE=₹258.13 BSE=₹258.15 Spread=₹0.02
2025-12-09 10:24:55 | INFO | live | Monitoring... NSE=₹258.06 BSE=₹258.15 Spread=₹0.09
2025-12-09 10:25:00 | INFO | live | Monitoring... NSE=₹161.82 BSE=₹161.80 Spread=₹0.02
2025-12-09 10:25:05 | INFO | live | Monitoring... NSE=₹258.12 BSE=₹258.25 Spread=₹0.13
2025-12-09 10:25:10 | INFO | live | Monitoring... NSE=₹258.05 BSE=₹258.25 Spread=₹0.20
2025-12-09 10:25:15 | INFO | live | Monitoring... NSE=₹258.10 BSE=₹258.25 Spread=₹0.15
2025-12-09 10:25:20 | INFO | live | Monitoring... NSE=₹161.74 BSE=₹161.75 Spread=₹0.01
2025-12-09 10:25:25 | INFO | live | Monitoring... NSE=₹257.89 BSE=₹258.00 Spread=₹0.11
2025-12-09 10:25:30 | INFO | live | Monitoring... NSE=₹161.75 BSE=₹161.65 Spread=₹0.10
2025-12-09 10:25:35 | INFO | live | Monitoring... NSE=₹161.75 BSE=₹161.65 Spread=₹0.10
2025-12-09 10:25:40 | INFO | live | Monitoring... NSE=₹257.94 BSE=₹258.00 Spread=₹0.06
2025-12-09 10:25:45 | INFO | live | Monitoring... NSE=₹257.88 BSE=₹258.00 Spread=₹0.12
2025-12-09 10:25:50 | INFO | live | Monitoring... NSE=₹257.92 BSE=₹258.00 Spread=₹0.08
2025-12-09 10:25:55 | INFO | live | Monitoring... NSE=₹257.94 BSE=₹257.85 Spread=₹0.09
2025-12-09 10:26:00 | INFO | live | Monitoring... NSE=₹257.88 BSE=₹257.85 Spread=₹0.03
2025-12-09 10:26:05 | INFO | live | Monitoring... NSE=₹161.75 BSE=₹161.65 Spread=₹0.10
2025-12-09 10:26:10 | INFO | live | Monitoring... NSE=₹257.77 BSE=₹257.85 Spread=₹0.08
2025-12-09 10:26:15 | INFO | live | Monitoring... NSE=₹257.77 BSE=₹257.85 Spread=₹0.08
2025-12-09 10:26:20 | INFO | live | Monitoring... NSE=₹161.75 BSE=₹161.65 Spread=₹0.10
2025-12-09 10:26:25 | INFO | live | Monitoring... NSE=₹257.81 BSE=₹257.65 Spread=₹0.16
2025-12-09 10:26:30 | INFO | live | Monitoring... NSE=₹257.81 BSE=₹257.65 Spread=₹0.16
2025-12-09 10:26:35 | INFO | live | Monitoring... NSE=₹257.81 BSE=₹257.65 Spread=₹0.16
2025-12-09 10:26:40 | INFO | live | Monitoring... NSE=₹257.81 BSE=₹257.65 Spread=₹0.16
2025-12-09 10:26:46 | INFO | live | Monitoring... NSE=₹257.90 BSE=₹257.85 Spread=₹0.05
2025-12-09 10:26:51 | INFO | live | Monitoring... NSE=₹161.77 BSE=₹161.85 Spread=₹0.08
2025-12-09 10:26:56 | INFO | live | Monitoring... NSE=₹257.86 BSE=₹257.85 Spread=₹0.01
2025-12-09 10:27:01 | INFO | live | Monitoring... NSE=₹257.86 BSE=₹257.90 Spread=₹0.04
2025-12-09 10:27:06 | INFO | live | Monitoring... NSE=₹257.85 BSE=₹257.90 Spread=₹0.05
2025-12-09 10:27:11 | INFO | live | Monitoring... NSE=₹257.81 BSE=₹257.85 Spread=₹0.04
2025-12-09 10:27:16 | INFO | live | Monitoring... NSE=₹161.80 BSE=₹161.75 Spread=₹0.05
2025-12-09 10:27:21 | INFO | live | Monitoring... NSE=₹257.89 BSE=₹257.80 Spread=₹0.09
2025-12-09 10:27:26 | INFO | live | Monitoring... NSE=₹161.81 BSE=₹161.85 Spread=₹0.04
2025-12-09 10:27:31 | INFO | live | Monitoring... NSE=₹258.19 BSE=₹258.20 Spread=₹0.01
2025-12-09 10:27:36 | INFO | live | Monitoring... NSE=₹258.12 BSE=₹258.20 Spread=₹0.08
2025-12-09 10:27:41 | INFO | live | Monitoring... NSE=₹161.82 BSE=₹161.80 Spread=₹0.02
2025-12-09 10:27:46 | INFO | live | Monitoring... NSE=₹161.82 BSE=₹161.85 Spread=₹0.03
2025-12-09 10:27:51 | INFO | live | Monitoring... NSE=₹161.83 BSE=₹161.75 Spread=₹0.08
2025-12-09 10:27:56 | INFO | live | Monitoring... NSE=₹258.05 BSE=₹258.20 Spread=₹0.15
2025-12-09 10:28:01 | INFO | live | Monitoring... NSE=₹257.92 BSE=₹258.20 Spread=₹0.28
2025-12-09 10:28:06 | INFO | live | Monitoring... NSE=₹161.90 BSE=₹161.75 Spread=₹0.15
2025-12-09 10:28:11 | INFO | live | Monitoring... NSE=₹258.02 BSE=₹258.10 Spread=₹0.08
2025-12-09 10:28:16 | INFO | live | Monitoring... NSE=₹161.83 BSE=₹161.75 Spread=₹0.08
2025-12-09 10:28:21 | INFO | live | Monitoring... NSE=₹258.03 BSE=₹258.10 Spread=₹0.07
2025-12-09 10:28:26 | INFO | live | Monitoring... NSE=₹258.16 BSE=₹258.00 Spread=₹0.16
2025-12-09 10:28:31 | INFO | live | Monitoring... NSE=₹258.16 BSE=₹258.00 Spread=₹0.16
2025-12-09 10:28:36 | INFO | live | Monitoring... NSE=₹258.16 BSE=₹258.00 Spread=₹0.16
2025-12-09 10:28:41 | INFO | live | Monitoring... NSE=₹161.90 BSE=₹161.95 Spread=₹0.05
2025-12-09 10:28:46 | INFO | live | Monitoring... NSE=₹161.84 BSE=₹161.95 Spread=₹0.11
2025-12-09 10:28:51 | INFO | live | Monitoring... NSE=₹257.88 BSE=₹257.95 Spread=₹0.07
2025-12-09 10:28:56 | INFO | live | Monitoring... NSE=₹257.88 BSE=₹257.95 Spread=₹0.07
2025-12-09 10:29:01 | INFO | live | Monitoring... NSE=₹257.88 BSE=₹257.95 Spread=₹0.07
2025-12-09 10:29:06 | INFO | live | Monitoring... NSE=₹257.87 BSE=₹257.95 Spread=₹0.08
2025-12-09 10:29:11 | INFO | live | Monitoring... NSE=₹257.81 BSE=₹257.75 Spread=₹0.06
2025-12-09 10:29:16 | INFO | live | Monitoring... NSE=₹257.89 BSE=₹257.75 Spread=₹0.14
2025-12-09 10:29:21 | INFO | live | Monitoring... NSE=₹257.91 BSE=₹257.95 Spread=₹0.04
2025-12-09 10:29:26 | INFO | live | Monitoring... NSE=₹257.87 BSE=₹257.75 Spread=₹0.12
2025-12-09 10:29:31 | INFO | live | Monitoring... NSE=₹257.91 BSE=₹257.95 Spread=₹0.04
2025-12-09 10:29:36 | INFO | live | Monitoring... NSE=₹257.93 BSE=₹257.80 Spread=₹0.13
2025-12-09 10:29:41 | INFO | live | Monitoring... NSE=₹161.87 BSE=₹161.85 Spread=₹0.02
2025-12-09 10:29:46 | INFO | live | Monitoring... NSE=₹161.79 BSE=₹161.65 Spread=₹0.14
2025-12-09 10:29:51 | INFO | live | Monitoring... NSE=₹257.85 BSE=₹257.90 Spread=₹0.05
2025-12-09 10:29:56 | INFO | live | Monitoring... NSE=₹257.81 BSE=₹257.90 Spread=₹0.09
2025-12-09 10:30:01 | INFO | live | Monitoring... NSE=₹257.86 BSE=₹257.90 Spread=₹0.04
2025-12-09 10:30:06 | INFO | live | Monitoring... NSE=₹257.82 BSE=₹257.90 Spread=₹0.08
2025-12-09 10:30:11 | INFO | live | Monitoring... NSE=₹257.94 BSE=₹257.90 Spread=₹0.04
2025-12-09 10:30:16 | INFO | live | Monitoring... NSE=₹161.70 BSE=₹161.80 Spread=₹0.10
2025-12-09 10:30:21 | INFO | live | Monitoring... NSE=₹161.71 BSE=₹161.80 Spread=₹0.09
2025-12-09 10:30:26 | INFO | live | Monitoring... NSE=₹161.70 BSE=₹161.80 Spread=₹0.10
2025-12-09 10:30:31 | INFO | live | Monitoring... NSE=₹161.71 BSE=₹161.80 Spread=₹0.09
2025-12-09 10:30:36 | INFO | live | Monitoring... NSE=₹161.71 BSE=₹161.80 Spread=₹0.09
2025-12-09 10:30:41 | INFO | live | Monitoring... NSE=₹161.66 BSE=₹161.70 Spread=₹0.04
2025-12-09 10:30:46 | INFO | live | Monitoring... NSE=₹257.75 BSE=₹257.85 Spread=₹0.10
2025-12-09 10:30:51 | INFO | live | Monitoring... NSE=₹161.66 BSE=₹161.75 Spread=₹0.09
2025-12-09 10:30:56 | INFO | live | Monitoring... NSE=₹257.77 BSE=₹257.85 Spread=₹0.08
2025-12-09 10:31:01 | INFO | live | Monitoring... NSE=₹161.67 BSE=₹161.75 Spread=₹0.08
2025-12-09 10:31:06 | INFO | live | Monitoring... NSE=₹257.75 BSE=₹257.85 Spread=₹0.10
2025-12-09 10:31:11 | INFO | live | Monitoring... NSE=₹257.74 BSE=₹257.85 Spread=₹0.11
2025-12-09 10:31:16 | INFO | live | Monitoring... NSE=₹161.64 BSE=₹161.75 Spread=₹0.11
2025-12-09 10:31:21 | INFO | live | Monitoring... NSE=₹257.84 BSE=₹257.75 Spread=₹0.09
2025-12-09 10:31:26 | INFO | live | Monitoring... NSE=₹257.84 BSE=₹257.75 Spread=₹0.09
2025-12-09 10:31:31 | INFO | live | Monitoring... NSE=₹258.02 BSE=₹257.75 Spread=₹0.27
2025-12-09 10:31:36 | INFO | live | Monitoring... NSE=₹257.91 BSE=₹257.75 Spread=₹0.16
2025-12-09 10:31:41 | INFO | live | Monitoring... NSE=₹257.95 BSE=₹257.75 Spread=₹0.20
2025-12-09 10:31:46 | INFO | live | Monitoring... NSE=₹257.86 BSE=₹257.90 Spread=₹0.04
2025-12-09 10:31:51 | INFO | live | Monitoring... NSE=₹161.41 BSE=₹161.45 Spread=₹0.04
2025-12-09 10:31:56 | INFO | live | Monitoring... NSE=₹161.36 BSE=₹161.45 Spread=₹0.09
2025-12-09 10:32:01 | INFO | live | Monitoring... NSE=₹257.90 BSE=₹257.95 Spread=₹0.05
2025-12-09 10:32:06 | INFO | live | Monitoring... NSE=₹161.46 BSE=₹161.40 Spread=₹0.06
2025-12-09 10:32:11 | INFO | live | Monitoring... NSE=₹257.86 BSE=₹257.95 Spread=₹0.09
2025-12-09 10:32:16 | INFO | live | Monitoring... NSE=₹257.82 BSE=₹257.65 Spread=₹0.17
2025-12-09 10:32:21 | INFO | live | Monitoring... NSE=₹257.75 BSE=₹257.65 Spread=₹0.10
2025-12-09 10:32:26 | INFO | live | Monitoring... NSE=₹257.70 BSE=₹257.65 Spread=₹0.05
2025-12-09 10:32:31 | INFO | live | Monitoring... NSE=₹257.70 BSE=₹257.60 Spread=₹0.10
2025-12-09 10:32:36 | INFO | live | Monitoring... NSE=₹161.35 BSE=₹161.30 Spread=₹0.05
2025-12-09 10:32:41 | INFO | live | Monitoring... NSE=₹161.36 BSE=₹161.30 Spread=₹0.06
2025-12-09 10:32:46 | INFO | live | Monitoring... NSE=₹257.56 BSE=₹257.60 Spread=₹0.04
2025-12-09 10:32:51 | INFO | live | Monitoring... NSE=₹257.68 BSE=₹257.60 Spread=₹0.08
2025-12-09 10:32:56 | INFO | live | Monitoring... NSE=₹257.65 BSE=₹257.60 Spread=₹0.05
2025-12-09 10:33:01 | INFO | live | Monitoring... NSE=₹257.58 BSE=₹257.50 Spread=₹0.08
2025-12-09 10:33:06 | INFO | live | Monitoring... NSE=₹257.66 BSE=₹257.50 Spread=₹0.16
2025-12-09 10:33:11 | INFO | live | Monitoring... NSE=₹257.65 BSE=₹257.50 Spread=₹0.15
2025-12-09 10:33:16 | INFO | live | Monitoring... NSE=₹257.65 BSE=₹257.50 Spread=₹0.15
2025-12-09 10:33:21 | INFO | live | Monitoring... NSE=₹257.64 BSE=₹257.50 Spread=₹0.14
2025-12-09 10:33:26 | INFO | live | Monitoring... NSE=₹257.60 BSE=₹257.70 Spread=₹0.10
2025-12-09 10:33:31 | INFO | live | Monitoring... NSE=₹257.62 BSE=₹257.70 Spread=₹0.08
2025-12-09 10:33:36 | INFO | live | Monitoring... NSE=₹257.64 BSE=₹257.70 Spread=₹0.06
2025-12-09 10:33:41 | INFO | live | Monitoring... NSE=₹161.38 BSE=₹161.45 Spread=₹0.07
2025-12-09 10:33:46 | INFO | live | Monitoring... NSE=₹257.63 BSE=₹257.70 Spread=₹0.07
2025-12-09 10:33:51 | INFO | live | Monitoring... NSE=₹257.64 BSE=₹257.70 Spread=₹0.06
2025-12-09 10:33:56 | INFO | live | Monitoring... NSE=₹257.56 BSE=₹257.70 Spread=₹0.14
2025-12-09 10:34:01 | INFO | live | Monitoring... NSE=₹257.53 BSE=₹257.70 Spread=₹0.17
2025-12-09 10:34:06 | INFO | live | Monitoring... NSE=₹257.50 BSE=₹257.70 Spread=₹0.20
2025-12-09 10:34:11 | INFO | live | Monitoring... NSE=₹257.53 BSE=₹257.70 Spread=₹0.17
2025-12-09 10:34:17 | INFO | live | Monitoring... NSE=₹161.20 BSE=₹161.15 Spread=₹0.05
2025-12-09 10:34:22 | INFO | live | Monitoring... NSE=₹161.18 BSE=₹161.25 Spread=₹0.07
2025-12-09 10:34:27 | INFO | live | Monitoring... NSE=₹257.42 BSE=₹257.50 Spread=₹0.08
2025-12-09 10:34:32 | INFO | live | Monitoring... NSE=₹161.18 BSE=₹161.25 Spread=₹0.07
2025-12-09 10:34:37 | INFO | live | Monitoring... NSE=₹161.18 BSE=₹161.25 Spread=₹0.07
2025-12-09 10:34:42 | INFO | live | Monitoring... NSE=₹257.43 BSE=₹257.50 Spread=₹0.07
2025-12-09 10:34:47 | INFO | live | Monitoring... NSE=₹257.43 BSE=₹257.50 Spread=₹0.07
2025-12-09 10:34:52 | INFO | live | Monitoring... NSE=₹257.43 BSE=₹257.50 Spread=₹0.07
2025-12-09 10:34:57 | INFO | live | Monitoring... NSE=₹161.12 BSE=₹161.15 Spread=₹0.03
2025-12-09 10:35:02 | INFO | live | Monitoring... NSE=₹257.43 BSE=₹257.50 Spread=₹0.07
2025-12-09 10:35:07 | INFO | live | Monitoring... NSE=₹161.09 BSE=₹161.05 Spread=₹0.04
2025-12-09 10:35:12 | INFO | live | Monitoring... NSE=₹257.44 BSE=₹257.50 Spread=₹0.06
2025-12-09 10:35:17 | INFO | live | Monitoring... NSE=₹257.38 BSE=₹257.50 Spread=₹0.12
2025-12-09 10:35:22 | INFO | live | Monitoring... NSE=₹257.40 BSE=₹257.50 Spread=₹0.10
2025-12-09 10:35:27 | INFO | live | Monitoring... NSE=₹257.28 BSE=₹257.40 Spread=₹0.12
2025-12-09 10:35:32 | INFO | live | Monitoring... NSE=₹257.38 BSE=₹257.25 Spread=₹0.13
2025-12-09 10:35:37 | INFO | live | Monitoring... NSE=₹257.38 BSE=₹257.25 Spread=₹0.13
2025-12-09 10:35:42 | INFO | live | Monitoring... NSE=₹257.38 BSE=₹257.25 Spread=₹0.13
2025-12-09 10:35:47 | INFO | live | Monitoring... NSE=₹257.35 BSE=₹257.25 Spread=₹0.10
2025-12-09 10:35:52 | INFO | live | Monitoring... NSE=₹257.27 BSE=₹257.25 Spread=₹0.02
2025-12-09 10:35:57 | INFO | live | Monitoring... NSE=₹257.34 BSE=₹257.25 Spread=₹0.09
2025-12-09 10:36:02 | INFO | live | Monitoring... NSE=₹257.30 BSE=₹257.40 Spread=₹0.10
2025-12-09 10:36:07 | INFO | live | Monitoring... NSE=₹257.30 BSE=₹257.40 Spread=₹0.10
2025-12-09 10:36:12 | INFO | live | Monitoring... NSE=₹257.28 BSE=₹257.40 Spread=₹0.12
2025-12-09 10:36:17 | INFO | live | Monitoring... NSE=₹257.23 BSE=₹257.30 Spread=₹0.07
2025-12-09 10:36:22 | INFO | live | Monitoring... NSE=₹161.00 BSE=₹160.95 Spread=₹0.05
2025-12-09 10:36:27 | INFO | live | Monitoring... NSE=₹257.30 BSE=₹257.20 Spread=₹0.10
2025-12-09 10:36:32 | INFO | live | Monitoring... NSE=₹257.30 BSE=₹257.20 Spread=₹0.10
2025-12-09 10:36:37 | INFO | live | Monitoring... NSE=₹257.46 BSE=₹257.20 Spread=₹0.26
2025-12-09 10:36:42 | INFO | live | Monitoring... NSE=₹161.11 BSE=₹161.15 Spread=₹0.04
2025-12-09 10:36:47 | INFO | live | Monitoring... NSE=₹257.62 BSE=₹257.50 Spread=₹0.12
2025-12-09 10:36:52 | INFO | live | Monitoring... NSE=₹161.19 BSE=₹161.10 Spread=₹0.09
2025-12-09 10:36:57 | INFO | live | Monitoring... NSE=₹161.18 BSE=₹161.10 Spread=₹0.08
2025-12-09 10:37:02 | INFO | live | Monitoring... NSE=₹161.20 BSE=₹161.10 Spread=₹0.10
2025-12-09 10:37:07 | INFO | live | Monitoring... NSE=₹257.58 BSE=₹257.70 Spread=₹0.12
2025-12-09 10:37:12 | INFO | live | Monitoring... NSE=₹257.51 BSE=₹257.70 Spread=₹0.19
2025-12-09 10:37:17 | INFO | live | Monitoring... NSE=₹257.48 BSE=₹257.70 Spread=₹0.22
2025-12-09 10:37:22 | INFO | live | Monitoring... NSE=₹257.43 BSE=₹257.50 Spread=₹0.07
2025-12-09 10:37:27 | INFO | live | Monitoring... NSE=₹257.44 BSE=₹257.50 Spread=₹0.06
2025-12-09 10:37:32 | INFO | live | Monitoring... NSE=₹161.05 BSE=₹161.10 Spread=₹0.05
2025-12-09 10:37:37 | INFO | live | Monitoring... NSE=₹161.05 BSE=₹161.00 Spread=₹0.05
2025-12-09 10:37:42 | INFO | live | Monitoring... NSE=₹257.57 BSE=₹257.50 Spread=₹0.07
2025-12-09 10:37:47 | INFO | live | Monitoring... NSE=₹257.57 BSE=₹257.50 Spread=₹0.07
2025-12-09 10:37:52 | INFO | live | Monitoring... NSE=₹257.57 BSE=₹257.50 Spread=₹0.07
2025-12-09 10:37:57 | INFO | live | Monitoring... NSE=₹257.51 BSE=₹257.65 Spread=₹0.14
2025-12-09 10:38:02 | INFO | live | Monitoring... NSE=₹257.44 BSE=₹257.65 Spread=₹0.21
2025-12-09 10:38:07 | INFO | live | Monitoring... NSE=₹160.95 BSE=₹161.00 Spread=₹0.05
2025-12-09 10:38:12 | INFO | live | Monitoring... NSE=₹160.95 BSE=₹161.00 Spread=₹0.05
2025-12-09 10:38:17 | INFO | live | Monitoring... NSE=₹257.48 BSE=₹257.50 Spread=₹0.02
2025-12-09 10:38:22 | INFO | live | Monitoring... NSE=₹257.58 BSE=₹257.40 Spread=₹0.18
2025-12-09 10:38:27 | INFO | live | Monitoring... NSE=₹257.51 BSE=₹257.40 Spread=₹0.11
2025-12-09 10:38:32 | INFO | live | Monitoring... NSE=₹257.49 BSE=₹257.40 Spread=₹0.09
2025-12-09 10:38:37 | INFO | live | Monitoring... NSE=₹257.50 BSE=₹257.40 Spread=₹0.10
2025-12-09 10:38:42 | INFO | live | Monitoring... NSE=₹257.58 BSE=₹257.40 Spread=₹0.18
2025-12-09 10:38:47 | INFO | live | Monitoring... NSE=₹257.49 BSE=₹257.55 Spread=₹0.06
2025-12-09 10:38:52 | INFO | live | Monitoring... NSE=₹257.40 BSE=₹257.55 Spread=₹0.15
2025-12-09 10:38:57 | INFO | live | Monitoring... NSE=₹161.06 BSE=₹161.15 Spread=₹0.09
2025-12-09 10:39:02 | INFO | live | Monitoring... NSE=₹257.41 BSE=₹257.55 Spread=₹0.14
2025-12-09 10:39:07 | INFO | live | Monitoring... NSE=₹257.40 BSE=₹257.50 Spread=₹0.10
2025-12-09 10:39:12 | INFO | live | Monitoring... NSE=₹257.46 BSE=₹257.50 Spread=₹0.04
2025-12-09 10:39:17 | INFO | live | Monitoring... NSE=₹257.43 BSE=₹257.50 Spread=₹0.07
2025-12-09 10:39:22 | INFO | live | Monitoring... NSE=₹257.34 BSE=₹257.15 Spread=₹0.19
2025-12-09 10:39:27 | INFO | live | Monitoring... NSE=₹161.09 BSE=₹161.15 Spread=₹0.06
2025-12-09 10:39:32 | INFO | live | Monitoring... NSE=₹161.09 BSE=₹161.15 Spread=₹0.06
2025-12-09 10:39:37 | INFO | live | Monitoring... NSE=₹257.30 BSE=₹257.40 Spread=₹0.10
2025-12-09 10:39:42 | INFO | live | Monitoring... NSE=₹257.35 BSE=₹257.40 Spread=₹0.05
2025-12-09 10:39:47 | INFO | live | Monitoring... NSE=₹257.30 BSE=₹257.20 Spread=₹0.10
2025-12-09 10:39:52 | INFO | live | Monitoring... NSE=₹257.40 BSE=₹257.20 Spread=₹0.20
2025-12-09 10:39:57 | INFO | live | Monitoring... NSE=₹257.45 BSE=₹257.20 Spread=₹0.25
2025-12-09 10:40:02 | INFO | live | Monitoring... NSE=₹257.48 BSE=₹257.20 Spread=₹0.28
2025-12-09 10:40:07 | INFO | live | Monitoring... NSE=₹161.19 BSE=₹161.15 Spread=₹0.04
2025-12-09 10:40:12 | INFO | live | Monitoring... NSE=₹161.20 BSE=₹161.25 Spread=₹0.05
2025-12-09 10:40:17 | INFO | live | Monitoring... NSE=₹257.43 BSE=₹257.50 Spread=₹0.07
2025-12-09 10:40:22 | INFO | live | Monitoring... NSE=₹161.24 BSE=₹161.15 Spread=₹0.09
2025-12-09 10:40:27 | INFO | live | Monitoring... NSE=₹161.24 BSE=₹161.25 Spread=₹0.01
2025-12-09 10:40:32 | INFO | live | Monitoring... NSE=₹257.48 BSE=₹257.50 Spread=₹0.02
2025-12-09 10:40:37 | INFO | live | Monitoring... NSE=₹161.26 BSE=₹161.40 Spread=₹0.14
2025-12-09 10:40:42 | INFO | live | Monitoring... NSE=₹257.48 BSE=₹257.50 Spread=₹0.02
2025-12-09 10:40:47 | INFO | live | Monitoring... NSE=₹161.21 BSE=₹161.25 Spread=₹0.04
2025-12-09 10:40:52 | INFO | live | Monitoring... NSE=₹161.24 BSE=₹161.30 Spread=₹0.06
2025-12-09 10:40:57 | INFO | live | Monitoring... NSE=₹161.21 BSE=₹161.30 Spread=₹0.09
2025-12-09 10:41:02 | INFO | live | Monitoring... NSE=₹257.35 BSE=₹257.45 Spread=₹0.10
2025-12-09 10:41:07 | INFO | live | Monitoring... NSE=₹161.17 BSE=₹161.20 Spread=₹0.03
2025-12-09 10:41:12 | INFO | live | Monitoring... NSE=₹161.18 BSE=₹161.20 Spread=₹0.02
2025-12-09 10:41:17 | INFO | live | Monitoring... NSE=₹257.44 BSE=₹257.45 Spread=₹0.01
2025-12-09 10:41:22 | INFO | live | Monitoring... NSE=₹161.10 BSE=₹161.15 Spread=₹0.05
2025-12-09 10:41:27 | INFO | live | Monitoring... NSE=₹257.45 BSE=₹257.50 Spread=₹0.05
2025-12-09 10:41:32 | INFO | live | Monitoring... NSE=₹161.05 BSE=₹161.10 Spread=₹0.05
2025-12-09 10:41:37 | INFO | live | Monitoring... NSE=₹161.09 BSE=₹161.15 Spread=₹0.06
2025-12-09 10:41:42 | INFO | live | Monitoring... NSE=₹257.55 BSE=₹257.60 Spread=₹0.05
2025-12-09 10:41:47 | INFO | live | Monitoring... NSE=₹257.55 BSE=₹257.60 Spread=₹0.05
2025-12-09 10:41:52 | INFO | live | Monitoring... NSE=₹257.54 BSE=₹257.60 Spread=₹0.06
2025-12-09 10:41:57 | INFO | live | Monitoring... NSE=₹257.50 BSE=₹257.60 Spread=₹0.10
2025-12-09 10:42:02 | INFO | live | Monitoring... NSE=₹257.47 BSE=₹257.60 Spread=₹0.13
2025-12-09 10:42:07 | INFO | live | Monitoring... NSE=₹257.47 BSE=₹257.60 Spread=₹0.13
2025-12-09 10:42:12 | INFO | live | Monitoring... NSE=₹161.17 BSE=₹161.20 Spread=₹0.03
2025-12-09 10:42:17 | INFO | live | Monitoring... NSE=₹257.39 BSE=₹257.50 Spread=₹0.11
2025-12-09 10:42:22 | INFO | live | Monitoring... NSE=₹257.45 BSE=₹257.30 Spread=₹0.15
2025-12-09 10:42:27 | INFO | live | Monitoring... NSE=₹257.45 BSE=₹257.30 Spread=₹0.15
2025-12-09 10:42:32 | INFO | live | Monitoring... NSE=₹257.45 BSE=₹257.30 Spread=₹0.15
2025-12-09 10:42:37 | INFO | live | Monitoring... NSE=₹257.45 BSE=₹257.30 Spread=₹0.15
2025-12-09 10:42:42 | INFO | live | Monitoring... NSE=₹257.44 BSE=₹257.30 Spread=₹0.14
2025-12-09 10:42:47 | INFO | live | Monitoring... NSE=₹257.44 BSE=₹257.50 Spread=₹0.06
2025-12-09 10:42:52 | INFO | live | Monitoring... NSE=₹257.41 BSE=₹257.30 Spread=₹0.11
2025-12-09 10:42:57 | INFO | live | Monitoring... NSE=₹257.40 BSE=₹257.30 Spread=₹0.10
2025-12-09 10:43:02 | INFO | live | Monitoring... NSE=₹257.58 BSE=₹257.45 Spread=₹0.13
2025-12-09 10:43:07 | INFO | live | Monitoring... NSE=₹257.63 BSE=₹257.55 Spread=₹0.08
2025-12-09 10:43:12 | INFO | live | Monitoring... NSE=₹257.68 BSE=₹257.55 Spread=₹0.13
2025-12-09 10:43:17 | INFO | live | Monitoring... NSE=₹161.20 BSE=₹161.10 Spread=₹0.10
2025-12-09 10:43:22 | INFO | live | Monitoring... NSE=₹161.19 BSE=₹161.10 Spread=₹0.09
2025-12-09 10:43:27 | INFO | live | Monitoring... NSE=₹161.21 BSE=₹161.25 Spread=₹0.04
2025-12-09 10:43:32 | INFO | live | Monitoring... NSE=₹257.56 BSE=₹257.45 Spread=₹0.11
2025-12-09 10:43:37 | INFO | live | Monitoring... NSE=₹257.55 BSE=₹257.45 Spread=₹0.10
2025-12-09 10:43:42 | INFO | live | Monitoring... NSE=₹161.19 BSE=₹161.25 Spread=₹0.06
2025-12-09 10:43:47 | INFO | live | Monitoring... NSE=₹161.20 BSE=₹161.25 Spread=₹0.05
2025-12-09 10:43:52 | INFO | live | Monitoring... NSE=₹257.49 BSE=₹257.55 Spread=₹0.06
2025-12-09 10:43:57 | INFO | live | Monitoring... NSE=₹161.22 BSE=₹161.25 Spread=₹0.03
2025-12-09 10:44:02 | INFO | live | Monitoring... NSE=₹257.44 BSE=₹257.50 Spread=₹0.06
2025-12-09 10:44:07 | INFO | live | Monitoring... NSE=₹257.60 BSE=₹257.50 Spread=₹0.10
2025-12-09 10:44:13 | INFO | live | Monitoring... NSE=₹257.68 BSE=₹257.50 Spread=₹0.18
2025-12-09 10:44:18 | INFO | live | Monitoring... NSE=₹257.67 BSE=₹257.70 Spread=₹0.03
2025-12-09 10:44:23 | INFO | live | Monitoring... NSE=₹161.22 BSE=₹161.20 Spread=₹0.02
2025-12-09 10:44:28 | INFO | live | Monitoring... NSE=₹257.65 BSE=₹257.70 Spread=₹0.05
2025-12-09 10:44:33 | INFO | live | Monitoring... NSE=₹161.21 BSE=₹161.30 Spread=₹0.09
2025-12-09 10:44:38 | INFO | live | Monitoring... NSE=₹161.20 BSE=₹161.30 Spread=₹0.10
2025-12-09 10:44:43 | INFO | live | Monitoring... NSE=₹257.55 BSE=₹257.65 Spread=₹0.10
2025-12-09 10:44:48 | INFO | live | Monitoring... NSE=₹161.20 BSE=₹161.25 Spread=₹0.05
2025-12-09 10:44:53 | INFO | live | Monitoring... NSE=₹161.19 BSE=₹161.25 Spread=₹0.06
2025-12-09 10:44:58 | INFO | live | Monitoring... NSE=₹161.19 BSE=₹161.25 Spread=₹0.06
2025-12-09 10:45:03 | INFO | live | Monitoring... NSE=₹257.58 BSE=₹257.40 Spread=₹0.18
2025-12-09 10:45:08 | INFO | live | Monitoring... NSE=₹257.55 BSE=₹257.40 Spread=₹0.15
2025-12-09 10:45:13 | INFO | live | Monitoring... NSE=₹257.55 BSE=₹257.40 Spread=₹0.15
2025-12-09 10:45:18 | INFO | live | Monitoring... NSE=₹257.50 BSE=₹257.40 Spread=₹0.10
2025-12-09 10:45:23 | INFO | live | Monitoring... NSE=₹257.45 BSE=₹257.40 Spread=₹0.05
2025-12-09 10:45:28 | INFO | live | Monitoring... NSE=₹161.19 BSE=₹161.15 Spread=₹0.04
2025-12-09 10:45:33 | INFO | live | Monitoring... NSE=₹257.53 BSE=₹257.55 Spread=₹0.02
2025-12-09 10:45:38 | INFO | live | Monitoring... NSE=₹161.18 BSE=₹161.00 Spread=₹0.18
2025-12-09 10:45:43 | INFO | live | Monitoring... NSE=₹161.17 BSE=₹161.00 Spread=₹0.17
2025-12-09 10:45:48 | INFO | live | Monitoring... NSE=₹257.50 BSE=₹257.55 Spread=₹0.05
2025-12-09 10:45:53 | INFO | live | Monitoring... NSE=₹257.50 BSE=₹257.35 Spread=₹0.15
2025-12-09 10:45:58 | INFO | live | Monitoring... NSE=₹257.50 BSE=₹257.55 Spread=₹0.05
2025-12-09 10:46:03 | INFO | live | Monitoring... NSE=₹257.48 BSE=₹257.30 Spread=₹0.18
2025-12-09 10:46:08 | INFO | live | Monitoring... NSE=₹257.41 BSE=₹257.30 Spread=₹0.11
2025-12-09 10:46:13 | INFO | live | Monitoring... NSE=₹257.42 BSE=₹257.50 Spread=₹0.08
2025-12-09 10:46:18 | INFO | live | Monitoring... NSE=₹257.46 BSE=₹257.50 Spread=₹0.04
2025-12-09 10:46:23 | INFO | live | Monitoring... NSE=₹257.46 BSE=₹257.50 Spread=₹0.04
2025-12-09 10:46:28 | INFO | live | Monitoring... NSE=₹257.45 BSE=₹257.30 Spread=₹0.15
2025-12-09 10:46:33 | INFO | live | Monitoring... NSE=₹257.40 BSE=₹257.50 Spread=₹0.10
2025-12-09 10:46:38 | INFO | live | Monitoring... NSE=₹161.05 BSE=₹161.20 Spread=₹0.15
2025-12-09 10:46:43 | INFO | live | Monitoring... NSE=₹257.42 BSE=₹257.50 Spread=₹0.08
2025-12-09 10:46:48 | INFO | live | Monitoring... NSE=₹257.45 BSE=₹257.50 Spread=₹0.05
2025-12-09 10:46:53 | INFO | live | Monitoring... NSE=₹257.42 BSE=₹257.30 Spread=₹0.12
2025-12-09 10:46:58 | INFO | live | Monitoring... NSE=₹257.48 BSE=₹257.35 Spread=₹0.13
2025-12-09 10:47:03 | INFO | live | Monitoring... NSE=₹257.49 BSE=₹257.35 Spread=₹0.14
2025-12-09 10:47:08 | INFO | live | Monitoring... NSE=₹257.55 BSE=₹257.65 Spread=₹0.10
2025-12-09 10:47:13 | INFO | live | Monitoring... NSE=₹257.48 BSE=₹257.65 Spread=₹0.17
2025-12-09 10:47:18 | INFO | live | Monitoring... NSE=₹257.56 BSE=₹257.65 Spread=₹0.09
2025-12-09 10:47:23 | INFO | live | Monitoring... NSE=₹257.52 BSE=₹257.65 Spread=₹0.13
2025-12-09 10:47:28 | INFO | live | Monitoring... NSE=₹257.49 BSE=₹257.65 Spread=₹0.16
2025-12-09 10:47:33 | INFO | live | Monitoring... NSE=₹257.52 BSE=₹257.65 Spread=₹0.13
2025-12-09 10:47:38 | INFO | live | Monitoring... NSE=₹257.48 BSE=₹257.65 Spread=₹0.17
2025-12-09 10:47:43 | INFO | live | Monitoring... NSE=₹257.52 BSE=₹257.65 Spread=₹0.13
2025-12-09 10:47:48 | INFO | live | Monitoring... NSE=₹161.20 BSE=₹161.25 Spread=₹0.05
2025-12-09 10:47:53 | INFO | live | Monitoring... NSE=₹257.45 BSE=₹257.50 Spread=₹0.05
2025-12-09 10:47:58 | INFO | live | Monitoring... NSE=₹257.42 BSE=₹257.50 Spread=₹0.08
2025-12-09 10:48:03 | INFO | live | Monitoring... NSE=₹257.42 BSE=₹257.50 Spread=₹0.08
2025-12-09 10:48:08 | INFO | live | Monitoring... (waiting for data)
2025-12-09 10:48:13 | INFO | live | Monitoring... NSE=₹257.50 BSE=₹257.35 Spread=₹0.15
2025-12-09 10:48:18 | INFO | live | Monitoring... NSE=₹161.19 BSE=₹161.20 Spread=₹0.01
2025-12-09 10:48:23 | INFO | live | Monitoring... NSE=₹161.19 BSE=₹161.20 Spread=₹0.01
2025-12-09 10:48:28 | INFO | live | Monitoring... NSE=₹257.45 BSE=₹257.50 Spread=₹0.05
2025-12-09 10:48:33 | INFO | live | Monitoring... NSE=₹257.45 BSE=₹257.50 Spread=₹0.05
2025-12-09 10:48:38 | INFO | live | Monitoring... NSE=₹257.45 BSE=₹257.50 Spread=₹0.05
2025-12-09 10:48:43 | INFO | live | Monitoring... NSE=₹161.18 BSE=₹161.20 Spread=₹0.02
2025-12-09 10:48:48 | INFO | live | Monitoring... NSE=₹257.45 BSE=₹257.50 Spread=₹0.05
2025-12-09 10:48:53 | INFO | live | Monitoring... NSE=₹161.19 BSE=₹161.15 Spread=₹0.04
2025-12-09 10:48:58 | INFO | live | Monitoring... NSE=₹257.47 BSE=₹257.50 Spread=₹0.03
2025-12-09 10:49:03 | INFO | live | Monitoring... NSE=₹257.46 BSE=₹257.50 Spread=₹0.04
2025-12-09 10:49:08 | INFO | live | Monitoring... NSE=₹161.25 BSE=₹161.10 Spread=₹0.15
2025-12-09 10:49:13 | INFO | live | Monitoring... NSE=₹161.20 BSE=₹161.10 Spread=₹0.10
2025-12-09 10:49:18 | INFO | live | Monitoring... NSE=₹161.20 BSE=₹161.25 Spread=₹0.05
2025-12-09 10:49:23 | INFO | live | Monitoring... NSE=₹161.19 BSE=₹161.25 Spread=₹0.06
2025-12-09 10:49:28 | INFO | live | Monitoring... NSE=₹161.22 BSE=₹161.25 Spread=₹0.03
2025-12-09 10:49:33 | INFO | live | Monitoring... NSE=₹161.22 BSE=₹161.25 Spread=₹0.03
2025-12-09 10:49:38 | INFO | live | Monitoring... NSE=₹257.66 BSE=₹257.55 Spread=₹0.11
2025-12-09 10:49:43 | INFO | live | Monitoring... NSE=₹257.66 BSE=₹257.55 Spread=₹0.11
2025-12-09 10:49:48 | INFO | live | Monitoring... NSE=₹257.63 BSE=₹257.55 Spread=₹0.08
2025-12-09 10:49:53 | INFO | live | Monitoring... NSE=₹257.65 BSE=₹257.55 Spread=₹0.10
2025-12-09 10:49:58 | INFO | live | Monitoring... NSE=₹161.22 BSE=₹161.25 Spread=₹0.03
2025-12-09 10:50:03 | INFO | live | Monitoring... NSE=₹161.20 BSE=₹161.25 Spread=₹0.05
2025-12-09 10:50:08 | INFO | live | Monitoring... NSE=₹257.55 BSE=₹257.65 Spread=₹0.10
2025-12-09 10:50:13 | INFO | live | Monitoring... NSE=₹257.55 BSE=₹257.65 Spread=₹0.10
2025-12-09 10:50:18 | INFO | live | Monitoring... NSE=₹257.57 BSE=₹257.65 Spread=₹0.08
2025-12-09 10:50:23 | INFO | live | Monitoring... NSE=₹161.16 BSE=₹161.20 Spread=₹0.04
2025-12-09 10:50:28 | INFO | live | Monitoring... NSE=₹161.12 BSE=₹161.20 Spread=₹0.08
2025-12-09 10:50:33 | INFO | live | Monitoring... NSE=₹161.11 BSE=₹161.20 Spread=₹0.09
2025-12-09 10:50:38 | INFO | live | Monitoring... NSE=₹161.12 BSE=₹161.20 Spread=₹0.08
2025-12-09 10:50:43 | INFO | live | Monitoring... NSE=₹257.56 BSE=₹257.60 Spread=₹0.04
2025-12-09 10:50:48 | INFO | live | Monitoring... NSE=₹257.55 BSE=₹257.60 Spread=₹0.05
2025-12-09 10:50:53 | INFO | live | Monitoring... NSE=₹257.51 BSE=₹257.60 Spread=₹0.09
2025-12-09 10:50:58 | INFO | live | Monitoring... NSE=₹257.52 BSE=₹257.60 Spread=₹0.08
2025-12-09 10:51:03 | INFO | live | Monitoring... NSE=₹257.52 BSE=₹257.60 Spread=₹0.08
2025-12-09 10:51:08 | INFO | live | Monitoring... NSE=₹257.52 BSE=₹257.60 Spread=₹0.08
2025-12-09 10:51:13 | INFO | live | Monitoring... NSE=₹257.52 BSE=₹257.60 Spread=₹0.08
2025-12-09 10:51:18 | INFO | live | Monitoring... NSE=₹257.47 BSE=₹257.60 Spread=₹0.13
2025-12-09 10:51:23 | INFO | live | Monitoring... NSE=₹161.14 BSE=₹161.20 Spread=₹0.06
2025-12-09 10:51:28 | INFO | live | Monitoring... NSE=₹257.45 BSE=₹257.50 Spread=₹0.05
2025-12-09 10:51:33 | INFO | live | Monitoring... NSE=₹257.45 BSE=₹257.50 Spread=₹0.05
2025-12-09 10:51:38 | INFO | live | Monitoring... NSE=₹257.45 BSE=₹257.50 Spread=₹0.05
2025-12-09 10:51:43 | INFO | live | Monitoring... NSE=₹257.40 BSE=₹257.50 Spread=₹0.10
2025-12-09 10:51:48 | INFO | live | Monitoring... NSE=₹257.45 BSE=₹257.50 Spread=₹0.05
2025-12-09 10:51:53 | INFO | live | Monitoring... NSE=₹257.40 BSE=₹257.50 Spread=₹0.10
2025-12-09 10:51:58 | INFO | live | Monitoring... NSE=₹161.12 BSE=₹161.05 Spread=₹0.07
2025-12-09 10:52:03 | INFO | live | Monitoring... NSE=₹161.12 BSE=₹161.05 Spread=₹0.07
2025-12-09 10:52:08 | INFO | live | Monitoring... NSE=₹161.13 BSE=₹161.05 Spread=₹0.08
2025-12-09 10:52:13 | INFO | live | Monitoring... NSE=₹257.48 BSE=₹257.35 Spread=₹0.13
2025-12-09 10:52:18 | INFO | live | Monitoring... NSE=₹161.17 BSE=₹161.05 Spread=₹0.12
2025-12-09 10:52:23 | INFO | live | Monitoring... NSE=₹161.16 BSE=₹161.05 Spread=₹0.11
2025-12-09 10:52:28 | INFO | live | Monitoring... NSE=₹161.16 BSE=₹161.05 Spread=₹0.11
2025-12-09 10:52:33 | INFO | live | Monitoring... NSE=₹161.16 BSE=₹161.05 Spread=₹0.11
2025-12-09 10:52:38 | INFO | live | Monitoring... NSE=₹161.17 BSE=₹161.05 Spread=₹0.12
2025-12-09 10:52:44 | INFO | live | Monitoring... NSE=₹257.44 BSE=₹257.30 Spread=₹0.14
2025-12-09 10:52:49 | INFO | live | Monitoring... NSE=₹161.17 BSE=₹161.05 Spread=₹0.12
2025-12-09 10:52:54 | INFO | live | Monitoring... NSE=₹161.17 BSE=₹161.05 Spread=₹0.12
2025-12-09 10:52:59 | INFO | live | Monitoring... NSE=₹161.17 BSE=₹161.05 Spread=₹0.12
2025-12-09 10:53:04 | INFO | live | Monitoring... NSE=₹161.16 BSE=₹161.20 Spread=₹0.04
2025-12-09 10:53:09 | INFO | live | Monitoring... NSE=₹161.16 BSE=₹161.20 Spread=₹0.04
2025-12-09 10:53:14 | INFO | live | Monitoring... NSE=₹161.16 BSE=₹161.20 Spread=₹0.04
2025-12-09 10:53:19 | INFO | live | Monitoring... NSE=₹257.35 BSE=₹257.40 Spread=₹0.05
2025-12-09 10:53:24 | INFO | live | Monitoring... NSE=₹257.38 BSE=₹257.40 Spread=₹0.02
2025-12-09 10:53:29 | INFO | live | Monitoring... NSE=₹161.16 BSE=₹161.15 Spread=₹0.01
2025-12-09 11:01:41 | INFO | main | Authenticating with Angel One SmartAPI...
2025-12-09 11:01:41 | INFO | auth | Authentication successful
2025-12-09 11:01:41 | INFO | main | Authentication successful. Starting bot...
2025-12-09 11:01:41 | INFO | main | Using watchlist: ['TATASTEEL', 'WIPRO']
2025-12-09 11:01:41 | INFO | data_feed | Starting Angel One WebSocket feed for ['TATASTEEL', 'WIPRO']
2025-12-09 11:01:41 | INFO | data_feed | Fetching instrument master data for 2 symbols...
2025-12-09 11:01:41 | WARNING | data_feed | Could not fetch from master data. Using manual token lookup.
2025-12-09 11:01:41 | INFO | data_feed | Resolved 4 instrument tokens
2025-12-09 11:01:41 | INFO | live | Monitoring... (waiting for data)
2025-12-09 11:01:42 | INFO | data_feed | WebSocket connected. Subscribing to 4 instruments
2025-12-09 11:01:58 | INFO | main | Authenticating with Angel One SmartAPI...
2025-12-09 11:01:59 | INFO | auth | Authentication successful
2025-12-09 11:01:59 | INFO | main | Authentication successful. Starting bot...
2025-12-09 11:01:59 | INFO | main | Using watchlist: ['TATASTEEL', 'WIPRO']
2025-12-09 11:01:59 | INFO | data_feed | Starting Angel One WebSocket feed for ['TATASTEEL', 'WIPRO']
2025-12-09 11:01:59 | INFO | data_feed | Fetching instrument master data for 2 symbols...
2025-12-09 11:01:59 | WARNING | data_feed | Could not fetch from master data. Using manual token lookup.
2025-12-09 11:01:59 | INFO | data_feed | Resolved 4 instrument tokens
2025-12-09 11:01:59 | INFO | live | Monitoring... (waiting for data)
2025-12-09 11:01:59 | INFO | data_feed | WebSocket connected. Subscribing to 4 instruments
2025-12-09 11:18:53 | INFO | main | Authenticating with Angel One SmartAPI...
2025-12-09 11:18:53 | INFO | auth | Authentication successful
2025-12-09 11:18:53 | INFO | main | Authentication successful. Starting bot...
2025-12-09 11:18:53 | INFO | main | Using watchlist: ['SBIN', 'RELIANCE']
2025-12-09 11:18:53 | INFO | data_feed | Starting Angel One WebSocket feed for ['SBIN', 'RELIANCE']
2025-12-09 11:18:53 | INFO | data_feed | Fetching instrument master data for 2 symbols...
2025-12-09 11:18:53 | WARNING | data_feed | Could not fetch from master data. Using manual token lookup.
2025-12-09 11:18:53 | INFO | data_feed | Resolved 4 instrument tokens
2025-12-09 11:18:53 | INFO | live | Monitoring... (waiting for data)
2025-12-09 11:18:54 | INFO | data_feed | WebSocket connected. Subscribing to 4 instruments
2025-12-09 11:18:58 | INFO | live | Monitoring... NSE=₹962.45 BSE=₹962.70 Spread=₹0.25
2025-12-09 11:19:03 | INFO | live | Monitoring... NSE=₹962.55 BSE=₹962.70 Spread=₹0.15
2025-12-09 11:19:08 | INFO | live | Monitoring... NSE=₹962.55 BSE=₹962.70 Spread=₹0.15
2025-12-09 11:19:13 | INFO | live | Monitoring... NSE=₹962.50 BSE=₹962.70 Spread=₹0.20
2025-12-09 11:19:18 | INFO | live | Monitoring... NSE=₹962.45 BSE=₹962.75 Spread=₹0.30
2025-12-09 11:19:23 | INFO | live | Monitoring... NSE=₹962.35 BSE=₹962.70 Spread=₹0.35
2025-12-09 11:19:28 | INFO | live | Monitoring... NSE=₹962.35 BSE=₹962.70 Spread=₹0.35
2025-12-09 11:19:33 | INFO | live | Monitoring... NSE=₹962.40 BSE=₹962.70 Spread=₹0.30
2025-12-09 11:19:38 | INFO | live | Monitoring... NSE=₹962.50 BSE=₹962.70 Spread=₹0.20
2025-12-09 11:19:43 | INFO | live | Monitoring... NSE=₹962.45 BSE=₹962.70 Spread=₹0.25
2025-12-09 11:19:48 | INFO | live | Monitoring... NSE=₹962.35 BSE=₹962.70 Spread=₹0.35
2025-12-09 11:19:53 | INFO | live | Monitoring... NSE=₹962.25 BSE=₹962.70 Spread=₹0.45
2025-12-09 11:19:58 | INFO | live | Monitoring... NSE=₹962.45 BSE=₹962.70 Spread=₹0.25
2025-12-09 11:20:03 | INFO | live | Monitoring... NSE=₹962.20 BSE=₹962.70 Spread=₹0.50
2025-12-09 11:20:08 | INFO | live | Monitoring... NSE=₹962.50 BSE=₹962.60 Spread=₹0.10
2025-12-09 11:20:14 | INFO | live | Monitoring... NSE=₹962.15 BSE=₹962.60 Spread=₹0.45
2025-12-09 11:20:19 | INFO | live | Monitoring... NSE=₹962.20 BSE=₹962.60 Spread=₹0.40
2025-12-09 11:20:24 | INFO | live | Monitoring... NSE=₹962.40 BSE=₹962.60 Spread=₹0.20
2025-12-09 11:20:29 | INFO | live | Monitoring... NSE=₹1531.30 BSE=₹1531.40 Spread=₹0.10
2025-12-09 11:20:34 | INFO | live | Monitoring... NSE=₹1530.50 BSE=₹1531.35 Spread=₹0.85
2025-12-09 11:20:39 | INFO | live | Monitoring... NSE=₹1530.50 BSE=₹1531.35 Spread=₹0.85
2025-12-09 11:20:44 | INFO | live | Monitoring... NSE=₹962.35 BSE=₹962.70 Spread=₹0.35
2025-12-09 11:20:49 | INFO | live | Monitoring... NSE=₹962.40 BSE=₹962.70 Spread=₹0.30
2025-12-09 11:20:54 | INFO | live | Monitoring... NSE=₹962.35 BSE=₹962.65 Spread=₹0.30
2025-12-09 11:20:59 | INFO | live | Monitoring... NSE=₹962.40 BSE=₹962.65 Spread=₹0.25
2025-12-09 11:21:04 | INFO | live | Monitoring... NSE=₹1530.90 BSE=₹1531.10 Spread=₹0.20
2025-12-09 11:21:09 | INFO | live | Monitoring... NSE=₹962.15 BSE=₹962.45 Spread=₹0.30
2025-12-09 11:21:14 | INFO | live | Monitoring... NSE=₹1531.30 BSE=₹1531.10 Spread=₹0.20
2025-12-09 11:21:19 | INFO | live | Monitoring... NSE=₹1531.30 BSE=₹1531.10 Spread=₹0.20
2025-12-09 11:21:24 | INFO | live | Monitoring... NSE=₹1531.20 BSE=₹1531.10 Spread=₹0.10
2025-12-09 11:21:29 | INFO | live | Monitoring... NSE=₹1530.50 BSE=₹1530.90 Spread=₹0.40
2025-12-09 11:21:34 | INFO | live | Monitoring... NSE=₹1530.40 BSE=₹1530.90 Spread=₹0.50
2025-12-09 11:21:39 | INFO | live | Monitoring... NSE=₹1530.50 BSE=₹1530.90 Spread=₹0.40
2025-12-09 11:21:44 | INFO | live | Monitoring... NSE=₹1530.20 BSE=₹1530.90 Spread=₹0.70
2025-12-09 11:21:49 | INFO | live | Monitoring... NSE=₹1530.60 BSE=₹1530.90 Spread=₹0.30
2025-12-09 11:21:54 | INFO | live | Monitoring... NSE=₹1530.30 BSE=₹1530.90 Spread=₹0.60
2025-12-09 11:21:59 | INFO | live | Monitoring... NSE=₹1530.30 BSE=₹1530.90 Spread=₹0.60
2025-12-09 11:22:04 | INFO | live | Monitoring... NSE=₹1530.60 BSE=₹1530.25 Spread=₹0.35
2025-12-09 11:22:09 | INFO | live | Monitoring... NSE=₹962.15 BSE=₹962.45 Spread=₹0.30
2025-12-09 11:22:14 | INFO | live | Monitoring... NSE=₹962.15 BSE=₹962.45 Spread=₹0.30
2025-12-09 11:22:19 | INFO | live | Monitoring... NSE=₹962.15 BSE=₹962.55 Spread=₹0.40
2025-12-09 11:22:24 | INFO | live | Monitoring... NSE=₹962.30 BSE=₹962.55 Spread=₹0.25
2025-12-09 11:22:29 | INFO | live | Monitoring... NSE=₹962.25 BSE=₹962.55 Spread=₹0.30
2025-12-09 11:22:34 | INFO | live | Monitoring... NSE=₹962.45 BSE=₹962.55 Spread=₹0.10
2025-12-09 11:22:39 | INFO | live | Monitoring... NSE=₹962.40 BSE=₹962.55 Spread=₹0.15
2025-12-09 11:22:44 | INFO | live | Monitoring... NSE=₹962.30 BSE=₹962.55 Spread=₹0.25
2025-12-09 11:22:49 | INFO | live | Monitoring... NSE=₹962.40 BSE=₹962.25 Spread=₹0.15
2025-12-09 11:22:54 | INFO | live | Monitoring... NSE=₹962.40 BSE=₹962.25 Spread=₹0.15
2025-12-09 11:22:59 | INFO | live | Monitoring... NSE=₹962.40 BSE=₹962.70 Spread=₹0.30
2025-12-09 11:23:04 | INFO | live | Monitoring... NSE=₹962.35 BSE=₹962.70 Spread=₹0.35
2025-12-09 11:23:09 | INFO | live | Monitoring... NSE=₹962.35 BSE=₹962.65 Spread=₹0.30
2025-12-09 11:23:14 | INFO | live | Monitoring... NSE=₹961.80 BSE=₹962.10 Spread=₹0.30
2025-12-09 11:23:19 | INFO | live | Monitoring... NSE=₹961.95 BSE=₹961.75 Spread=₹0.20
2025-12-09 11:23:24 | INFO | live | Monitoring... NSE=₹961.95 BSE=₹962.30 Spread=₹0.35
2025-12-09 11:23:29 | INFO | live | Monitoring... NSE=₹961.85 BSE=₹962.30 Spread=₹0.45
2025-12-09 11:23:34 | INFO | live | Monitoring... NSE=₹1530.30 BSE=₹1530.20 Spread=₹0.10
2025-12-09 11:23:39 | INFO | live | Monitoring... NSE=₹1530.30 BSE=₹1530.60 Spread=₹0.30
2025-12-09 11:23:44 | INFO | live | Monitoring... NSE=₹1530.30 BSE=₹1530.60 Spread=₹0.30
2025-12-09 11:23:49 | INFO | live | Monitoring... NSE=₹1530.40 BSE=₹1530.25 Spread=₹0.15
2025-12-09 11:23:54 | INFO | live | Monitoring... NSE=₹1530.40 BSE=₹1530.25 Spread=₹0.15
2025-12-09 11:23:59 | INFO | live | Monitoring... NSE=₹1530.40 BSE=₹1530.25 Spread=₹0.15
2025-12-09 11:24:04 | INFO | live | Monitoring... NSE=₹1530.40 BSE=₹1530.25 Spread=₹0.15
2025-12-09 11:24:09 | INFO | live | Monitoring... NSE=₹961.10 BSE=₹961.25 Spread=₹0.15
2025-12-09 11:24:14 | INFO | live | Monitoring... NSE=₹1530.40 BSE=₹1530.60 Spread=₹0.20
2025-12-09 11:24:19 | INFO | live | Monitoring... NSE=₹960.90 BSE=₹960.70 Spread=₹0.20
2025-12-09 11:24:24 | INFO | live | Monitoring... NSE=₹1530.20 BSE=₹1530.60 Spread=₹0.40
2025-12-09 11:24:29 | INFO | live | Monitoring... NSE=₹1530.20 BSE=₹1530.60 Spread=₹0.40
2025-12-09 11:24:34 | INFO | live | Monitoring... NSE=₹960.65 BSE=₹960.75 Spread=₹0.10
2025-12-09 11:24:39 | INFO | live | Monitoring... NSE=₹960.60 BSE=₹960.90 Spread=₹0.30
2025-12-09 11:24:44 | INFO | live | Monitoring... NSE=₹1530.20 BSE=₹1530.60 Spread=₹0.40
2025-12-09 11:24:49 | INFO | live | Monitoring... NSE=₹1530.40 BSE=₹1530.60 Spread=₹0.20
2025-12-09 11:24:54 | INFO | live | Monitoring... NSE=₹960.60 BSE=₹960.40 Spread=₹0.20
2025-12-09 11:24:59 | INFO | live | Monitoring... NSE=₹960.55 BSE=₹960.85 Spread=₹0.30
2025-12-09 11:25:04 | INFO | live | Monitoring... NSE=₹960.55 BSE=₹960.90 Spread=₹0.35
2025-12-09 11:25:09 | INFO | live | Monitoring... NSE=₹961.10 BSE=₹960.90 Spread=₹0.20
2025-12-09 11:25:14 | INFO | live | Monitoring... NSE=₹960.80 BSE=₹960.90 Spread=₹0.10
2025-12-09 11:25:19 | INFO | live | Monitoring... NSE=₹961.10 BSE=₹960.70 Spread=₹0.40
2025-12-09 11:25:24 | INFO | live | Monitoring... NSE=₹1530.40 BSE=₹1530.50 Spread=₹0.10
2025-12-09 11:25:29 | INFO | live | Monitoring... NSE=₹1530.50 BSE=₹1530.60 Spread=₹0.10
2025-12-09 11:25:34 | INFO | live | Monitoring... NSE=₹961.15 BSE=₹960.85 Spread=₹0.30
2025-12-09 11:25:39 | INFO | live | Monitoring... NSE=₹961.15 BSE=₹960.85 Spread=₹0.30
2025-12-09 11:25:44 | INFO | live | Monitoring... NSE=₹1530.50 BSE=₹1530.70 Spread=₹0.20
2025-12-09 11:25:49 | INFO | live | Monitoring... NSE=₹1530.50 BSE=₹1530.70 Spread=₹0.20
2025-12-09 11:25:54 | INFO | live | Monitoring... NSE=₹1530.50 BSE=₹1530.70 Spread=₹0.20
2025-12-09 11:25:59 | INFO | live | Monitoring... NSE=₹960.70 BSE=₹960.85 Spread=₹0.15
2025-12-09 11:26:04 | INFO | live | Monitoring... NSE=₹1530.50 BSE=₹1530.70 Spread=₹0.20
2025-12-09 11:26:09 | INFO | live | Monitoring... NSE=₹1530.60 BSE=₹1530.70 Spread=₹0.10
2025-12-09 11:26:14 | INFO | live | Monitoring... NSE=₹1530.50 BSE=₹1530.70 Spread=₹0.20
2025-12-09 11:26:19 | INFO | live | Monitoring... NSE=₹961.00 BSE=₹960.85 Spread=₹0.15
2025-12-09 11:26:24 | INFO | live | Monitoring... NSE=₹960.90 BSE=₹960.55 Spread=₹0.35
2025-12-09 11:26:29 | INFO | live | Monitoring... NSE=₹960.90 BSE=₹960.55 Spread=₹0.35
2025-12-09 11:26:34 | INFO | live | Monitoring... NSE=₹1530.50 BSE=₹1530.30 Spread=₹0.20
2025-12-09 11:26:39 | INFO | live | Monitoring... NSE=₹960.75 BSE=₹960.55 Spread=₹0.20
2025-12-09 11:26:44 | INFO | live | Monitoring... NSE=₹960.90 BSE=₹960.55 Spread=₹0.35
2025-12-09 11:26:49 | INFO | live | Monitoring... NSE=₹960.75 BSE=₹960.85 Spread=₹0.10
2025-12-09 11:26:54 | INFO | live | Monitoring... NSE=₹960.90 BSE=₹960.55 Spread=₹0.35
2025-12-09 11:26:59 | INFO | live | Monitoring... NSE=₹960.90 BSE=₹960.55 Spread=₹0.35
2025-12-09 11:27:04 | INFO | live | Monitoring... NSE=₹1530.50 BSE=₹1530.20 Spread=₹0.30
2025-12-09 11:27:09 | INFO | live | Monitoring... NSE=₹1530.20 BSE=₹1530.35 Spread=₹0.15
2025-12-09 11:27:14 | INFO | live | Monitoring... NSE=₹1530.10 BSE=₹1530.40 Spread=₹0.30
2025-12-09 11:27:19 | INFO | live | Monitoring... NSE=₹960.20 BSE=₹960.00 Spread=₹0.20
2025-12-09 11:27:24 | INFO | live | Monitoring... NSE=₹960.15 BSE=₹960.20 Spread=₹0.05
2025-12-09 11:27:29 | INFO | live | Monitoring... NSE=₹1530.20 BSE=₹1530.10 Spread=₹0.10
2025-12-09 11:27:34 | INFO | live | Monitoring... NSE=₹1529.80 BSE=₹1530.10 Spread=₹0.30
2025-12-09 11:27:39 | INFO | live | Monitoring... NSE=₹1530.20 BSE=₹1530.10 Spread=₹0.10
2025-12-09 11:27:44 | INFO | live | Monitoring... NSE=₹1530.00 BSE=₹1530.20 Spread=₹0.20
2025-12-09 11:27:49 | INFO | live | Monitoring... NSE=₹960.00 BSE=₹960.20 Spread=₹0.20
2025-12-09 11:27:54 | INFO | live | Monitoring... NSE=₹1529.70 BSE=₹1530.10 Spread=₹0.40
2025-12-09 11:27:59 | INFO | live | Monitoring... NSE=₹1529.50 BSE=₹1529.30 Spread=₹0.20
2025-12-09 11:28:04 | INFO | live | Monitoring... NSE=₹1529.60 BSE=₹1529.35 Spread=₹0.25
2025-12-09 11:28:09 | INFO | live | Monitoring... NSE=₹1529.90 BSE=₹1529.35 Spread=₹0.55
2025-12-09 11:28:14 | INFO | live | Monitoring... NSE=₹1529.80 BSE=₹1529.90 Spread=₹0.10
2025-12-09 11:28:19 | INFO | live | Monitoring... NSE=₹1529.80 BSE=₹1529.50 Spread=₹0.30
2025-12-09 11:28:24 | INFO | live | Monitoring... NSE=₹1529.80 BSE=₹1529.50 Spread=₹0.30
2025-12-09 11:28:29 | INFO | live | Monitoring... NSE=₹1529.90 BSE=₹1529.50 Spread=₹0.40
2025-12-09 11:28:34 | INFO | live | Monitoring... NSE=₹960.10 BSE=₹960.20 Spread=₹0.10
2025-12-09 11:28:39 | INFO | live | Monitoring... NSE=₹1529.60 BSE=₹1529.50 Spread=₹0.10
2025-12-09 11:28:44 | INFO | live | Monitoring... NSE=₹1529.70 BSE=₹1529.50 Spread=₹0.20
2025-12-09 11:28:49 | INFO | live | Monitoring... NSE=₹960.50 BSE=₹960.20 Spread=₹0.30
2025-12-09 11:28:54 | INFO | live | Monitoring... NSE=₹960.50 BSE=₹960.20 Spread=₹0.30
2025-12-09 11:29:00 | INFO | live | Monitoring... NSE=₹960.70 BSE=₹960.45 Spread=₹0.25
2025-12-09 11:29:05 | INFO | live | Monitoring... (waiting for data)
2025-12-09 11:29:10 | INFO | live | Monitoring... NSE=₹1530.00 BSE=₹1530.10 Spread=₹0.10
2025-12-09 11:29:15 | INFO | live | Monitoring... NSE=₹1530.00 BSE=₹1529.70 Spread=₹0.30
2025-12-09 11:29:20 | INFO | live | Monitoring... NSE=₹960.35 BSE=₹960.75 Spread=₹0.40
2025-12-09 11:29:25 | INFO | live | Monitoring... NSE=₹960.40 BSE=₹960.75 Spread=₹0.35
2025-12-09 11:29:30 | INFO | live | Monitoring... NSE=₹960.35 BSE=₹960.75 Spread=₹0.40
2025-12-09 11:29:35 | INFO | live | Monitoring... NSE=₹960.50 BSE=₹960.75 Spread=₹0.25
2025-12-09 11:29:40 | INFO | live | Monitoring... NSE=₹960.40 BSE=₹960.75 Spread=₹0.35
2025-12-09 11:29:45 | INFO | live | Monitoring... NSE=₹960.65 BSE=₹960.75 Spread=₹0.10
2025-12-09 11:29:50 | INFO | live | Monitoring... NSE=₹960.15 BSE=₹960.75 Spread=₹0.60
2025-12-09 11:29:55 | INFO | live | Monitoring... NSE=₹960.35 BSE=₹960.25 Spread=₹0.10
2025-12-09 11:30:00 | INFO | live | Monitoring... NSE=₹1531.00 BSE=₹1530.90 Spread=₹0.10
2025-12-09 11:30:05 | INFO | live | Monitoring... NSE=₹1531.20 BSE=₹1531.00 Spread=₹0.20
2025-12-09 11:30:10 | INFO | live | Monitoring... NSE=₹1531.00 BSE=₹1531.60 Spread=₹0.60
2025-12-09 11:30:15 | INFO | live | Monitoring... NSE=₹960.40 BSE=₹960.70 Spread=₹0.30
2025-12-09 11:30:20 | INFO | live | Monitoring... NSE=₹1531.20 BSE=₹1531.60 Spread=₹0.40
2025-12-09 11:30:25 | INFO | live | Monitoring... NSE=₹960.45 BSE=₹960.70 Spread=₹0.25
2025-12-09 11:30:30 | INFO | live | Monitoring... NSE=₹1531.40 BSE=₹1531.80 Spread=₹0.40
2025-12-09 11:30:35 | INFO | live | Monitoring... (waiting for data)
2025-12-09 11:30:40 | INFO | live | Monitoring... NSE=₹1531.30 BSE=₹1531.95 Spread=₹0.65
2025-12-09 11:30:45 | INFO | live | Monitoring... NSE=₹1531.20 BSE=₹1531.60 Spread=₹0.40
2025-12-09 11:30:50 | INFO | live | Monitoring... NSE=₹960.00 BSE=₹960.45 Spread=₹0.45
2025-12-09 11:30:55 | INFO | live | Monitoring... NSE=₹1531.10 BSE=₹1531.60 Spread=₹0.50
2025-12-09 11:31:00 | INFO | live | Monitoring... NSE=₹960.10 BSE=₹960.30 Spread=₹0.20
2025-12-09 11:31:05 | INFO | live | Monitoring... NSE=₹960.10 BSE=₹960.30 Spread=₹0.20
2025-12-09 11:31:10 | INFO | live | Monitoring... NSE=₹960.10 BSE=₹960.30 Spread=₹0.20
2025-12-09 11:31:15 | INFO | live | Monitoring... NSE=₹959.75 BSE=₹960.05 Spread=₹0.30
2025-12-09 11:31:20 | INFO | live | Monitoring... NSE=₹960.00 BSE=₹960.30 Spread=₹0.30
2025-12-09 11:31:25 | INFO | live | Monitoring... NSE=₹960.05 BSE=₹959.80 Spread=₹0.25
2025-12-09 11:31:30 | INFO | live | Monitoring... NSE=₹1531.40 BSE=₹1530.85 Spread=₹0.55
2025-12-09 11:31:35 | INFO | live | Monitoring... NSE=₹960.05 BSE=₹959.90 Spread=₹0.15
2025-12-09 11:31:40 | INFO | live | Monitoring... NSE=₹1531.30 BSE=₹1531.75 Spread=₹0.45
2025-12-09 11:31:45 | INFO | live | Monitoring... NSE=₹1531.30 BSE=₹1531.60 Spread=₹0.30
2025-12-09 11:31:50 | INFO | live | Monitoring... NSE=₹1531.10 BSE=₹1531.60 Spread=₹0.50
2025-12-09 11:31:55 | INFO | live | Monitoring... NSE=₹1531.10 BSE=₹1531.60 Spread=₹0.50
2025-12-09 11:32:00 | INFO | live | Monitoring... NSE=₹1531.20 BSE=₹1531.00 Spread=₹0.20
2025-12-09 11:32:05 | INFO | live | Monitoring... NSE=₹960.05 BSE=₹959.90 Spread=₹0.15
2025-12-09 11:32:10 | INFO | live | Monitoring... NSE=₹1531.20 BSE=₹1531.00 Spread=₹0.20
2025-12-09 11:32:15 | INFO | live | Monitoring... NSE=₹960.30 BSE=₹960.50 Spread=₹0.20
2025-12-09 11:32:20 | INFO | live | Monitoring... NSE=₹960.25 BSE=₹960.00 Spread=₹0.25
2025-12-09 11:32:25 | INFO | live | Monitoring... NSE=₹1532.10 BSE=₹1531.75 Spread=₹0.35
2025-12-09 11:32:30 | INFO | live | Monitoring... NSE=₹960.35 BSE=₹960.55 Spread=₹0.20
2025-12-09 11:32:35 | INFO | live | Monitoring... NSE=₹960.60 BSE=₹960.35 Spread=₹0.25
2025-12-09 11:32:40 | INFO | live | Monitoring... NSE=₹1531.60 BSE=₹1531.45 Spread=₹0.15
2025-12-09 11:32:45 | INFO | live | Monitoring... NSE=₹960.30 BSE=₹959.95 Spread=₹0.35
2025-12-09 11:32:50 | INFO | live | Monitoring... NSE=₹960.60 BSE=₹960.20 Spread=₹0.40
2025-12-09 11:32:55 | INFO | live | Monitoring... NSE=₹960.70 BSE=₹960.80 Spread=₹0.10
2025-12-09 11:33:00 | INFO | live | Monitoring... NSE=₹960.55 BSE=₹960.80 Spread=₹0.25
2025-12-09 11:33:05 | INFO | live | Monitoring... NSE=₹960.60 BSE=₹960.40 Spread=₹0.20
2025-12-09 11:33:10 | INFO | live | Monitoring... NSE=₹960.20 BSE=₹960.50 Spread=₹0.30
2025-12-09 11:33:15 | INFO | live | Monitoring... NSE=₹960.15 BSE=₹960.10 Spread=₹0.05
2025-12-09 11:33:20 | INFO | live | Monitoring... NSE=₹960.15 BSE=₹960.10 Spread=₹0.05
2025-12-09 11:33:25 | INFO | live | Monitoring... NSE=₹960.15 BSE=₹960.50 Spread=₹0.35
2025-12-09 11:33:30 | INFO | live | Monitoring... NSE=₹960.35 BSE=₹960.10 Spread=₹0.25
2025-12-09 11:33:35 | INFO | live | Monitoring... NSE=₹1532.20 BSE=₹1532.40 Spread=₹0.20
2025-12-09 11:33:40 | INFO | live | Monitoring... NSE=₹960.15 BSE=₹960.30 Spread=₹0.15
2025-12-09 11:33:45 | INFO | live | Monitoring... NSE=₹960.15 BSE=₹960.00 Spread=₹0.15
2025-12-09 11:33:50 | INFO | live | Monitoring... NSE=₹960.00 BSE=₹960.30 Spread=₹0.30
2025-12-09 11:33:55 | INFO | live | Monitoring... NSE=₹960.15 BSE=₹960.00 Spread=₹0.15
2025-12-09 11:34:00 | INFO | live | Monitoring... NSE=₹960.15 BSE=₹960.30 Spread=₹0.15
2025-12-09 11:34:05 | INFO | live | Monitoring... (waiting for data)
2025-12-09 11:34:10 | INFO | live | Monitoring... NSE=₹960.15 BSE=₹960.00 Spread=₹0.15
2025-12-09 11:34:15 | INFO | live | Monitoring... NSE=₹960.00 BSE=₹960.15 Spread=₹0.15
2025-12-09 11:34:20 | INFO | live | Monitoring... NSE=₹960.30 BSE=₹960.15 Spread=₹0.15
2025-12-09 11:34:25 | INFO | live | Monitoring... NSE=₹960.50 BSE=₹960.65 Spread=₹0.15
2025-12-09 11:34:30 | INFO | live | Monitoring... NSE=₹960.30 BSE=₹960.55 Spread=₹0.25
2025-12-09 11:34:35 | INFO | live | Monitoring... NSE=₹1532.20 BSE=₹1532.40 Spread=₹0.20
2025-12-09 11:34:40 | INFO | live | Monitoring... NSE=₹960.20 BSE=₹960.55 Spread=₹0.35
2025-12-09 11:34:45 | INFO | live | Monitoring... NSE=₹960.25 BSE=₹960.10 Spread=₹0.15
2025-12-09 11:34:50 | INFO | live | Monitoring... NSE=₹960.30 BSE=₹960.55 Spread=₹0.25
2025-12-09 11:34:55 | INFO | live | Monitoring... NSE=₹960.25 BSE=₹960.55 Spread=₹0.30
2025-12-09 11:35:00 | INFO | live | Monitoring... NSE=₹960.10 BSE=₹960.55 Spread=₹0.45
2025-12-09 11:35:05 | INFO | live | Monitoring... NSE=₹960.10 BSE=₹960.55 Spread=₹0.45
2025-12-09 11:35:10 | INFO | live | Monitoring... NSE=₹1532.50 BSE=₹1532.60 Spread=₹0.10
2025-12-09 11:35:15 | INFO | live | Monitoring... NSE=₹960.30 BSE=₹960.50 Spread=₹0.20
2025-12-09 11:35:20 | INFO | live | Monitoring... NSE=₹960.20 BSE=₹960.05 Spread=₹0.15
2025-12-09 11:35:25 | INFO | live | Monitoring... NSE=₹960.10 BSE=₹960.05 Spread=₹0.05
2025-12-09 11:35:30 | INFO | live | Monitoring... NSE=₹960.10 BSE=₹960.40 Spread=₹0.30
2025-12-09 11:35:35 | INFO | live | Monitoring... NSE=₹1532.70 BSE=₹1532.60 Spread=₹0.10
2025-12-09 11:35:40 | INFO | live | Monitoring... NSE=₹1532.30 BSE=₹1532.60 Spread=₹0.30
2025-12-09 11:35:45 | INFO | live | Monitoring... NSE=₹960.05 BSE=₹959.90 Spread=₹0.15
2025-12-09 11:35:50 | INFO | live | Monitoring... NSE=₹960.15 BSE=₹960.00 Spread=₹0.15
2025-12-09 11:35:55 | INFO | live | Monitoring... NSE=₹1531.80 BSE=₹1532.30 Spread=₹0.50
2025-12-09 11:36:00 | INFO | live | Monitoring... NSE=₹1531.80 BSE=₹1532.25 Spread=₹0.45
2025-12-09 11:36:05 | INFO | live | Monitoring... NSE=₹1531.80 BSE=₹1532.25 Spread=₹0.45
2025-12-09 11:36:10 | INFO | live | Monitoring... NSE=₹960.05 BSE=₹960.30 Spread=₹0.25
2025-12-09 11:36:15 | INFO | live | Monitoring... NSE=₹1531.80 BSE=₹1532.00 Spread=₹0.20
2025-12-09 11:36:20 | INFO | live | Monitoring... NSE=₹1531.80 BSE=₹1532.00 Spread=₹0.20
2025-12-09 11:36:25 | INFO | live | Monitoring... NSE=₹1531.70 BSE=₹1532.00 Spread=₹0.30
2025-12-09 11:36:30 | INFO | live | Monitoring... NSE=₹1531.70 BSE=₹1532.00 Spread=₹0.30
2025-12-09 11:36:35 | INFO | live | Monitoring... NSE=₹960.50 BSE=₹960.45 Spread=₹0.05
2025-12-09 11:36:40 | INFO | live | Monitoring... NSE=₹1531.80 BSE=₹1531.60 Spread=₹0.20
2025-12-09 11:36:45 | INFO | live | Monitoring... NSE=₹960.20 BSE=₹960.50 Spread=₹0.30
2025-12-09 11:36:50 | INFO | live | Monitoring... NSE=₹960.20 BSE=₹960.00 Spread=₹0.20
2025-12-09 11:36:55 | INFO | live | Monitoring... NSE=₹1531.50 BSE=₹1531.60 Spread=₹0.10
2025-12-09 11:37:00 | INFO | live | Monitoring... NSE=₹1531.20 BSE=₹1531.60 Spread=₹0.40
2025-12-09 11:37:05 | INFO | live | Monitoring... NSE=₹960.05 BSE=₹960.35 Spread=₹0.30
2025-12-09 11:37:10 | INFO | live | Monitoring... NSE=₹960.05 BSE=₹959.85 Spread=₹0.20
2025-12-09 11:37:15 | INFO | live | Monitoring... NSE=₹960.05 BSE=₹959.85 Spread=₹0.20
2025-12-09 11:37:20 | INFO | live | Monitoring... NSE=₹960.05 BSE=₹960.35 Spread=₹0.30
2025-12-09 11:37:25 | INFO | live | Monitoring... NSE=₹960.05 BSE=₹960.35 Spread=₹0.30
2025-12-09 11:37:30 | INFO | live | Monitoring... NSE=₹1530.40 BSE=₹1530.60 Spread=₹0.20
2025-12-09 11:37:35 | INFO | live | Monitoring... NSE=₹1530.30 BSE=₹1530.60 Spread=₹0.30
2025-12-09 11:37:40 | INFO | live | Monitoring... NSE=₹960.20 BSE=₹959.90 Spread=₹0.30
2025-12-09 11:37:46 | INFO | live | Monitoring... NSE=₹960.25 BSE=₹959.95 Spread=₹0.30
2025-12-09 11:37:51 | INFO | live | Monitoring... NSE=₹960.25 BSE=₹960.45 Spread=₹0.20
2025-12-09 11:37:56 | INFO | live | Monitoring... NSE=₹960.25 BSE=₹960.45 Spread=₹0.20
2025-12-09 11:38:01 | INFO | live | Monitoring... NSE=₹960.10 BSE=₹960.40 Spread=₹0.30
2025-12-09 11:38:06 | INFO | live | Monitoring... NSE=₹960.15 BSE=₹960.45 Spread=₹0.30
2025-12-09 11:38:11 | INFO | live | Monitoring... NSE=₹960.05 BSE=₹960.45 Spread=₹0.40
2025-12-09 11:38:16 | INFO | live | Monitoring... NSE=₹960.05 BSE=₹960.35 Spread=₹0.30
2025-12-09 11:38:21 | INFO | live | Monitoring... NSE=₹960.05 BSE=₹960.35 Spread=₹0.30
2025-12-09 11:38:26 | INFO | live | Monitoring... NSE=₹960.00 BSE=₹960.35 Spread=₹0.35
2025-12-09 11:38:31 | INFO | live | Monitoring... NSE=₹1530.30 BSE=₹1530.40 Spread=₹0.10
2025-12-09 11:38:36 | INFO | live | Monitoring... NSE=₹1530.30 BSE=₹1530.40 Spread=₹0.10
2025-12-09 11:38:41 | INFO | live | Monitoring... NSE=₹1530.30 BSE=₹1530.10 Spread=₹0.20
2025-12-09 11:38:46 | INFO | live | Monitoring... NSE=₹1530.30 BSE=₹1530.10 Spread=₹0.20
2025-12-09 11:38:51 | INFO | live | Monitoring... NSE=₹1530.30 BSE=₹1530.10 Spread=₹0.20
2025-12-09 11:38:56 | INFO | live | Monitoring... NSE=₹960.15 BSE=₹960.00 Spread=₹0.15
2025-12-09 11:39:01 | INFO | live | Monitoring... NSE=₹960.25 BSE=₹960.45 Spread=₹0.20
2025-12-09 11:39:06 | INFO | live | Monitoring... NSE=₹1530.20 BSE=₹1530.40 Spread=₹0.20
2025-12-09 11:39:11 | INFO | live | Monitoring... NSE=₹960.30 BSE=₹960.05 Spread=₹0.25
2025-12-09 11:39:16 | INFO | live | Monitoring... NSE=₹960.30 BSE=₹960.45 Spread=₹0.15
2025-12-09 11:39:21 | INFO | live | Monitoring... NSE=₹960.40 BSE=₹960.45 Spread=₹0.05
2025-12-09 11:39:26 | INFO | live | Monitoring... NSE=₹960.50 BSE=₹960.45 Spread=₹0.05
2025-12-09 11:39:31 | INFO | live | Monitoring... NSE=₹960.50 BSE=₹960.25 Spread=₹0.25
2025-12-09 11:39:36 | INFO | live | Monitoring... NSE=₹960.50 BSE=₹960.25 Spread=₹0.25
2025-12-09 11:39:41 | INFO | live | Monitoring... NSE=₹1530.20 BSE=₹1530.30 Spread=₹0.10
2025-12-09 11:39:46 | INFO | live | Monitoring... NSE=₹960.40 BSE=₹960.25 Spread=₹0.15
2025-12-09 11:39:51 | INFO | live | Monitoring... (waiting for data)
2025-12-09 11:39:56 | INFO | live | Monitoring... (waiting for data)
2025-12-09 11:40:01 | INFO | live | Monitoring... NSE=₹960.80 BSE=₹960.55 Spread=₹0.25
2025-12-09 11:40:06 | INFO | live | Monitoring... NSE=₹1530.40 BSE=₹1530.30 Spread=₹0.10
2025-12-09 11:40:11 | INFO | live | Monitoring... NSE=₹1530.40 BSE=₹1530.00 Spread=₹0.40
2025-12-09 11:40:16 | INFO | live | Monitoring... NSE=₹961.05 BSE=₹960.85 Spread=₹0.20
2025-12-09 11:40:21 | INFO | live | Monitoring... NSE=₹961.05 BSE=₹960.95 Spread=₹0.10
2025-12-09 11:40:26 | INFO | live | Monitoring... NSE=₹961.05 BSE=₹961.00 Spread=₹0.05
2025-12-09 11:40:31 | INFO | live | Monitoring... (waiting for data)
2025-12-09 11:40:36 | INFO | live | Monitoring... NSE=₹960.65 BSE=₹961.00 Spread=₹0.35
2025-12-09 11:40:41 | INFO | live | Monitoring... NSE=₹960.55 BSE=₹960.40 Spread=₹0.15
2025-12-09 11:40:46 | INFO | live | Monitoring... NSE=₹960.60 BSE=₹960.40 Spread=₹0.20
2025-12-09 11:40:51 | INFO | live | Monitoring... NSE=₹1530.20 BSE=₹1530.35 Spread=₹0.15
2025-12-09 11:40:56 | INFO | live | Monitoring... NSE=₹960.50 BSE=₹960.75 Spread=₹0.25
2025-12-09 11:41:01 | INFO | live | Monitoring... NSE=₹960.40 BSE=₹960.75 Spread=₹0.35
2025-12-09 11:41:06 | INFO | live | Monitoring... NSE=₹960.50 BSE=₹960.70 Spread=₹0.20
2025-12-09 11:41:11 | INFO | live | Monitoring... NSE=₹960.35 BSE=₹960.60 Spread=₹0.25
2025-12-09 11:41:16 | INFO | live | Monitoring... NSE=₹1529.90 BSE=₹1529.50 Spread=₹0.40
2025-12-09 11:41:21 | INFO | live | Monitoring... NSE=₹1529.90 BSE=₹1529.50 Spread=₹0.40
2025-12-09 11:41:26 | INFO | live | Monitoring... NSE=₹960.30 BSE=₹960.00 Spread=₹0.30
2025-12-09 11:41:31 | INFO | live | Monitoring... NSE=₹1529.00 BSE=₹1530.00 Spread=₹1.00
2025-12-09 11:41:36 | INFO | live | Monitoring... NSE=₹1529.90 BSE=₹1529.35 Spread=₹0.55
2025-12-09 11:41:41 | INFO | live | Monitoring... NSE=₹1529.90 BSE=₹1529.50 Spread=₹0.40
2025-12-09 11:41:46 | INFO | live | Monitoring... NSE=₹960.00 BSE=₹960.45 Spread=₹0.45
2025-12-09 11:41:51 | INFO | live | Monitoring... NSE=₹1529.80 BSE=₹1530.00 Spread=₹0.20
2025-12-09 11:41:56 | INFO | live | Monitoring... NSE=₹960.25 BSE=₹960.00 Spread=₹0.25
2025-12-09 11:42:01 | INFO | live | Monitoring... NSE=₹960.20 BSE=₹960.00 Spread=₹0.20
2025-12-09 11:42:06 | INFO | live | Monitoring... NSE=₹960.25 BSE=₹960.45 Spread=₹0.20
2025-12-09 11:42:11 | INFO | live | Monitoring... NSE=₹960.20 BSE=₹960.10 Spread=₹0.10
2025-12-09 11:42:16 | INFO | live | Monitoring... NSE=₹960.20 BSE=₹960.10 Spread=₹0.10
2025-12-09 11:42:21 | INFO | live | Monitoring... NSE=₹960.20 BSE=₹960.45 Spread=₹0.25
2025-12-09 11:42:26 | INFO | live | Monitoring... NSE=₹960.25 BSE=₹960.10 Spread=₹0.15
2025-12-09 11:42:31 | INFO | live | Monitoring... NSE=₹960.30 BSE=₹960.10 Spread=₹0.20
2025-12-09 11:42:36 | INFO | live | Monitoring... NSE=₹960.10 BSE=₹960.45 Spread=₹0.35
2025-12-09 11:42:41 | INFO | live | Monitoring... NSE=₹1530.10 BSE=₹1529.55 Spread=₹0.55
2025-12-09 11:42:46 | INFO | live | Monitoring... NSE=₹960.30 BSE=₹960.00 Spread=₹0.30
2025-12-09 11:42:51 | INFO | live | Monitoring... NSE=₹960.45 BSE=₹960.40 Spread=₹0.05
2025-12-09 11:42:56 | INFO | live | Monitoring... NSE=₹960.40 BSE=₹960.70 Spread=₹0.30
2025-12-09 11:43:01 | INFO | live | Monitoring... NSE=₹1531.00 BSE=₹1530.40 Spread=₹0.60
2025-12-09 11:43:06 | INFO | live | Monitoring... NSE=₹1531.10 BSE=₹1531.00 Spread=₹0.10
2025-12-09 11:43:11 | INFO | live | Monitoring... NSE=₹960.85 BSE=₹960.50 Spread=₹0.35
2025-12-09 11:43:16 | INFO | live | Monitoring... NSE=₹960.60 BSE=₹960.90 Spread=₹0.30
2025-12-09 11:43:21 | INFO | live | Monitoring... NSE=₹960.60 BSE=₹960.90 Spread=₹0.30
2025-12-09 11:43:26 | INFO | live | Monitoring... NSE=₹960.55 BSE=₹960.90 Spread=₹0.35
2025-12-09 11:43:31 | INFO | live | Monitoring... NSE=₹960.85 BSE=₹960.90 Spread=₹0.05
2025-12-09 11:43:36 | INFO | live | Monitoring... NSE=₹1531.00 BSE=₹1530.90 Spread=₹0.10
2025-12-09 11:43:41 | INFO | live | Monitoring... NSE=₹960.80 BSE=₹960.45 Spread=₹0.35
2025-12-09 11:43:46 | INFO | live | Monitoring... NSE=₹960.55 BSE=₹960.80 Spread=₹0.25
2025-12-09 11:43:51 | INFO | live | Monitoring... NSE=₹1530.70 BSE=₹1530.95 Spread=₹0.25
2025-12-09 11:43:56 | INFO | live | Monitoring... NSE=₹1530.30 BSE=₹1530.95 Spread=₹0.65
2025-12-09 11:44:01 | INFO | live | Monitoring... NSE=₹1529.30 BSE=₹1530.00 Spread=₹0.70
2025-12-09 11:44:06 | INFO | live | Monitoring... NSE=₹1529.40 BSE=₹1528.85 Spread=₹0.55
2025-12-09 11:44:11 | INFO | live | Monitoring... NSE=₹1529.60 BSE=₹1528.85 Spread=₹0.75
2025-12-09 11:44:16 | INFO | live | Monitoring... NSE=₹1529.50 BSE=₹1528.85 Spread=₹0.65
2025-12-09 11:44:21 | INFO | live | Monitoring... NSE=₹1529.50 BSE=₹1528.85 Spread=₹0.65
2025-12-09 11:44:26 | INFO | live | Monitoring... NSE=₹960.45 BSE=₹960.25 Spread=₹0.20
2025-12-09 11:44:31 | INFO | live | Monitoring... (waiting for data)
2025-12-09 11:44:36 | INFO | live | Monitoring... NSE=₹961.05 BSE=₹961.00 Spread=₹0.05
2025-12-09 11:44:41 | INFO | live | Monitoring... NSE=₹1528.70 BSE=₹1528.85 Spread=₹0.15
2025-12-09 11:44:46 | INFO | live | Monitoring... NSE=₹1528.00 BSE=₹1528.15 Spread=₹0.15
2025-12-09 11:44:51 | INFO | live | Monitoring... NSE=₹961.00 BSE=₹961.20 Spread=₹0.20
2025-12-09 11:44:56 | INFO | live | Monitoring... (waiting for data)
2025-12-09 11:45:01 | INFO | live | Monitoring... NSE=₹1527.70 BSE=₹1527.75 Spread=₹0.05
2025-12-09 11:45:06 | INFO | live | Monitoring... NSE=₹1527.90 BSE=₹1527.75 Spread=₹0.15
2025-12-09 11:45:11 | INFO | live | Monitoring... NSE=₹1527.90 BSE=₹1527.75 Spread=₹0.15
2025-12-09 11:45:16 | INFO | live | Monitoring... NSE=₹1527.50 BSE=₹1527.75 Spread=₹0.25
2025-12-09 11:45:21 | INFO | live | Monitoring... NSE=₹1527.90 BSE=₹1527.75 Spread=₹0.15
2025-12-09 11:45:26 | INFO | live | Monitoring... NSE=₹961.05 BSE=₹961.00 Spread=₹0.05
2025-12-09 11:45:31 | INFO | live | Monitoring... NSE=₹1528.00 BSE=₹1527.75 Spread=₹0.25
2025-12-09 11:45:36 | INFO | live | Monitoring... NSE=₹961.05 BSE=₹961.00 Spread=₹0.05
2025-12-09 11:45:41 | INFO | live | Monitoring... (waiting for data)
2025-12-09 11:45:46 | INFO | live | Monitoring... NSE=₹1527.90 BSE=₹1528.10 Spread=₹0.20
2025-12-09 11:45:51 | INFO | live | Monitoring... NSE=₹1528.20 BSE=₹1528.10 Spread=₹0.10
2025-12-09 11:45:56 | INFO | live | Monitoring... NSE=₹1528.10 BSE=₹1528.20 Spread=₹0.10
2025-12-09 11:46:01 | INFO | live | Monitoring... NSE=₹1528.30 BSE=₹1528.20 Spread=₹0.10
2025-12-09 11:46:06 | INFO | live | Monitoring... NSE=₹1528.30 BSE=₹1528.20 Spread=₹0.10
2025-12-09 11:46:11 | INFO | live | Monitoring... NSE=₹960.40 BSE=₹960.65 Spread=₹0.25
2025-12-09 11:46:16 | INFO | live | Monitoring... NSE=₹1528.20 BSE=₹1528.30 Spread=₹0.10
2025-12-09 11:46:21 | INFO | live | Monitoring... NSE=₹960.70 BSE=₹960.40 Spread=₹0.30
2025-12-09 11:46:26 | INFO | live | Monitoring... NSE=₹1528.10 BSE=₹1528.40 Spread=₹0.30
2025-12-09 11:46:31 | INFO | live | Monitoring... NSE=₹1528.10 BSE=₹1528.30 Spread=₹0.20
2025-12-09 11:46:36 | INFO | live | Monitoring... NSE=₹1528.40 BSE=₹1528.30 Spread=₹0.10
2025-12-09 11:46:41 | INFO | live | Monitoring... NSE=₹1528.40 BSE=₹1528.30 Spread=₹0.10
2025-12-09 11:46:46 | INFO | live | Monitoring... NSE=₹1528.20 BSE=₹1528.40 Spread=₹0.20
2025-12-09 11:46:51 | INFO | live | Monitoring... NSE=₹1528.50 BSE=₹1528.40 Spread=₹0.10
2025-12-09 11:46:56 | INFO | live | Monitoring... NSE=₹960.70 BSE=₹960.30 Spread=₹0.40
2025-12-09 11:47:01 | INFO | live | Monitoring... NSE=₹960.65 BSE=₹961.00 Spread=₹0.35
2025-12-09 11:47:06 | INFO | live | Monitoring... NSE=₹960.50 BSE=₹960.35 Spread=₹0.15
2025-12-09 11:47:11 | INFO | live | Monitoring... NSE=₹960.45 BSE=₹960.35 Spread=₹0.10
2025-12-09 11:47:16 | INFO | live | Monitoring... NSE=₹960.50 BSE=₹960.40 Spread=₹0.10
2025-12-09 11:47:21 | INFO | live | Monitoring... NSE=₹1528.80 BSE=₹1528.60 Spread=₹0.20
2025-12-09 11:47:26 | INFO | live | Monitoring... NSE=₹1528.70 BSE=₹1528.60 Spread=₹0.10
2025-12-09 11:47:31 | INFO | live | Monitoring... NSE=₹1528.80 BSE=₹1528.60 Spread=₹0.20
2025-12-09 11:47:36 | INFO | live | Monitoring... NSE=₹1528.80 BSE=₹1528.60 Spread=₹0.20
2025-12-09 11:47:41 | INFO | live | Monitoring... NSE=₹960.50 BSE=₹960.75 Spread=₹0.25
2025-12-09 11:47:46 | INFO | live | Monitoring... NSE=₹960.30 BSE=₹960.25 Spread=₹0.05
2025-12-09 11:47:51 | INFO | live | Monitoring... NSE=₹960.45 BSE=₹960.25 Spread=₹0.20
2025-12-09 11:47:57 | INFO | live | Monitoring... NSE=₹960.05 BSE=₹960.65 Spread=₹0.60
2025-12-09 11:48:02 | INFO | live | Monitoring... NSE=₹959.95 BSE=₹960.65 Spread=₹0.70
2025-12-09 11:48:07 | INFO | live | Monitoring... NSE=₹960.00 BSE=₹960.50 Spread=₹0.50
2025-12-09 11:48:12 | INFO | live | Monitoring... NSE=₹960.00 BSE=₹960.50 Spread=₹0.50
2025-12-09 11:48:17 | INFO | live | Monitoring... NSE=₹960.00 BSE=₹960.50 Spread=₹0.50
2025-12-09 11:48:22 | INFO | live | Monitoring... NSE=₹960.35 BSE=₹960.05 Spread=₹0.30
2025-12-09 11:48:27 | INFO | live | Monitoring... NSE=₹960.30 BSE=₹960.05 Spread=₹0.25
2025-12-09 11:48:32 | INFO | live | Monitoring... NSE=₹1528.50 BSE=₹1528.30 Spread=₹0.20
2025-12-09 11:48:37 | INFO | live | Monitoring... NSE=₹960.30 BSE=₹960.55 Spread=₹0.25
2025-12-09 11:48:42 | INFO | live | Monitoring... NSE=₹960.00 BSE=₹960.25 Spread=₹0.25
2025-12-09 11:48:47 | INFO | live | Monitoring... NSE=₹960.30 BSE=₹960.00 Spread=₹0.30
2025-12-09 11:48:52 | INFO | live | Monitoring... NSE=₹1528.20 BSE=₹1528.55 Spread=₹0.35
2025-12-09 11:48:57 | INFO | live | Monitoring... NSE=₹1528.30 BSE=₹1528.55 Spread=₹0.25
2025-12-09 11:49:02 | INFO | live | Monitoring... NSE=₹960.00 BSE=₹959.95 Spread=₹0.05
2025-12-09 11:49:07 | INFO | live | Monitoring... NSE=₹960.10 BSE=₹959.95 Spread=₹0.15
2025-12-09 11:49:12 | INFO | live | Monitoring... NSE=₹960.00 BSE=₹959.95 Spread=₹0.05
2025-12-09 11:49:17 | INFO | live | Monitoring... NSE=₹1528.40 BSE=₹1528.05 Spread=₹0.35
2025-12-09 11:49:22 | INFO | live | Monitoring... NSE=₹960.00 BSE=₹959.95 Spread=₹0.05
2025-12-09 11:49:27 | INFO | live | Monitoring... NSE=₹960.00 BSE=₹959.95 Spread=₹0.05
2025-12-09 11:49:32 | INFO | live | Monitoring... NSE=₹1528.40 BSE=₹1528.00 Spread=₹0.40
2025-12-09 11:49:37 | INFO | live | Monitoring... NSE=₹959.10 BSE=₹959.50 Spread=₹0.40
2025-12-09 11:49:42 | INFO | live | Monitoring... NSE=₹959.00 BSE=₹959.20 Spread=₹0.20
2025-12-09 11:49:47 | INFO | live | Monitoring... NSE=₹958.95 BSE=₹958.90 Spread=₹0.05
2025-12-09 11:49:52 | INFO | live | Monitoring... NSE=₹958.95 BSE=₹958.60 Spread=₹0.35
2025-12-09 11:49:57 | INFO | live | Monitoring... NSE=₹1528.00 BSE=₹1528.40 Spread=₹0.40
2025-12-09 11:50:02 | INFO | live | Monitoring... NSE=₹1527.80 BSE=₹1527.55 Spread=₹0.25
2025-12-09 11:50:07 | INFO | live | Monitoring... NSE=₹958.80 BSE=₹959.00 Spread=₹0.20
2025-12-09 11:50:12 | INFO | live | Monitoring... NSE=₹958.80 BSE=₹958.70 Spread=₹0.10
2025-12-09 11:50:17 | INFO | live | Monitoring... NSE=₹1528.00 BSE=₹1528.10 Spread=₹0.10
2025-12-09 11:50:22 | INFO | live | Monitoring... NSE=₹958.90 BSE=₹959.00 Spread=₹0.10
2025-12-09 11:50:27 | INFO | live | Monitoring... NSE=₹1527.80 BSE=₹1528.10 Spread=₹0.30
2025-12-09 11:50:32 | INFO | live | Monitoring... NSE=₹1527.90 BSE=₹1528.10 Spread=₹0.20
2025-12-09 11:50:37 | INFO | live | Monitoring... NSE=₹1528.50 BSE=₹1528.10 Spread=₹0.40
2025-12-09 11:50:42 | INFO | live | Monitoring... NSE=₹1528.10 BSE=₹1528.20 Spread=₹0.10
2025-12-09 11:50:47 | INFO | live | Monitoring... NSE=₹959.35 BSE=₹959.00 Spread=₹0.35
2025-12-09 11:50:52 | INFO | live | Monitoring... NSE=₹959.75 BSE=₹959.00 Spread=₹0.75
2025-12-09 11:50:57 | INFO | live | Monitoring... NSE=₹1529.00 BSE=₹1528.10 Spread=₹0.90
2025-12-09 11:51:00 | INFO | main | Signal RELIANCE spread=1.00 buy=BSE@₹1528.10 sell=NSE@₹1529.10 qty=50
2025-12-09 11:51:00 | INFO | order_executor | Order placed NSE SELL RELIANCE qty=50 id=251209000675785
2025-12-09 11:51:00 | INFO | order_executor | Order placed BSE BUY RELIANCE qty=50 id=251209000675787
2025-12-09 11:51:02 | INFO | live | Monitoring... NSE=₹1529.10 BSE=₹1528.10 Spread=₹1.00
2025-12-09 11:51:02 | WARNING | order_executor | ⚠️ Trade INCOMPLETE: RELIANCE | Spread=₹1.00 | BUY: BSE (id=251209000675787, status=REJECTED, price=N/A) | SELL: NSE (id=251209000675785, status=REJECTED, price=N/A)
2025-12-09 11:51:02 | ERROR | order_executor | Failsafe triggered for RELIANCE: {'buy': {'result': {'order_id': '251209000675787', 'status': 'REJECTED', 'price': None}, 'leg': OrderLeg(exchange='BSE', symbol='RELIANCE', side='BUY', quantity=50, order_type='MARKET', product='INTRADAY', validity='IOC', price=0.0, trigger_price=0.0)}, 'sell': {'result': {'order_id': '251209000675785', 'status': 'REJECTED', 'price': None}, 'leg': OrderLeg(exchange='NSE', symbol='RELIANCE', side='SELL', quantity=50, order_type='MARKET', product='INTRADAY', validity='IOC', price=0.0, trigger_price=0.0)}}
2025-12-09 11:51:07 | INFO | live | Monitoring... NSE=₹1529.30 BSE=₹1528.80 Spread=₹0.50
2025-12-09 11:51:12 | INFO | live | Monitoring... NSE=₹1528.70 BSE=₹1528.80 Spread=₹0.10
2025-12-09 11:51:17 | INFO | live | Monitoring... NSE=₹959.40 BSE=₹959.70 Spread=₹0.30
2025-12-09 11:51:22 | INFO | live | Monitoring... NSE=₹959.75 BSE=₹959.45 Spread=₹0.30
2025-12-09 11:51:27 | INFO | live | Monitoring... NSE=₹959.00 BSE=₹959.55 Spread=₹0.55
2025-12-09 11:51:32 | INFO | live | Monitoring... NSE=₹959.85 BSE=₹959.55 Spread=₹0.30
2025-12-09 11:51:37 | INFO | live | Monitoring... NSE=₹960.00 BSE=₹959.65 Spread=₹0.35
2025-12-09 11:51:42 | INFO | live | Monitoring... NSE=₹1528.70 BSE=₹1528.90 Spread=₹0.20
2025-12-09 11:51:47 | INFO | live | Monitoring... NSE=₹1528.50 BSE=₹1528.90 Spread=₹0.40
2025-12-09 11:51:52 | INFO | live | Monitoring... NSE=₹959.35 BSE=₹959.75 Spread=₹0.40
2025-12-09 11:51:57 | INFO | live | Monitoring... NSE=₹1528.60 BSE=₹1528.90 Spread=₹0.30
2025-12-09 11:52:02 | INFO | live | Monitoring... NSE=₹1528.70 BSE=₹1528.90 Spread=₹0.20
2025-12-09 11:52:07 | INFO | live | Monitoring... NSE=₹1528.70 BSE=₹1528.90 Spread=₹0.20
2025-12-09 11:52:12 | INFO | live | Monitoring... NSE=₹1528.70 BSE=₹1528.80 Spread=₹0.10
2025-12-09 11:52:17 | INFO | live | Monitoring... NSE=₹959.85 BSE=₹959.55 Spread=₹0.30
2025-12-09 11:52:22 | INFO | live | Monitoring... NSE=₹1528.60 BSE=₹1529.20 Spread=₹0.60
2025-12-09 11:52:27 | INFO | live | Monitoring... NSE=₹1528.60 BSE=₹1529.20 Spread=₹0.60
2025-12-09 11:52:32 | INFO | live | Monitoring... NSE=₹1528.70 BSE=₹1529.20 Spread=₹0.50
2025-12-09 11:52:37 | INFO | live | Monitoring... NSE=₹1528.60 BSE=₹1529.20 Spread=₹0.60
2025-12-09 11:52:42 | INFO | live | Monitoring... NSE=₹1528.60 BSE=₹1529.20 Spread=₹0.60
2025-12-09 11:52:47 | INFO | live | Monitoring... NSE=₹1528.60 BSE=₹1529.20 Spread=₹0.60
2025-12-09 11:52:52 | INFO | live | Monitoring... NSE=₹1528.50 BSE=₹1529.20 Spread=₹0.70
2025-12-09 11:52:57 | INFO | live | Monitoring... NSE=₹1528.60 BSE=₹1529.20 Spread=₹0.60
2025-12-09 11:53:02 | INFO | live | Monitoring... NSE=₹1528.50 BSE=₹1529.20 Spread=₹0.70
2025-12-09 11:53:07 | INFO | live | Monitoring... (waiting for data)
2025-12-09 11:53:12 | INFO | live | Monitoring... NSE=₹959.30 BSE=₹959.50 Spread=₹0.20
2025-12-09 11:53:17 | INFO | live | Monitoring... NSE=₹959.30 BSE=₹959.50 Spread=₹0.20
2025-12-09 11:53:22 | INFO | live | Monitoring... NSE=₹959.20 BSE=₹959.50 Spread=₹0.30
2025-12-09 11:53:27 | INFO | live | Monitoring... NSE=₹959.20 BSE=₹959.50 Spread=₹0.30
2025-12-09 11:53:32 | INFO | live | Monitoring... NSE=₹959.15 BSE=₹959.50 Spread=₹0.35
2025-12-09 11:53:37 | INFO | live | Monitoring... NSE=₹959.10 BSE=₹959.50 Spread=₹0.40
2025-12-09 11:53:42 | INFO | live | Monitoring... NSE=₹1528.30 BSE=₹1528.40 Spread=₹0.10
2025-12-09 11:53:47 | INFO | live | Monitoring... NSE=₹1528.20 BSE=₹1528.40 Spread=₹0.20
2025-12-09 11:53:52 | INFO | live | Monitoring... NSE=₹1528.30 BSE=₹1528.40 Spread=₹0.10
2025-12-09 11:53:57 | INFO | live | Monitoring... NSE=₹1528.30 BSE=₹1528.40 Spread=₹0.10
2025-12-09 11:54:02 | INFO | live | Monitoring... NSE=₹959.00 BSE=₹958.80 Spread=₹0.20
2025-12-09 11:54:07 | INFO | live | Monitoring... NSE=₹1528.20 BSE=₹1528.40 Spread=₹0.20
2025-12-09 11:54:12 | INFO | live | Monitoring... NSE=₹1528.20 BSE=₹1528.40 Spread=₹0.20
2025-12-09 11:54:17 | INFO | live | Monitoring... NSE=₹1528.20 BSE=₹1528.40 Spread=₹0.20
2025-12-09 11:54:22 | INFO | live | Monitoring... NSE=₹958.55 BSE=₹958.70 Spread=₹0.15
2025-12-09 11:54:27 | INFO | live | Monitoring... NSE=₹958.50 BSE=₹958.80 Spread=₹0.30
2025-12-09 11:54:32 | INFO | live | Monitoring... NSE=₹1528.70 BSE=₹1528.40 Spread=₹0.30
2025-12-09 11:54:37 | INFO | live | Monitoring... NSE=₹1528.60 BSE=₹1528.40 Spread=₹0.20
2025-12-09 11:54:42 | INFO | live | Monitoring... NSE=₹959.00 BSE=₹958.85 Spread=₹0.15
2025-12-09 11:54:47 | INFO | live | Monitoring... NSE=₹959.05 BSE=₹958.85 Spread=₹0.20
2025-12-09 11:54:52 | INFO | live | Monitoring... NSE=₹1529.70 BSE=₹1528.80 Spread=₹0.90
2025-12-09 11:54:57 | INFO | live | Monitoring... NSE=₹1529.00 BSE=₹1528.80 Spread=₹0.20
2025-12-09 11:55:02 | INFO | live | Monitoring... NSE=₹1529.40 BSE=₹1528.80 Spread=₹0.60
2025-12-09 11:55:07 | INFO | live | Monitoring... NSE=₹1529.40 BSE=₹1528.80 Spread=₹0.60
2025-12-09 11:55:12 | INFO | live | Monitoring... NSE=₹1529.20 BSE=₹1528.80 Spread=₹0.40
2025-12-09 11:55:17 | INFO | live | Monitoring... NSE=₹1529.20 BSE=₹1528.80 Spread=₹0.40
2025-12-09 11:55:22 | INFO | live | Monitoring... NSE=₹1529.40 BSE=₹1529.50 Spread=₹0.10
2025-12-09 11:55:27 | INFO | live | Monitoring... NSE=₹959.90 BSE=₹959.95 Spread=₹0.05
2025-12-09 11:55:32 | INFO | live | Monitoring... NSE=₹959.75 BSE=₹959.60 Spread=₹0.15
2025-12-09 11:55:37 | INFO | live | Monitoring... NSE=₹959.90 BSE=₹959.60 Spread=₹0.30
2025-12-09 11:55:42 | INFO | live | Monitoring... NSE=₹959.90 BSE=₹959.60 Spread=₹0.30
2025-12-09 11:55:47 | INFO | live | Monitoring... NSE=₹959.90 BSE=₹959.65 Spread=₹0.25
2025-12-09 11:55:52 | INFO | live | Monitoring... NSE=₹959.90 BSE=₹959.65 Spread=₹0.25
2025-12-09 11:55:57 | INFO | live | Monitoring... NSE=₹1530.00 BSE=₹1530.10 Spread=₹0.10
2025-12-09 11:56:02 | INFO | live | Monitoring... (waiting for data)
2025-12-09 11:56:07 | INFO | live | Monitoring... NSE=₹960.00 BSE=₹959.70 Spread=₹0.30
2025-12-09 11:56:12 | INFO | live | Monitoring... NSE=₹960.00 BSE=₹959.70 Spread=₹0.30
2025-12-09 11:56:17 | INFO | live | Monitoring... NSE=₹1530.00 BSE=₹1530.30 Spread=₹0.30
2025-12-09 11:56:22 | INFO | live | Monitoring... NSE=₹1530.00 BSE=₹1530.30 Spread=₹0.30
2025-12-09 11:56:27 | INFO | live | Monitoring... NSE=₹1530.10 BSE=₹1530.30 Spread=₹0.20
2025-12-09 11:56:32 | INFO | live | Monitoring... NSE=₹959.95 BSE=₹959.65 Spread=₹0.30
2025-12-09 11:56:37 | INFO | live | Monitoring... NSE=₹960.15 BSE=₹960.30 Spread=₹0.15
2025-12-09 11:56:42 | INFO | live | Monitoring... NSE=₹1530.60 BSE=₹1530.40 Spread=₹0.20
2025-12-09 11:56:47 | INFO | live | Monitoring... NSE=₹1531.00 BSE=₹1530.40 Spread=₹0.60
2025-12-09 11:56:52 | INFO | live | Monitoring... NSE=₹960.20 BSE=₹960.00 Spread=₹0.20
2025-12-09 11:56:57 | INFO | live | Monitoring... NSE=₹960.20 BSE=₹960.00 Spread=₹0.20
2025-12-09 11:57:02 | INFO | live | Monitoring... NSE=₹1530.90 BSE=₹1531.25 Spread=₹0.35
2025-12-09 11:57:07 | INFO | live | Monitoring... NSE=₹1531.20 BSE=₹1531.10 Spread=₹0.10
2025-12-09 11:57:12 | INFO | live | Monitoring... NSE=₹960.35 BSE=₹960.05 Spread=₹0.30
2025-12-09 11:57:17 | INFO | live | Monitoring... NSE=₹960.50 BSE=₹960.05 Spread=₹0.45
2025-12-09 11:57:22 | INFO | live | Monitoring... NSE=₹960.45 BSE=₹960.05 Spread=₹0.40
2025-12-09 11:57:27 | INFO | live | Monitoring... NSE=₹960.60 BSE=₹960.45 Spread=₹0.15
2025-12-09 11:57:32 | INFO | live | Monitoring... NSE=₹960.95 BSE=₹960.45 Spread=₹0.50
2025-12-09 11:57:37 | INFO | live | Monitoring... NSE=₹960.95 BSE=₹961.10 Spread=₹0.15
2025-12-09 11:57:42 | INFO | live | Monitoring... NSE=₹961.00 BSE=₹961.10 Spread=₹0.10
2025-12-09 11:57:47 | INFO | live | Monitoring... NSE=₹1531.30 BSE=₹1531.60 Spread=₹0.30
2025-12-09 11:57:52 | INFO | live | Monitoring... NSE=₹1531.30 BSE=₹1531.60 Spread=₹0.30
2025-12-09 11:57:57 | INFO | live | Monitoring... NSE=₹961.00 BSE=₹960.70 Spread=₹0.30
2025-12-09 11:58:02 | INFO | live | Monitoring... NSE=₹961.00 BSE=₹960.70 Spread=₹0.30
2025-12-09 11:58:07 | INFO | live | Monitoring... NSE=₹1531.50 BSE=₹1531.60 Spread=₹0.10
2025-12-09 11:58:12 | INFO | live | Monitoring... NSE=₹961.25 BSE=₹961.00 Spread=₹0.25
2025-12-09 11:58:17 | INFO | live | Monitoring... NSE=₹961.25 BSE=₹960.90 Spread=₹0.35
2025-12-09 11:58:22 | INFO | live | Monitoring... NSE=₹1531.40 BSE=₹1531.60 Spread=₹0.20
2025-12-09 11:58:27 | INFO | live | Monitoring... NSE=₹1531.30 BSE=₹1531.60 Spread=₹0.30
2025-12-09 11:58:32 | INFO | live | Monitoring... NSE=₹1531.40 BSE=₹1531.60 Spread=₹0.20
2025-12-09 11:58:37 | INFO | live | Monitoring... NSE=₹1531.30 BSE=₹1531.60 Spread=₹0.30
2025-12-09 11:58:42 | INFO | live | Monitoring... NSE=₹1531.30 BSE=₹1531.50 Spread=₹0.20
2025-12-09 11:58:48 | INFO | live | Monitoring... NSE=₹1531.60 BSE=₹1531.40 Spread=₹0.20
2025-12-09 11:58:53 | INFO | live | Monitoring... NSE=₹960.85 BSE=₹960.95 Spread=₹0.10
2025-12-09 11:58:58 | INFO | live | Monitoring... NSE=₹960.90 BSE=₹960.60 Spread=₹0.30
2025-12-09 11:59:03 | INFO | live | Monitoring... NSE=₹960.50 BSE=₹960.60 Spread=₹0.10
2025-12-09 11:59:08 | INFO | live | Monitoring... NSE=₹960.90 BSE=₹960.60 Spread=₹0.30
