2025-12-05 09:03:08 | INFO | main | Authenticating with Angel One SmartAPI...
2025-12-05 09:03:09 | INFO | auth | Authentication successful
2025-12-05 09:03:09 | INFO | main | Authentication successful. Starting bot...
2025-12-05 09:03:09 | INFO | data_feed | Starting Angel One WebSocket feed for ['TATAMOTORS', 'ICICIBANK', 'HDFCBANK', 'SBIN', 'POWERGRID', 'INFY', 'TCS', 'BPCL']
2025-12-05 09:03:09 | INFO | data_feed | Fetching instrument master data for 8 symbols...
2025-12-05 09:03:09 | WARNING | data_feed | Could not fetch from master data. Using manual token lookup.
2025-12-05 09:03:09 | INFO | data_feed | Resolved 16 instrument tokens
2025-12-05 09:03:09 | INFO | live | Monitoring... (waiting for data)
2025-12-05 09:03:10 | INFO | data_feed | WebSocket connected. Subscribing to 16 instruments
2025-12-05 09:03:14 | INFO | live | Monitoring... NSE=₹948.10 BSE=₹948.05 Spread=₹0.05
2025-12-05 09:03:19 | INFO | live | Monitoring... NSE=₹948.10 BSE=₹948.05 Spread=₹0.05
2025-12-05 09:03:24 | INFO | live | Monitoring... NSE=₹948.10 BSE=₹948.05 Spread=₹0.05
2025-12-05 09:03:29 | INFO | live | Monitoring... NSE=₹948.10 BSE=₹948.05 Spread=₹0.05
2025-12-05 09:03:34 | INFO | live | Monitoring... NSE=₹948.10 BSE=₹948.05 Spread=₹0.05
2025-12-05 09:43:44 | INFO | main | Authenticating with Angel One SmartAPI...
2025-12-05 09:43:44 | INFO | auth | Authentication successful
2025-12-05 09:43:44 | INFO | main | Authentication successful. Starting bot...
2025-12-05 09:43:44 | INFO | data_feed | Starting Angel One WebSocket feed for ['TATAMOTORS', 'ICICIBANK', 'HDFCBANK', 'SBIN', 'POWERGRID', 'INFY', 'TCS', 'BPCL']
2025-12-05 09:43:44 | INFO | data_feed | Fetching instrument master data for 8 symbols...
2025-12-05 09:43:44 | WARNING | data_feed | Could not fetch from master data. Using manual token lookup.
2025-12-05 09:43:44 | INFO | data_feed | Resolved 16 instrument tokens
2025-12-05 09:43:44 | INFO | live | Monitoring... (waiting for data)
2025-12-05 09:43:44 | INFO | data_feed | WebSocket connected. Subscribing to 16 instruments
2025-12-05 09:43:49 | INFO | live | Monitoring... (waiting for data)
2025-12-05 09:43:54 | INFO | live | Monitoring... NSE=₹949.85 BSE=₹949.90 Spread=₹0.05
2025-12-05 09:43:59 | INFO | live | Monitoring... NSE=₹949.55 BSE=₹949.60 Spread=₹0.05
2025-12-05 09:44:04 | INFO | live | Monitoring... NSE=₹949.85 BSE=₹949.60 Spread=₹0.25
2025-12-05 09:44:09 | INFO | live | Monitoring... (waiting for data)
2025-12-05 09:44:14 | INFO | live | Monitoring... NSE=₹949.90 BSE=₹949.60 Spread=₹0.30
2025-12-05 09:44:19 | INFO | live | Monitoring... NSE=₹949.60 BSE=₹949.90 Spread=₹0.30
2025-12-05 09:44:24 | INFO | live | Monitoring... NSE=₹949.80 BSE=₹949.90 Spread=₹0.10
2025-12-05 09:44:29 | INFO | live | Monitoring... NSE=₹949.80 BSE=₹949.90 Spread=₹0.10
2025-12-05 09:44:34 | INFO | live | Monitoring... NSE=₹949.80 BSE=₹949.65 Spread=₹0.15
2025-12-05 09:44:39 | INFO | live | Monitoring... (waiting for data)
2025-12-05 09:44:44 | INFO | live | Monitoring... NSE=₹949.75 BSE=₹949.60 Spread=₹0.15
2025-12-05 09:44:49 | INFO | live | Monitoring... NSE=₹949.85 BSE=₹949.90 Spread=₹0.05
2025-12-05 09:44:54 | INFO | live | Monitoring... NSE=₹949.80 BSE=₹949.90 Spread=₹0.10
2025-12-05 09:44:59 | INFO | live | Monitoring... NSE=₹949.80 BSE=₹949.90 Spread=₹0.10
2025-12-05 09:45:04 | INFO | live | Monitoring... (waiting for data)
2025-12-05 09:45:09 | INFO | live | Monitoring... NSE=₹950.00 BSE=₹949.90 Spread=₹0.10
2025-12-05 09:45:14 | INFO | main | Signal SBIN spread=0.40 buy=NSE@₹949.90 sell=BSE@₹950.30 qty=50
2025-12-05 09:45:14 | INFO | live | Monitoring... NSE=₹949.90 BSE=₹950.30 Spread=₹0.40
2025-12-05 09:45:15 | INFO | order_executor | Order placed NSE BUY SBIN qty=50 id=251205000125579
2025-12-05 09:45:15 | INFO | order_executor | Order placed BSE SELL SBIN qty=50 id=251205000125581
2025-12-05 09:45:16 | WARNING | order_executor | ⚠️ Trade INCOMPLETE: SBIN | Spread=₹0.40 | BUY: NSE (id=251205000125579, status=REJECTED, price=N/A) | SELL: BSE (id=251205000125581, status=REJECTED, price=N/A)
2025-12-05 09:45:16 | ERROR | order_executor | Failsafe triggered for SBIN: {'buy': {'result': {'order_id': '251205000125579', 'status': 'REJECTED', 'price': None}, 'leg': OrderLeg(exchange='NSE', symbol='SBIN', side='BUY', quantity=50, order_type='MARKET', product='INTRADAY', validity='IOC', price=0.0, trigger_price=0.0)}, 'sell': {'result': {'order_id': '251205000125581', 'status': 'REJECTED', 'price': None}, 'leg': OrderLeg(exchange='BSE', symbol='SBIN', side='SELL', quantity=50, order_type='MARKET', product='INTRADAY', validity='IOC', price=0.0, trigger_price=0.0)}}
2025-12-05 09:45:19 | INFO | live | Monitoring... NSE=₹950.00 BSE=₹950.30 Spread=₹0.30
2025-12-05 09:45:22 | INFO | main | Signal SBIN spread=0.35 buy=NSE@₹949.95 sell=BSE@₹950.30 qty=50
2025-12-05 09:45:22 | INFO | order_executor | Order placed NSE BUY SBIN qty=50 id=251205000126004
2025-12-05 09:45:22 | INFO | order_executor | Order placed BSE SELL SBIN qty=50 id=251205000126005
2025-12-05 09:45:24 | WARNING | order_executor | ⚠️ Trade INCOMPLETE: SBIN | Spread=₹0.35 | BUY: NSE (id=251205000126004, status=REJECTED, price=N/A) | SELL: BSE (id=251205000126005, status=REJECTED, price=N/A)
2025-12-05 09:45:24 | ERROR | order_executor | Failsafe triggered for SBIN: {'buy': {'result': {'order_id': '251205000126004', 'status': 'REJECTED', 'price': None}, 'leg': OrderLeg(exchange='NSE', symbol='SBIN', side='BUY', quantity=50, order_type='MARKET', product='INTRADAY', validity='IOC', price=0.0, trigger_price=0.0)}, 'sell': {'result': {'order_id': '251205000126005', 'status': 'REJECTED', 'price': None}, 'leg': OrderLeg(exchange='BSE', symbol='SBIN', side='SELL', quantity=50, order_type='MARKET', product='INTRADAY', validity='IOC', price=0.0, trigger_price=0.0)}}
2025-12-05 09:45:24 | INFO | main | Signal SBIN spread=0.35 buy=NSE@₹949.95 sell=BSE@₹950.30 qty=50
2025-12-05 09:45:24 | ERROR | safety | Too many failed fills; blocking new trades
2025-12-05 09:45:24 | INFO | main | Signal SBIN spread=0.35 buy=NSE@₹949.95 sell=BSE@₹950.30 qty=50
2025-12-05 09:45:24 | ERROR | safety | Too many failed fills; blocking new trades
2025-12-05 09:45:24 | INFO | live | Monitoring... NSE=₹950.00 BSE=₹950.30 Spread=₹0.30
2025-12-05 09:45:29 | INFO | main | Signal SBIN spread=0.35 buy=NSE@₹949.95 sell=BSE@₹950.30 qty=50
2025-12-05 09:45:29 | ERROR | safety | Too many failed fills; blocking new trades
2025-12-05 09:45:29 | INFO | live | Monitoring... NSE=₹950.00 BSE=₹950.30 Spread=₹0.30
2025-12-05 09:45:30 | INFO | main | Signal SBIN spread=0.35 buy=NSE@₹949.95 sell=BSE@₹950.30 qty=50
2025-12-05 09:45:30 | ERROR | safety | Too many failed fills; blocking new trades
2025-12-05 09:45:30 | INFO | main | Signal SBIN spread=0.45 buy=NSE@₹949.95 sell=BSE@₹950.40 qty=50
2025-12-05 09:45:30 | ERROR | safety | Too many failed fills; blocking new trades
2025-12-05 09:45:30 | INFO | main | Signal SBIN spread=0.45 buy=NSE@₹949.95 sell=BSE@₹950.40 qty=50
2025-12-05 09:45:30 | ERROR | safety | Too many failed fills; blocking new trades
2025-12-05 09:45:31 | INFO | main | Signal SBIN spread=0.45 buy=NSE@₹949.95 sell=BSE@₹950.40 qty=50
2025-12-05 09:45:31 | ERROR | safety | Too many failed fills; blocking new trades
2025-12-05 09:45:31 | INFO | main | Signal SBIN spread=0.40 buy=NSE@₹950.00 sell=BSE@₹950.40 qty=50
2025-12-05 09:45:31 | ERROR | safety | Too many failed fills; blocking new trades
2025-12-05 09:45:31 | INFO | main | Signal SBIN spread=0.40 buy=NSE@₹950.00 sell=BSE@₹950.40 qty=50
2025-12-05 09:45:31 | ERROR | safety | Too many failed fills; blocking new trades
2025-12-05 09:45:31 | INFO | main | Signal SBIN spread=0.40 buy=NSE@₹950.00 sell=BSE@₹950.40 qty=50
2025-12-05 09:45:31 | ERROR | safety | Too many failed fills; blocking new trades
2025-12-05 09:45:32 | INFO | main | Signal SBIN spread=0.40 buy=NSE@₹950.00 sell=BSE@₹950.40 qty=50
2025-12-05 09:45:32 | ERROR | safety | Too many failed fills; blocking new trades
2025-12-05 09:45:34 | INFO | live | Monitoring... NSE=₹949.95 BSE=₹950.40 Spread=₹0.45
2025-12-05 09:45:39 | INFO | live | Monitoring... NSE=₹949.95 BSE=₹950.40 Spread=₹0.45
2025-12-05 09:45:44 | INFO | live | Monitoring... NSE=₹949.95 BSE=₹950.40 Spread=₹0.45
2025-12-05 09:45:46 | INFO | main | Signal SBIN spread=0.40 buy=NSE@₹950.00 sell=BSE@₹950.40 qty=50
2025-12-05 09:45:46 | ERROR | safety | Too many failed fills; blocking new trades
2025-12-05 09:45:46 | INFO | main | Signal SBIN spread=0.40 buy=NSE@₹950.00 sell=BSE@₹950.40 qty=50
2025-12-05 09:45:46 | ERROR | safety | Too many failed fills; blocking new trades
2025-12-05 09:45:47 | INFO | main | Signal SBIN spread=0.40 buy=NSE@₹950.00 sell=BSE@₹950.40 qty=50
2025-12-05 09:45:47 | ERROR | safety | Too many failed fills; blocking new trades
2025-12-05 09:45:47 | INFO | main | Signal SBIN spread=0.40 buy=NSE@₹950.00 sell=BSE@₹950.40 qty=50
2025-12-05 09:45:47 | ERROR | safety | Too many failed fills; blocking new trades
2025-12-05 09:45:47 | INFO | main | Signal SBIN spread=0.40 buy=NSE@₹950.00 sell=BSE@₹950.40 qty=50
2025-12-05 09:45:47 | ERROR | safety | Too many failed fills; blocking new trades
2025-12-05 09:45:47 | INFO | main | Signal SBIN spread=0.40 buy=NSE@₹950.00 sell=BSE@₹950.40 qty=50
2025-12-05 09:45:47 | ERROR | safety | Too many failed fills; blocking new trades
2025-12-05 09:45:48 | INFO | main | Signal SBIN spread=0.40 buy=NSE@₹950.00 sell=BSE@₹950.40 qty=50
2025-12-05 09:45:48 | ERROR | safety | Too many failed fills; blocking new trades
2025-12-05 09:45:48 | INFO | main | Signal SBIN spread=0.40 buy=NSE@₹950.00 sell=BSE@₹950.40 qty=50
2025-12-05 09:45:48 | ERROR | safety | Too many failed fills; blocking new trades
2025-12-05 09:45:48 | INFO | main | Signal SBIN spread=0.40 buy=NSE@₹950.00 sell=BSE@₹950.40 qty=50
2025-12-05 09:45:48 | ERROR | safety | Too many failed fills; blocking new trades
2025-12-05 09:45:49 | INFO | main | Signal SBIN spread=0.40 buy=NSE@₹950.00 sell=BSE@₹950.40 qty=50
2025-12-05 09:45:49 | ERROR | safety | Too many failed fills; blocking new trades
2025-12-05 09:45:49 | INFO | main | Signal SBIN spread=0.40 buy=NSE@₹950.00 sell=BSE@₹950.40 qty=50
2025-12-05 09:45:49 | ERROR | safety | Too many failed fills; blocking new trades
2025-12-05 09:45:49 | INFO | live | Monitoring... NSE=₹950.00 BSE=₹950.40 Spread=₹0.40
2025-12-05 09:45:49 | INFO | main | Signal SBIN spread=0.40 buy=NSE@₹950.00 sell=BSE@₹950.40 qty=50
2025-12-05 09:45:49 | ERROR | safety | Too many failed fills; blocking new trades
2025-12-05 09:45:54 | INFO | live | Monitoring... NSE=₹950.00 BSE=₹949.80 Spread=₹0.20
2025-12-05 09:54:47 | INFO | main | Authenticating with Angel One SmartAPI...
2025-12-05 09:54:47 | INFO | auth | Authentication successful
2025-12-05 09:54:48 | INFO | main | Authentication successful. Starting bot...
2025-12-05 09:54:48 | INFO | data_feed | Starting Angel One WebSocket feed for ['TATAMOTORS', 'ICICIBANK', 'HDFCBANK', 'SBIN', 'POWERGRID', 'INFY', 'TCS', 'BPCL', 'TATASTEEL']
2025-12-05 09:54:48 | INFO | data_feed | Fetching instrument master data for 9 symbols...
2025-12-05 09:54:48 | WARNING | data_feed | Could not fetch from master data. Using manual token lookup.
2025-12-05 09:54:48 | INFO | data_feed | Resolved 18 instrument tokens
2025-12-05 09:54:48 | INFO | live | Monitoring... (waiting for data)
2025-12-05 09:54:48 | INFO | data_feed | WebSocket connected. Subscribing to 18 instruments
2025-12-05 09:54:53 | INFO | live | Monitoring... NSE=₹165.30 BSE=₹165.40 Spread=₹0.10
2025-12-05 09:54:58 | INFO | live | Monitoring... NSE=₹165.30 BSE=₹165.40 Spread=₹0.10
2025-12-05 09:55:03 | INFO | live | Monitoring... NSE=₹165.30 BSE=₹165.40 Spread=₹0.10
2025-12-05 09:55:08 | INFO | live | Monitoring... NSE=₹165.26 BSE=₹165.40 Spread=₹0.14
2025-12-05 09:55:13 | INFO | live | Monitoring... NSE=₹165.30 BSE=₹165.40 Spread=₹0.10
2025-12-05 09:55:18 | INFO | live | Monitoring... NSE=₹165.30 BSE=₹165.40 Spread=₹0.10
2025-12-05 09:55:23 | INFO | live | Monitoring... NSE=₹165.27 BSE=₹165.40 Spread=₹0.13
2025-12-05 09:55:28 | INFO | live | Monitoring... NSE=₹165.28 BSE=₹165.40 Spread=₹0.12
2025-12-05 09:55:33 | INFO | live | Monitoring... NSE=₹165.30 BSE=₹165.25 Spread=₹0.05
2025-12-05 09:55:38 | INFO | live | Monitoring... NSE=₹950.00 BSE=₹950.05 Spread=₹0.05
2025-12-05 09:55:43 | INFO | live | Monitoring... NSE=₹950.00 BSE=₹950.05 Spread=₹0.05
2025-12-05 09:55:48 | INFO | live | Monitoring... NSE=₹165.30 BSE=₹165.25 Spread=₹0.05
2025-12-05 09:55:53 | INFO | live | Monitoring... NSE=₹949.90 BSE=₹949.80 Spread=₹0.10
2025-12-05 09:55:58 | INFO | live | Monitoring... NSE=₹949.90 BSE=₹949.80 Spread=₹0.10
2025-12-05 09:56:03 | INFO | live | Monitoring... NSE=₹950.00 BSE=₹949.80 Spread=₹0.20
2025-12-05 09:56:08 | INFO | live | Monitoring... NSE=₹949.90 BSE=₹950.00 Spread=₹0.10
2025-12-05 09:56:13 | INFO | live | Monitoring... NSE=₹949.90 BSE=₹949.70 Spread=₹0.20
2025-12-05 09:56:18 | INFO | live | Monitoring... NSE=₹165.30 BSE=₹165.25 Spread=₹0.05
2025-12-05 09:56:23 | INFO | live | Monitoring... NSE=₹949.70 BSE=₹949.80 Spread=₹0.10
2025-12-05 09:56:28 | INFO | live | Monitoring... NSE=₹165.24 BSE=₹165.35 Spread=₹0.11
2025-12-05 09:56:33 | INFO | live | Monitoring... NSE=₹165.25 BSE=₹165.35 Spread=₹0.10
2025-12-05 09:56:38 | INFO | live | Monitoring... NSE=₹165.26 BSE=₹165.35 Spread=₹0.09
2025-12-05 09:56:43 | INFO | live | Monitoring... NSE=₹949.95 BSE=₹950.40 Spread=₹0.45
2025-12-05 09:56:48 | INFO | live | Monitoring... NSE=₹949.90 BSE=₹950.40 Spread=₹0.50
2025-12-05 09:56:53 | INFO | live | Monitoring... NSE=₹949.90 BSE=₹950.40 Spread=₹0.50
2025-12-05 09:56:58 | INFO | live | Monitoring... NSE=₹950.00 BSE=₹950.40 Spread=₹0.40
2025-12-05 09:57:03 | INFO | live | Monitoring... NSE=₹950.00 BSE=₹950.40 Spread=₹0.40
2025-12-05 09:57:08 | INFO | live | Monitoring... NSE=₹949.95 BSE=₹950.40 Spread=₹0.45
2025-12-05 09:57:13 | INFO | live | Monitoring... NSE=₹949.95 BSE=₹950.00 Spread=₹0.05
2025-12-05 09:57:18 | INFO | live | Monitoring... NSE=₹165.26 BSE=₹165.35 Spread=₹0.09
2025-12-05 09:57:23 | INFO | live | Monitoring... NSE=₹165.33 BSE=₹165.40 Spread=₹0.07
2025-12-05 09:57:28 | INFO | live | Monitoring... NSE=₹165.18 BSE=₹165.20 Spread=₹0.02
2025-12-05 09:57:33 | INFO | live | Monitoring... NSE=₹165.18 BSE=₹165.25 Spread=₹0.07
2025-12-05 09:57:38 | INFO | live | Monitoring... NSE=₹165.15 BSE=₹165.25 Spread=₹0.10
2025-12-05 09:57:43 | INFO | live | Monitoring... NSE=₹949.75 BSE=₹949.95 Spread=₹0.20
2025-12-05 09:57:48 | INFO | live | Monitoring... NSE=₹165.18 BSE=₹165.25 Spread=₹0.07
2025-12-05 09:57:53 | INFO | live | Monitoring... NSE=₹165.15 BSE=₹165.25 Spread=₹0.10
2025-12-05 09:57:58 | INFO | live | Monitoring... NSE=₹949.55 BSE=₹949.75 Spread=₹0.20
2025-12-05 09:58:03 | INFO | live | Monitoring... NSE=₹949.55 BSE=₹949.75 Spread=₹0.20
2025-12-05 09:58:08 | INFO | live | Monitoring... NSE=₹949.60 BSE=₹949.80 Spread=₹0.20
2025-12-05 09:58:13 | INFO | live | Monitoring... NSE=₹165.19 BSE=₹165.10 Spread=₹0.09
2025-12-05 09:58:18 | INFO | live | Monitoring... NSE=₹165.20 BSE=₹165.10 Spread=₹0.10
2025-12-05 09:58:23 | INFO | live | Monitoring... NSE=₹949.65 BSE=₹949.95 Spread=₹0.30
2025-12-05 09:58:28 | INFO | live | Monitoring... NSE=₹949.75 BSE=₹949.95 Spread=₹0.20
2025-12-05 09:58:33 | INFO | live | Monitoring... NSE=₹949.65 BSE=₹949.95 Spread=₹0.30
2025-12-05 09:58:38 | INFO | live | Monitoring... NSE=₹949.85 BSE=₹949.95 Spread=₹0.10
2025-12-05 09:58:42 | INFO | main | Signal SBIN spread=0.35 buy=NSE@₹949.60 sell=BSE@₹949.95 qty=50
2025-12-05 09:58:42 | INFO | order_executor | Order placed NSE BUY SBIN qty=50 id=251205000160274
2025-12-05 09:58:42 | INFO | order_executor | Order placed BSE SELL SBIN qty=50 id=251205000160273
2025-12-05 09:58:43 | INFO | live | Monitoring... NSE=₹949.60 BSE=₹949.95 Spread=₹0.35
2025-12-05 09:58:44 | WARNING | order_executor | ⚠️ Trade INCOMPLETE: SBIN | Spread=₹0.35 | BUY: NSE (id=251205000160274, status=REJECTED, price=N/A) | SELL: BSE (id=251205000160273, status=REJECTED, price=N/A)
2025-12-05 09:58:44 | ERROR | order_executor | Failsafe triggered for SBIN: {'buy': {'result': {'order_id': '251205000160274', 'status': 'REJECTED', 'price': None}, 'leg': OrderLeg(exchange='NSE', symbol='SBIN', side='BUY', quantity=50, order_type='MARKET', product='INTRADAY', validity='IOC', price=0.0, trigger_price=0.0)}, 'sell': {'result': {'order_id': '251205000160273', 'status': 'REJECTED', 'price': None}, 'leg': OrderLeg(exchange='BSE', symbol='SBIN', side='SELL', quantity=50, order_type='MARKET', product='INTRADAY', validity='IOC', price=0.0, trigger_price=0.0)}}
2025-12-05 09:58:44 | INFO | main | Signal SBIN spread=0.35 buy=NSE@₹949.60 sell=BSE@₹949.95 qty=50
2025-12-05 09:58:44 | INFO | order_executor | Order placed NSE BUY SBIN qty=50 id=251205000160341
2025-12-05 09:58:44 | INFO | order_executor | Order placed BSE SELL SBIN qty=50 id=251205000160342
2025-12-05 09:58:46 | WARNING | order_executor | ⚠️ Trade INCOMPLETE: SBIN | Spread=₹0.35 | BUY: NSE (id=251205000160341, status=REJECTED, price=N/A) | SELL: BSE (id=251205000160342, status=REJECTED, price=N/A)
2025-12-05 09:58:46 | ERROR | order_executor | Failsafe triggered for SBIN: {'buy': {'result': {'order_id': '251205000160341', 'status': 'REJECTED', 'price': None}, 'leg': OrderLeg(exchange='NSE', symbol='SBIN', side='BUY', quantity=50, order_type='MARKET', product='INTRADAY', validity='IOC', price=0.0, trigger_price=0.0)}, 'sell': {'result': {'order_id': '251205000160342', 'status': 'REJECTED', 'price': None}, 'leg': OrderLeg(exchange='BSE', symbol='SBIN', side='SELL', quantity=50, order_type='MARKET', product='INTRADAY', validity='IOC', price=0.0, trigger_price=0.0)}}
2025-12-05 09:58:46 | INFO | main | Signal SBIN spread=0.35 buy=NSE@₹949.60 sell=BSE@₹949.95 qty=50
2025-12-05 09:58:46 | ERROR | safety | Too many failed fills; blocking new trades
2025-12-05 09:58:46 | INFO | main | Signal SBIN spread=0.35 buy=NSE@₹949.60 sell=BSE@₹949.95 qty=50
2025-12-05 09:58:46 | ERROR | safety | Too many failed fills; blocking new trades
2025-12-05 09:58:46 | INFO | main | Signal SBIN spread=0.35 buy=NSE@₹949.60 sell=BSE@₹949.95 qty=50
2025-12-05 09:58:46 | ERROR | safety | Too many failed fills; blocking new trades
2025-12-05 09:58:46 | INFO | main | Signal SBIN spread=0.35 buy=NSE@₹949.60 sell=BSE@₹949.95 qty=50
2025-12-05 09:58:46 | ERROR | safety | Too many failed fills; blocking new trades
2025-12-05 09:58:46 | INFO | main | Signal SBIN spread=0.35 buy=NSE@₹949.60 sell=BSE@₹949.95 qty=50
2025-12-05 09:58:46 | ERROR | safety | Too many failed fills; blocking new trades
2025-12-05 09:58:46 | INFO | main | Signal SBIN spread=0.35 buy=NSE@₹949.60 sell=BSE@₹949.95 qty=50
2025-12-05 09:58:46 | ERROR | safety | Too many failed fills; blocking new trades
2025-12-05 09:58:48 | INFO | live | Monitoring... NSE=₹949.60 BSE=₹949.95 Spread=₹0.35
2025-12-05 09:58:49 | INFO | main | Signal SBIN spread=0.35 buy=NSE@₹949.60 sell=BSE@₹949.95 qty=50
2025-12-05 09:58:49 | ERROR | safety | Too many failed fills; blocking new trades
2025-12-05 09:58:49 | INFO | main | Signal SBIN spread=0.35 buy=NSE@₹949.60 sell=BSE@₹949.95 qty=50
2025-12-05 09:58:49 | ERROR | safety | Too many failed fills; blocking new trades
2025-12-05 09:58:50 | INFO | main | Signal SBIN spread=0.35 buy=NSE@₹949.60 sell=BSE@₹949.95 qty=50
2025-12-05 09:58:50 | ERROR | safety | Too many failed fills; blocking new trades
2025-12-05 09:58:50 | INFO | main | Signal SBIN spread=0.35 buy=NSE@₹949.60 sell=BSE@₹949.95 qty=50
2025-12-05 09:58:50 | ERROR | safety | Too many failed fills; blocking new trades
2025-12-05 09:58:50 | INFO | main | Signal SBIN spread=0.35 buy=NSE@₹949.60 sell=BSE@₹949.95 qty=50
2025-12-05 09:58:50 | ERROR | safety | Too many failed fills; blocking new trades
2025-12-05 09:58:51 | INFO | main | Signal SBIN spread=0.35 buy=NSE@₹949.60 sell=BSE@₹949.95 qty=50
2025-12-05 09:58:51 | ERROR | safety | Too many failed fills; blocking new trades
2025-12-05 09:58:52 | INFO | main | Signal SBIN spread=0.40 buy=NSE@₹949.55 sell=BSE@₹949.95 qty=50
2025-12-05 09:58:52 | ERROR | safety | Too many failed fills; blocking new trades
2025-12-05 09:58:53 | INFO | main | Signal SBIN spread=0.40 buy=NSE@₹949.55 sell=BSE@₹949.95 qty=50
2025-12-05 09:58:53 | ERROR | safety | Too many failed fills; blocking new trades
2025-12-05 09:58:53 | INFO | live | Monitoring... NSE=₹949.55 BSE=₹949.95 Spread=₹0.40
2025-12-05 09:58:58 | INFO | live | Monitoring... NSE=₹949.60 BSE=₹949.95 Spread=₹0.35
2025-12-05 09:58:59 | INFO | main | Signal SBIN spread=0.35 buy=NSE@₹949.60 sell=BSE@₹949.95 qty=50
2025-12-05 09:58:59 | ERROR | safety | Too many failed fills; blocking new trades
2025-12-05 09:59:00 | INFO | main | Signal SBIN spread=0.35 buy=NSE@₹949.60 sell=BSE@₹949.95 qty=50
2025-12-05 09:59:00 | ERROR | safety | Too many failed fills; blocking new trades
2025-12-05 09:59:00 | INFO | main | Signal SBIN spread=0.35 buy=NSE@₹949.60 sell=BSE@₹949.95 qty=50
2025-12-05 09:59:00 | ERROR | safety | Too many failed fills; blocking new trades
2025-12-05 09:59:03 | INFO | live | Monitoring... NSE=₹949.65 BSE=₹949.70 Spread=₹0.05
2025-12-05 09:59:08 | INFO | live | Monitoring... NSE=₹949.35 BSE=₹949.55 Spread=₹0.20
2025-12-05 09:59:13 | INFO | live | Monitoring... NSE=₹949.35 BSE=₹949.55 Spread=₹0.20
2025-12-05 09:59:18 | INFO | live | Monitoring... NSE=₹949.30 BSE=₹949.55 Spread=₹0.25
2025-12-05 09:59:23 | INFO | live | Monitoring... NSE=₹949.25 BSE=₹949.55 Spread=₹0.30
2025-12-05 09:59:28 | INFO | live | Monitoring... NSE=₹949.20 BSE=₹949.50 Spread=₹0.30
2025-12-05 09:59:33 | INFO | live | Monitoring... NSE=₹949.00 BSE=₹949.20 Spread=₹0.20
2025-12-05 09:59:57 | INFO | main | Authenticating with Angel One SmartAPI...
2025-12-05 09:59:58 | INFO | auth | Authentication successful
2025-12-05 09:59:58 | INFO | main | Authentication successful. Starting bot...
2025-12-05 09:59:58 | INFO | data_feed | Starting Angel One WebSocket feed for ['TATAMOTORS', 'ICICIBANK', 'HDFCBANK', 'SBIN', 'POWERGRID', 'INFY', 'TCS', 'BPCL', 'TATASTEEL']
2025-12-05 09:59:58 | INFO | data_feed | Fetching instrument master data for 9 symbols...
2025-12-05 09:59:58 | WARNING | data_feed | Could not fetch from master data. Using manual token lookup.
2025-12-05 09:59:58 | INFO | data_feed | Resolved 18 instrument tokens
2025-12-05 09:59:58 | INFO | live | Monitoring... (waiting for data)
2025-12-05 09:59:58 | INFO | data_feed | WebSocket connected. Subscribing to 18 instruments
2025-12-05 10:00:19 | INFO | main | Authenticating with Angel One SmartAPI...
2025-12-05 10:00:20 | INFO | auth | Authentication successful
2025-12-05 10:00:20 | INFO | main | Authentication successful. Starting bot...
2025-12-05 10:00:20 | INFO | data_feed | Starting Angel One WebSocket feed for ['TATAMOTORS', 'ICICIBANK', 'HDFCBANK', 'SBIN', 'POWERGRID', 'INFY', 'TCS', 'BPCL', 'TATASTEEL']
2025-12-05 10:00:20 | INFO | data_feed | Fetching instrument master data for 9 symbols...
2025-12-05 10:00:20 | WARNING | data_feed | Could not fetch from master data. Using manual token lookup.
2025-12-05 10:00:20 | INFO | data_feed | Resolved 18 instrument tokens
2025-12-05 10:00:20 | INFO | live | Monitoring... (waiting for data)
2025-12-05 10:00:20 | INFO | data_feed | WebSocket connected. Subscribing to 18 instruments
2025-12-05 10:00:25 | INFO | live | Monitoring... NSE=₹949.90 BSE=₹949.95 Spread=₹0.05
2025-12-05 10:00:30 | INFO | live | Monitoring... NSE=₹949.75 BSE=₹949.95 Spread=₹0.20
2025-12-05 10:01:36 | INFO | main | Authenticating with Angel One SmartAPI...
2025-12-05 10:01:36 | INFO | auth | Authentication successful
2025-12-05 10:01:36 | INFO | main | Authentication successful. Starting bot...
2025-12-05 10:01:36 | INFO | data_feed | Starting Angel One WebSocket feed for ['TATAMOTORS', 'ICICIBANK', 'HDFCBANK', 'SBIN', 'POWERGRID', 'INFY', 'TCS', 'BPCL', 'TATASTEEL']
2025-12-05 10:01:36 | INFO | data_feed | Fetching instrument master data for 9 symbols...
2025-12-05 10:01:36 | WARNING | data_feed | Could not fetch from master data. Using manual token lookup.
2025-12-05 10:01:36 | INFO | data_feed | Resolved 16 instrument tokens
2025-12-05 10:01:36 | INFO | live | Monitoring... (waiting for data)
2025-12-05 10:01:37 | INFO | data_feed | WebSocket connected. Subscribing to 16 instruments
2025-12-05 10:01:41 | INFO | live | Monitoring... NSE=₹165.27 BSE=₹165.35 Spread=₹0.08
2025-12-05 10:01:46 | INFO | live | Monitoring... NSE=₹165.22 BSE=₹165.35 Spread=₹0.13
2025-12-05 10:01:51 | INFO | live | Monitoring... NSE=₹165.21 BSE=₹165.35 Spread=₹0.14
2025-12-05 10:01:56 | INFO | live | Monitoring... NSE=₹165.22 BSE=₹165.35 Spread=₹0.13
2025-12-05 10:02:01 | INFO | live | Monitoring... NSE=₹165.17 BSE=₹165.25 Spread=₹0.08
2025-12-05 10:02:06 | INFO | live | Monitoring... NSE=₹165.22 BSE=₹165.25 Spread=₹0.03
2025-12-05 10:02:11 | INFO | live | Monitoring... NSE=₹165.22 BSE=₹165.25 Spread=₹0.03
2025-12-05 10:02:16 | INFO | live | Monitoring... NSE=₹165.23 BSE=₹165.25 Spread=₹0.02
2025-12-05 10:02:21 | INFO | live | Monitoring... NSE=₹165.23 BSE=₹165.25 Spread=₹0.02
2025-12-05 10:02:26 | INFO | live | Monitoring... NSE=₹165.24 BSE=₹165.30 Spread=₹0.06
2025-12-05 10:02:31 | INFO | live | Monitoring... NSE=₹165.27 BSE=₹165.30 Spread=₹0.03
2025-12-05 10:02:36 | INFO | live | Monitoring... (waiting for data)
2025-12-05 10:02:41 | INFO | live | Monitoring... NSE=₹165.28 BSE=₹165.20 Spread=₹0.08
2025-12-05 10:02:46 | INFO | live | Monitoring... NSE=₹165.40 BSE=₹165.35 Spread=₹0.05
2025-12-05 10:02:51 | INFO | live | Monitoring... NSE=₹165.34 BSE=₹165.35 Spread=₹0.01
2025-12-05 10:02:56 | INFO | live | Monitoring... NSE=₹165.46 BSE=₹165.35 Spread=₹0.11
2025-12-05 10:03:01 | INFO | live | Monitoring... (waiting for data)
2025-12-05 10:03:06 | INFO | live | Monitoring... (waiting for data)
2025-12-05 10:03:11 | INFO | live | Monitoring... NSE=₹165.44 BSE=₹165.40 Spread=₹0.04
2025-12-05 10:03:16 | INFO | live | Monitoring... NSE=₹165.44 BSE=₹165.40 Spread=₹0.04
2025-12-05 10:03:21 | INFO | live | Monitoring... NSE=₹165.43 BSE=₹165.40 Spread=₹0.03
2025-12-05 10:03:27 | INFO | live | Monitoring... NSE=₹165.44 BSE=₹165.40 Spread=₹0.04
2025-12-05 10:03:32 | INFO | live | Monitoring... NSE=₹165.44 BSE=₹165.40 Spread=₹0.04
2025-12-05 10:03:37 | INFO | live | Monitoring... NSE=₹165.44 BSE=₹165.40 Spread=₹0.04
2025-12-05 10:03:42 | INFO | live | Monitoring... NSE=₹165.42 BSE=₹165.45 Spread=₹0.03
2025-12-05 10:03:47 | INFO | live | Monitoring... NSE=₹165.42 BSE=₹165.45 Spread=₹0.03
2025-12-05 10:03:52 | INFO | live | Monitoring... NSE=₹165.42 BSE=₹165.45 Spread=₹0.03
2025-12-05 10:03:57 | INFO | live | Monitoring... NSE=₹165.42 BSE=₹165.40 Spread=₹0.02
2025-12-05 10:04:02 | INFO | live | Monitoring... NSE=₹165.55 BSE=₹165.40 Spread=₹0.15
2025-12-05 10:04:07 | INFO | live | Monitoring... NSE=₹165.60 BSE=₹165.70 Spread=₹0.10
2025-12-05 10:04:12 | INFO | live | Monitoring... NSE=₹165.60 BSE=₹165.50 Spread=₹0.10
2025-12-05 10:04:17 | INFO | live | Monitoring... NSE=₹165.64 BSE=₹165.50 Spread=₹0.14
2025-12-05 10:04:22 | INFO | live | Monitoring... NSE=₹165.60 BSE=₹165.70 Spread=₹0.10
2025-12-05 10:04:27 | INFO | live | Monitoring... NSE=₹165.79 BSE=₹165.60 Spread=₹0.19
2025-12-05 10:04:32 | INFO | live | Monitoring... NSE=₹165.67 BSE=₹165.85 Spread=₹0.18
2025-12-05 10:04:37 | INFO | live | Monitoring... NSE=₹165.71 BSE=₹165.80 Spread=₹0.09
2025-12-05 10:04:42 | INFO | live | Monitoring... NSE=₹165.68 BSE=₹165.75 Spread=₹0.07
2025-12-05 10:04:47 | INFO | live | Monitoring... NSE=₹165.65 BSE=₹165.75 Spread=₹0.10
2025-12-05 10:04:52 | INFO | live | Monitoring... NSE=₹165.68 BSE=₹165.60 Spread=₹0.08
2025-12-05 10:04:57 | INFO | live | Monitoring... NSE=₹165.66 BSE=₹165.60 Spread=₹0.06
2025-12-05 10:05:02 | INFO | live | Monitoring... NSE=₹165.65 BSE=₹165.75 Spread=₹0.10
2025-12-05 10:05:07 | INFO | live | Monitoring... NSE=₹165.76 BSE=₹165.70 Spread=₹0.06
2025-12-05 10:05:12 | INFO | live | Monitoring... NSE=₹165.72 BSE=₹165.70 Spread=₹0.02
2025-12-05 10:05:17 | INFO | live | Monitoring... NSE=₹165.75 BSE=₹165.80 Spread=₹0.05
2025-12-05 10:05:22 | INFO | live | Monitoring... NSE=₹165.75 BSE=₹165.80 Spread=₹0.05
2025-12-05 10:05:27 | INFO | live | Monitoring... NSE=₹165.79 BSE=₹165.80 Spread=₹0.01
2025-12-05 10:05:32 | INFO | live | Monitoring... NSE=₹165.80 BSE=₹165.85 Spread=₹0.05
2025-12-05 10:05:37 | INFO | live | Monitoring... NSE=₹165.79 BSE=₹165.85 Spread=₹0.06
2025-12-05 10:05:42 | INFO | live | Monitoring... NSE=₹165.76 BSE=₹165.80 Spread=₹0.04
2025-12-05 10:05:47 | INFO | live | Monitoring... NSE=₹165.76 BSE=₹165.80 Spread=₹0.04
2025-12-05 10:05:52 | INFO | live | Monitoring... NSE=₹165.77 BSE=₹165.80 Spread=₹0.03
2025-12-05 10:05:57 | INFO | live | Monitoring... NSE=₹165.75 BSE=₹165.80 Spread=₹0.05
2025-12-05 10:06:02 | INFO | live | Monitoring... NSE=₹165.75 BSE=₹165.80 Spread=₹0.05
2025-12-05 10:06:07 | INFO | live | Monitoring... NSE=₹165.76 BSE=₹165.80 Spread=₹0.04
2025-12-05 10:06:12 | INFO | live | Monitoring... NSE=₹165.77 BSE=₹165.80 Spread=₹0.03
2025-12-05 10:06:17 | INFO | live | Monitoring... NSE=₹165.76 BSE=₹165.80 Spread=₹0.04
2025-12-05 10:06:22 | INFO | live | Monitoring... NSE=₹165.75 BSE=₹165.80 Spread=₹0.05
2025-12-05 10:06:27 | INFO | live | Monitoring... NSE=₹165.70 BSE=₹165.75 Spread=₹0.05
2025-12-05 10:06:32 | INFO | live | Monitoring... NSE=₹165.69 BSE=₹165.75 Spread=₹0.06
2025-12-05 10:06:37 | INFO | live | Monitoring... NSE=₹165.69 BSE=₹165.75 Spread=₹0.06
2025-12-05 10:06:42 | INFO | live | Monitoring... NSE=₹165.64 BSE=₹165.75 Spread=₹0.11
2025-12-05 10:06:47 | INFO | live | Monitoring... NSE=₹165.67 BSE=₹165.75 Spread=₹0.08
2025-12-05 10:06:52 | INFO | live | Monitoring... NSE=₹165.69 BSE=₹165.75 Spread=₹0.06
2025-12-05 10:06:57 | INFO | live | Monitoring... NSE=₹165.69 BSE=₹165.75 Spread=₹0.06
2025-12-05 10:07:02 | INFO | live | Monitoring... NSE=₹165.76 BSE=₹165.90 Spread=₹0.14
2025-12-05 10:07:07 | INFO | live | Monitoring... NSE=₹165.83 BSE=₹165.90 Spread=₹0.07
2025-12-05 10:07:12 | INFO | live | Monitoring... NSE=₹165.76 BSE=₹165.90 Spread=₹0.14
2025-12-05 10:07:17 | INFO | live | Monitoring... NSE=₹165.78 BSE=₹165.90 Spread=₹0.12
2025-12-05 10:07:22 | INFO | live | Monitoring... NSE=₹165.79 BSE=₹165.65 Spread=₹0.14
2025-12-05 10:07:27 | INFO | live | Monitoring... NSE=₹165.70 BSE=₹165.65 Spread=₹0.05
2025-12-05 10:07:32 | INFO | live | Monitoring... NSE=₹165.76 BSE=₹165.65 Spread=₹0.11
2025-12-05 10:07:37 | INFO | live | Monitoring... NSE=₹165.70 BSE=₹165.65 Spread=₹0.05
2025-12-05 10:07:42 | INFO | live | Monitoring... NSE=₹165.73 BSE=₹165.80 Spread=₹0.07
2025-12-05 10:07:47 | INFO | live | Monitoring... NSE=₹165.70 BSE=₹165.80 Spread=₹0.10
2025-12-05 10:07:52 | INFO | live | Monitoring... (waiting for data)
2025-12-05 10:07:57 | INFO | live | Monitoring... NSE=₹165.76 BSE=₹165.70 Spread=₹0.06
2025-12-05 10:08:02 | INFO | live | Monitoring... NSE=₹165.66 BSE=₹165.70 Spread=₹0.04
2025-12-05 10:08:07 | INFO | live | Monitoring... NSE=₹165.79 BSE=₹165.85 Spread=₹0.06
2025-12-05 10:08:12 | INFO | live | Monitoring... NSE=₹165.75 BSE=₹165.80 Spread=₹0.05
2025-12-05 10:08:17 | INFO | live | Monitoring... NSE=₹165.68 BSE=₹165.80 Spread=₹0.12
2025-12-05 10:08:22 | INFO | live | Monitoring... NSE=₹165.66 BSE=₹165.80 Spread=₹0.14
2025-12-05 10:08:27 | INFO | live | Monitoring... NSE=₹165.67 BSE=₹165.70 Spread=₹0.03
2025-12-05 10:08:32 | INFO | live | Monitoring... (waiting for data)
2025-12-05 10:08:37 | INFO | live | Monitoring... NSE=₹165.69 BSE=₹165.70 Spread=₹0.01
2025-12-05 10:08:42 | INFO | live | Monitoring... NSE=₹165.77 BSE=₹165.70 Spread=₹0.07
2025-12-05 10:08:47 | INFO | live | Monitoring... (waiting for data)
2025-12-05 10:08:52 | INFO | live | Monitoring... NSE=₹165.76 BSE=₹165.70 Spread=₹0.06
2025-12-05 10:08:57 | INFO | live | Monitoring... NSE=₹165.73 BSE=₹165.80 Spread=₹0.07
2025-12-05 10:09:02 | INFO | live | Monitoring... NSE=₹165.76 BSE=₹165.75 Spread=₹0.01
2025-12-05 10:09:07 | INFO | live | Monitoring... NSE=₹165.70 BSE=₹165.75 Spread=₹0.05
2025-12-05 10:09:12 | INFO | live | Monitoring... NSE=₹165.60 BSE=₹165.75 Spread=₹0.15
2025-12-05 10:09:17 | INFO | live | Monitoring... NSE=₹165.63 BSE=₹165.60 Spread=₹0.03
2025-12-05 10:09:22 | INFO | live | Monitoring... NSE=₹165.63 BSE=₹165.70 Spread=₹0.07
2025-12-05 10:09:27 | INFO | live | Monitoring... NSE=₹165.68 BSE=₹165.75 Spread=₹0.07
2025-12-05 10:09:32 | INFO | live | Monitoring... NSE=₹165.66 BSE=₹165.75 Spread=₹0.09
2025-12-05 10:09:37 | INFO | live | Monitoring... NSE=₹165.68 BSE=₹165.75 Spread=₹0.07
2025-12-05 10:09:42 | INFO | live | Monitoring... NSE=₹165.69 BSE=₹165.75 Spread=₹0.06
2025-12-05 10:09:47 | INFO | live | Monitoring... NSE=₹165.73 BSE=₹165.75 Spread=₹0.02
2025-12-05 10:09:52 | INFO | live | Monitoring... NSE=₹165.66 BSE=₹165.75 Spread=₹0.09
2025-12-05 10:09:57 | INFO | live | Monitoring... NSE=₹165.70 BSE=₹165.75 Spread=₹0.05
2025-12-05 10:10:02 | INFO | live | Monitoring... NSE=₹165.69 BSE=₹165.75 Spread=₹0.06
2025-12-05 10:10:07 | INFO | live | Monitoring... (waiting for data)
2025-12-05 10:10:12 | INFO | live | Monitoring... NSE=₹165.60 BSE=₹165.70 Spread=₹0.10
2025-12-05 10:10:17 | INFO | live | Monitoring... NSE=₹165.70 BSE=₹165.60 Spread=₹0.10
2025-12-05 10:10:22 | INFO | live | Monitoring... NSE=₹165.68 BSE=₹165.75 Spread=₹0.07
2025-12-05 10:10:27 | INFO | live | Monitoring... NSE=₹165.66 BSE=₹165.70 Spread=₹0.04
2025-12-05 10:10:32 | INFO | live | Monitoring... NSE=₹165.63 BSE=₹165.75 Spread=₹0.12
2025-12-05 10:10:37 | INFO | live | Monitoring... NSE=₹165.65 BSE=₹165.75 Spread=₹0.10
2025-12-05 10:10:42 | INFO | live | Monitoring... NSE=₹165.67 BSE=₹165.75 Spread=₹0.08
2025-12-05 10:10:47 | INFO | live | Monitoring... NSE=₹165.68 BSE=₹165.70 Spread=₹0.02
2025-12-05 10:10:52 | INFO | live | Monitoring... NSE=₹165.65 BSE=₹165.70 Spread=₹0.05
2025-12-05 10:10:57 | INFO | live | Monitoring... NSE=₹165.55 BSE=₹165.70 Spread=₹0.15
2025-12-05 10:11:02 | INFO | live | Monitoring... NSE=₹165.59 BSE=₹165.60 Spread=₹0.01
2025-12-05 10:11:07 | INFO | live | Monitoring... NSE=₹165.50 BSE=₹165.55 Spread=₹0.05
2025-12-05 10:11:12 | INFO | live | Monitoring... NSE=₹165.54 BSE=₹165.50 Spread=₹0.04
2025-12-05 10:11:17 | INFO | live | Monitoring... NSE=₹165.56 BSE=₹165.55 Spread=₹0.01
2025-12-05 10:11:22 | INFO | live | Monitoring... NSE=₹165.57 BSE=₹165.55 Spread=₹0.02
2025-12-05 10:11:27 | INFO | live | Monitoring... NSE=₹165.59 BSE=₹165.55 Spread=₹0.04
2025-12-05 10:11:32 | INFO | live | Monitoring... NSE=₹165.57 BSE=₹165.55 Spread=₹0.02
2025-12-05 10:11:37 | INFO | live | Monitoring... NSE=₹165.70 BSE=₹165.55 Spread=₹0.15
2025-12-05 10:11:42 | INFO | live | Monitoring... NSE=₹165.65 BSE=₹165.55 Spread=₹0.10
2025-12-05 10:11:47 | INFO | live | Monitoring... NSE=₹165.60 BSE=₹165.55 Spread=₹0.05
2025-12-05 10:11:52 | INFO | live | Monitoring... NSE=₹165.66 BSE=₹165.70 Spread=₹0.04
2025-12-05 10:11:57 | INFO | live | Monitoring... NSE=₹165.65 BSE=₹165.70 Spread=₹0.05
2025-12-05 10:12:02 | INFO | live | Monitoring... NSE=₹165.66 BSE=₹165.75 Spread=₹0.09
2025-12-05 10:12:07 | INFO | live | Monitoring... NSE=₹165.64 BSE=₹165.70 Spread=₹0.06
2025-12-05 10:12:12 | INFO | live | Monitoring... (waiting for data)
2025-12-05 10:12:17 | INFO | live | Monitoring... NSE=₹165.63 BSE=₹165.70 Spread=₹0.07
2025-12-05 10:12:22 | INFO | live | Monitoring... NSE=₹165.65 BSE=₹165.70 Spread=₹0.05
2025-12-05 10:12:27 | INFO | live | Monitoring... NSE=₹165.70 BSE=₹165.60 Spread=₹0.10
2025-12-05 10:12:32 | INFO | live | Monitoring... NSE=₹165.70 BSE=₹165.60 Spread=₹0.10
2025-12-05 10:12:37 | INFO | live | Monitoring... NSE=₹165.65 BSE=₹165.60 Spread=₹0.05
2025-12-05 10:12:42 | INFO | live | Monitoring... NSE=₹165.67 BSE=₹165.60 Spread=₹0.07
2025-12-05 10:12:47 | INFO | live | Monitoring... NSE=₹165.69 BSE=₹165.60 Spread=₹0.09
2025-12-05 10:12:52 | INFO | live | Monitoring... NSE=₹165.63 BSE=₹165.70 Spread=₹0.07
2025-12-05 10:12:57 | INFO | live | Monitoring... NSE=₹165.70 BSE=₹165.75 Spread=₹0.05
2025-12-05 10:13:02 | INFO | live | Monitoring... NSE=₹165.70 BSE=₹165.75 Spread=₹0.05
2025-12-05 10:13:07 | INFO | live | Monitoring... NSE=₹165.70 BSE=₹165.75 Spread=₹0.05
2025-12-05 10:13:12 | INFO | live | Monitoring... NSE=₹165.70 BSE=₹165.75 Spread=₹0.05
2025-12-05 10:13:17 | INFO | live | Monitoring... NSE=₹165.70 BSE=₹165.75 Spread=₹0.05
2025-12-05 10:13:22 | INFO | live | Monitoring... NSE=₹165.70 BSE=₹165.75 Spread=₹0.05
2025-12-05 10:13:27 | INFO | live | Monitoring... NSE=₹165.70 BSE=₹165.75 Spread=₹0.05
2025-12-05 10:13:32 | INFO | live | Monitoring... NSE=₹165.68 BSE=₹165.75 Spread=₹0.07
2025-12-05 10:13:37 | INFO | live | Monitoring... NSE=₹165.67 BSE=₹165.75 Spread=₹0.08
2025-12-05 10:13:42 | INFO | live | Monitoring... NSE=₹165.72 BSE=₹165.60 Spread=₹0.12
2025-12-05 10:13:47 | INFO | live | Monitoring... NSE=₹165.75 BSE=₹165.60 Spread=₹0.15
2025-12-05 10:13:52 | INFO | live | Monitoring... NSE=₹165.71 BSE=₹165.60 Spread=₹0.11
2025-12-05 10:13:57 | INFO | live | Monitoring... NSE=₹165.72 BSE=₹165.70 Spread=₹0.02
2025-12-05 10:14:02 | INFO | live | Monitoring... NSE=₹165.76 BSE=₹165.70 Spread=₹0.06
2025-12-05 10:14:07 | INFO | live | Monitoring... NSE=₹165.79 BSE=₹165.75 Spread=₹0.04
2025-12-05 10:14:12 | INFO | live | Monitoring... NSE=₹165.78 BSE=₹165.75 Spread=₹0.03
2025-12-05 10:18:15 | INFO | main | Authenticating with Angel One SmartAPI...
2025-12-05 10:18:16 | INFO | auth | Authentication successful
2025-12-05 10:18:16 | INFO | main | Authentication successful. Starting bot...
2025-12-05 10:18:16 | INFO | data_feed | Starting Angel One WebSocket feed for ['TATAMOTORS', 'ICICIBANK', 'HDFCBANK', 'POWERGRID', 'INFY', 'TCS', 'BPCL', 'TATASTEEL', 'WIPRO']
2025-12-05 10:18:16 | INFO | data_feed | Fetching instrument master data for 9 symbols...
2025-12-05 10:18:16 | WARNING | data_feed | Could not fetch from master data. Using manual token lookup.
2025-12-05 10:18:16 | INFO | data_feed | Resolved 18 instrument tokens
2025-12-05 10:18:16 | INFO | live | Monitoring... (waiting for data)
2025-12-05 10:18:16 | INFO | data_feed | WebSocket connected. Subscribing to 18 instruments
2025-12-05 10:18:21 | INFO | live | Monitoring... NSE=₹258.79 BSE=₹258.60 Spread=₹0.19
2025-12-05 10:18:26 | INFO | live | Monitoring... NSE=₹258.70 BSE=₹258.60 Spread=₹0.10
2025-12-05 10:18:31 | INFO | live | Monitoring... NSE=₹258.80 BSE=₹258.60 Spread=₹0.20
2025-12-05 10:18:36 | INFO | live | Monitoring... NSE=₹165.83 BSE=₹165.85 Spread=₹0.02
2025-12-05 10:18:41 | INFO | live | Monitoring... NSE=₹258.87 BSE=₹258.80 Spread=₹0.07
2025-12-05 10:18:46 | INFO | live | Monitoring... NSE=₹258.86 BSE=₹258.80 Spread=₹0.06
2025-12-05 10:18:51 | INFO | live | Monitoring... NSE=₹258.86 BSE=₹258.80 Spread=₹0.06
2025-12-05 10:18:56 | INFO | live | Monitoring... NSE=₹165.82 BSE=₹165.85 Spread=₹0.03
2025-12-05 10:19:01 | INFO | live | Monitoring... NSE=₹165.86 BSE=₹165.70 Spread=₹0.16
2025-12-05 10:19:06 | INFO | live | Monitoring... NSE=₹165.80 BSE=₹165.90 Spread=₹0.10
2025-12-05 10:19:11 | INFO | live | Monitoring... NSE=₹165.80 BSE=₹165.70 Spread=₹0.10
2025-12-05 10:19:16 | INFO | live | Monitoring... NSE=₹165.82 BSE=₹165.70 Spread=₹0.12
2025-12-05 10:19:21 | INFO | live | Monitoring... NSE=₹258.94 BSE=₹258.75 Spread=₹0.19
2025-12-05 10:19:26 | INFO | live | Monitoring... NSE=₹258.94 BSE=₹258.90 Spread=₹0.04
2025-12-05 10:19:31 | INFO | live | Monitoring... NSE=₹165.85 BSE=₹165.80 Spread=₹0.05
2025-12-05 10:19:36 | INFO | live | Monitoring... NSE=₹258.85 BSE=₹258.90 Spread=₹0.05
2025-12-05 10:19:41 | INFO | live | Monitoring... (waiting for data)
2025-12-05 10:19:46 | INFO | live | Monitoring... NSE=₹258.90 BSE=₹258.70 Spread=₹0.20
2025-12-05 10:19:51 | INFO | live | Monitoring... NSE=₹258.92 BSE=₹258.70 Spread=₹0.22
2025-12-05 10:19:56 | INFO | live | Monitoring... NSE=₹165.80 BSE=₹165.85 Spread=₹0.05
2025-12-05 10:20:01 | INFO | live | Monitoring... NSE=₹165.80 BSE=₹165.85 Spread=₹0.05
2025-12-05 10:20:06 | INFO | live | Monitoring... NSE=₹165.82 BSE=₹165.85 Spread=₹0.03
2025-12-05 10:20:11 | INFO | live | Monitoring... NSE=₹165.77 BSE=₹165.85 Spread=₹0.08
2025-12-05 10:20:16 | INFO | live | Monitoring... NSE=₹258.91 BSE=₹258.95 Spread=₹0.04
2025-12-05 10:20:21 | INFO | live | Monitoring... NSE=₹258.80 BSE=₹258.85 Spread=₹0.05
2025-12-05 10:20:26 | INFO | live | Monitoring... NSE=₹165.80 BSE=₹165.85 Spread=₹0.05
2025-12-05 10:20:31 | INFO | live | Monitoring... NSE=₹258.76 BSE=₹258.85 Spread=₹0.09
2025-12-05 10:20:36 | INFO | live | Monitoring... NSE=₹165.78 BSE=₹165.90 Spread=₹0.12
2025-12-05 10:20:41 | INFO | live | Monitoring... NSE=₹258.83 BSE=₹258.65 Spread=₹0.18
2025-12-05 10:20:46 | INFO | live | Monitoring... NSE=₹258.83 BSE=₹258.65 Spread=₹0.18
2025-12-05 10:20:51 | INFO | live | Monitoring... NSE=₹258.83 BSE=₹258.65 Spread=₹0.18
2025-12-05 10:20:56 | INFO | live | Monitoring... NSE=₹165.71 BSE=₹165.80 Spread=₹0.09
2025-12-05 10:21:01 | INFO | live | Monitoring... NSE=₹258.75 BSE=₹258.80 Spread=₹0.05
2025-12-05 10:21:06 | INFO | live | Monitoring... NSE=₹165.76 BSE=₹165.80 Spread=₹0.04
2025-12-05 10:21:11 | INFO | live | Monitoring... NSE=₹258.79 BSE=₹258.65 Spread=₹0.14
2025-12-05 10:21:16 | INFO | live | Monitoring... NSE=₹258.74 BSE=₹258.65 Spread=₹0.09
2025-12-05 10:21:21 | INFO | live | Monitoring... NSE=₹165.76 BSE=₹165.65 Spread=₹0.11
2025-12-05 10:21:26 | INFO | live | Monitoring... NSE=₹165.76 BSE=₹165.65 Spread=₹0.11
2025-12-05 10:21:31 | INFO | live | Monitoring... NSE=₹165.76 BSE=₹165.65 Spread=₹0.11
2025-12-05 10:21:36 | INFO | live | Monitoring... NSE=₹165.76 BSE=₹165.65 Spread=₹0.11
2025-12-05 10:21:41 | INFO | live | Monitoring... NSE=₹258.75 BSE=₹258.65 Spread=₹0.10
2025-12-05 10:21:46 | INFO | live | Monitoring... NSE=₹258.74 BSE=₹258.60 Spread=₹0.14
2025-12-05 10:21:51 | INFO | live | Monitoring... NSE=₹165.79 BSE=₹165.65 Spread=₹0.14
2025-12-05 10:21:56 | INFO | live | Monitoring... NSE=₹165.76 BSE=₹165.65 Spread=₹0.11
2025-12-05 10:22:01 | INFO | live | Monitoring... NSE=₹258.70 BSE=₹258.60 Spread=₹0.10
2025-12-05 10:22:06 | INFO | live | Monitoring... NSE=₹165.76 BSE=₹165.65 Spread=₹0.11
2025-12-05 10:22:11 | INFO | live | Monitoring... NSE=₹258.79 BSE=₹258.60 Spread=₹0.19
2025-12-05 10:22:16 | INFO | live | Monitoring... NSE=₹258.73 BSE=₹258.50 Spread=₹0.23
2025-12-05 10:22:21 | INFO | live | Monitoring... NSE=₹258.61 BSE=₹258.75 Spread=₹0.14
2025-12-05 10:22:26 | INFO | live | Monitoring... NSE=₹258.61 BSE=₹258.55 Spread=₹0.06
2025-12-05 10:22:32 | INFO | live | Monitoring... NSE=₹258.70 BSE=₹258.50 Spread=₹0.20
2025-12-05 10:22:37 | INFO | live | Monitoring... NSE=₹258.84 BSE=₹258.50 Spread=₹0.34
2025-12-05 10:22:42 | INFO | live | Monitoring... NSE=₹258.72 BSE=₹258.50 Spread=₹0.22
2025-12-05 10:22:47 | INFO | live | Monitoring... NSE=₹258.74 BSE=₹258.55 Spread=₹0.19
2025-12-05 10:22:52 | INFO | live | Monitoring... NSE=₹165.76 BSE=₹165.80 Spread=₹0.04
2025-12-05 10:22:57 | INFO | live | Monitoring... NSE=₹165.77 BSE=₹165.80 Spread=₹0.03
2025-12-05 10:23:02 | INFO | live | Monitoring... NSE=₹165.76 BSE=₹165.80 Spread=₹0.04
2025-12-05 10:23:07 | INFO | live | Monitoring... NSE=₹165.76 BSE=₹165.80 Spread=₹0.04
2025-12-05 10:28:59 | INFO | main | Authenticating with Angel One SmartAPI...
2025-12-05 10:28:59 | INFO | auth | Authentication successful
2025-12-05 10:28:59 | INFO | main | Authentication successful. Starting bot...
2025-12-05 10:28:59 | INFO | data_feed | Starting Angel One WebSocket feed for ['TATAMOTORS', 'ICICIBANK', 'HDFCBANK', 'POWERGRID', 'INFY', 'TCS', 'BPCL', 'TATASTEEL', 'WIPRO']
2025-12-05 10:28:59 | INFO | data_feed | Fetching instrument master data for 9 symbols...
2025-12-05 10:28:59 | WARNING | data_feed | Could not fetch from master data. Using manual token lookup.
2025-12-05 10:28:59 | INFO | data_feed | Resolved 18 instrument tokens
2025-12-05 10:28:59 | INFO | live | Monitoring... (waiting for data)
2025-12-05 10:29:00 | INFO | data_feed | WebSocket connected. Subscribing to 18 instruments
2025-12-05 10:29:04 | INFO | live | Monitoring... NSE=₹258.31 BSE=₹258.35 Spread=₹0.04
2025-12-05 10:29:09 | INFO | live | Monitoring... NSE=₹258.30 BSE=₹258.20 Spread=₹0.10
2025-12-05 10:29:14 | INFO | live | Monitoring... NSE=₹258.25 BSE=₹258.10 Spread=₹0.15
2025-12-05 10:29:20 | INFO | live | Monitoring... NSE=₹258.28 BSE=₹258.10 Spread=₹0.18
2025-12-05 10:29:25 | INFO | live | Monitoring... NSE=₹258.26 BSE=₹258.20 Spread=₹0.06
2025-12-05 10:29:30 | INFO | live | Monitoring... NSE=₹258.11 BSE=₹258.20 Spread=₹0.09
2025-12-05 10:29:35 | INFO | live | Monitoring... NSE=₹165.38 BSE=₹165.30 Spread=₹0.08
2025-12-05 10:29:40 | INFO | live | Monitoring... NSE=₹165.39 BSE=₹165.45 Spread=₹0.06
2025-12-05 10:29:45 | INFO | live | Monitoring... NSE=₹258.30 BSE=₹258.35 Spread=₹0.05
2025-12-05 10:29:50 | INFO | live | Monitoring... NSE=₹258.24 BSE=₹258.10 Spread=₹0.14
2025-12-05 10:29:55 | INFO | live | Monitoring... NSE=₹258.15 BSE=₹258.05 Spread=₹0.10
2025-12-05 10:30:00 | INFO | live | Monitoring... NSE=₹258.19 BSE=₹258.05 Spread=₹0.14
2025-12-05 10:30:05 | INFO | live | Monitoring... NSE=₹258.17 BSE=₹258.20 Spread=₹0.03
2025-12-05 10:30:10 | INFO | live | Monitoring... NSE=₹258.17 BSE=₹257.90 Spread=₹0.27
2025-12-05 10:30:15 | INFO | live | Monitoring... NSE=₹257.86 BSE=₹257.95 Spread=₹0.09
2025-12-05 10:30:20 | INFO | live | Monitoring... NSE=₹257.84 BSE=₹257.75 Spread=₹0.09
2025-12-05 10:30:25 | INFO | live | Monitoring... NSE=₹257.82 BSE=₹257.90 Spread=₹0.08
2025-12-05 10:30:30 | INFO | live | Monitoring... NSE=₹257.85 BSE=₹257.90 Spread=₹0.05
2025-12-05 10:30:35 | INFO | live | Monitoring... NSE=₹257.92 BSE=₹257.75 Spread=₹0.17
2025-12-05 10:30:40 | INFO | live | Monitoring... NSE=₹257.90 BSE=₹257.75 Spread=₹0.15
2025-12-05 10:30:45 | INFO | live | Monitoring... NSE=₹258.00 BSE=₹257.75 Spread=₹0.25
2025-12-05 10:30:45 | INFO | main | Signal WIPRO spread=0.37 buy=BSE@₹257.75 sell=NSE@₹258.12 qty=1
2025-12-05 10:30:45 | INFO | order_executor | Order placed NSE SELL WIPRO qty=1 id=251205000298257
2025-12-05 10:30:45 | INFO | order_executor | Order placed BSE BUY WIPRO qty=1 id=251205000298256
2025-12-05 10:30:47 | INFO | order_executor | ✅ Trade EXECUTED: WIPRO | Spread=₹0.37 | BUY: BSE BUY @ ₹N/A (id=251205000298256) | SELL: NSE SELL @ ₹N/A (id=251205000298257) | Profit=₹N/A
2025-12-05 10:30:47 | INFO | main | Signal WIPRO spread=0.35 buy=BSE@₹257.75 sell=NSE@₹258.10 qty=1
2025-12-05 10:30:47 | INFO | order_executor | Order placed BSE BUY WIPRO qty=1 id=251205000298445
2025-12-05 10:30:47 | INFO | order_executor | Order placed NSE SELL WIPRO qty=1 id=251205000298446
2025-12-05 10:30:49 | INFO | order_executor | ✅ Trade EXECUTED: WIPRO | Spread=₹0.35 | BUY: BSE BUY @ ₹N/A (id=251205000298445) | SELL: NSE SELL @ ₹N/A (id=251205000298446) | Profit=₹N/A
2025-12-05 10:30:50 | INFO | live | Monitoring... NSE=₹258.01 BSE=₹257.90 Spread=₹0.11
2025-12-05 10:30:55 | INFO | live | Monitoring... NSE=₹165.23 BSE=₹165.15 Spread=₹0.08
2025-12-05 10:31:00 | INFO | live | Monitoring... NSE=₹165.18 BSE=₹165.30 Spread=₹0.12
2025-12-05 10:31:05 | INFO | live | Monitoring... NSE=₹258.11 BSE=₹258.00 Spread=₹0.11
2025-12-05 10:31:10 | INFO | live | Monitoring... NSE=₹165.21 BSE=₹165.10 Spread=₹0.11
2025-12-05 10:31:15 | INFO | live | Monitoring... NSE=₹165.18 BSE=₹165.10 Spread=₹0.08
2025-12-05 10:31:20 | INFO | live | Monitoring... NSE=₹165.21 BSE=₹165.30 Spread=₹0.09
2025-12-05 10:31:25 | INFO | live | Monitoring... NSE=₹165.21 BSE=₹165.30 Spread=₹0.09
2025-12-05 10:31:30 | INFO | live | Monitoring... NSE=₹165.32 BSE=₹165.15 Spread=₹0.17
2025-12-05 10:31:35 | INFO | live | Monitoring... NSE=₹258.14 BSE=₹258.00 Spread=₹0.14
2025-12-05 10:31:40 | INFO | live | Monitoring... NSE=₹258.12 BSE=₹258.25 Spread=₹0.13
2025-12-05 10:31:45 | INFO | live | Monitoring... NSE=₹258.19 BSE=₹258.05 Spread=₹0.14
2025-12-05 10:31:50 | INFO | live | Monitoring... NSE=₹258.25 BSE=₹258.05 Spread=₹0.20
2025-12-05 10:31:55 | INFO | live | Monitoring... NSE=₹258.25 BSE=₹258.10 Spread=₹0.15
2025-12-05 10:32:00 | INFO | live | Monitoring... NSE=₹165.39 BSE=₹165.30 Spread=₹0.09
2025-12-05 10:32:05 | INFO | live | Monitoring... NSE=₹258.15 BSE=₹258.25 Spread=₹0.10
2025-12-05 10:32:10 | INFO | live | Monitoring... NSE=₹165.36 BSE=₹165.25 Spread=₹0.11
2025-12-05 10:32:15 | INFO | live | Monitoring... NSE=₹258.20 BSE=₹258.10 Spread=₹0.10
2025-12-05 10:32:20 | INFO | live | Monitoring... NSE=₹258.24 BSE=₹258.10 Spread=₹0.14
2025-12-05 10:32:25 | INFO | live | Monitoring... NSE=₹258.31 BSE=₹258.15 Spread=₹0.16
2025-12-05 10:32:30 | INFO | live | Monitoring... NSE=₹165.40 BSE=₹165.30 Spread=₹0.10
2025-12-05 10:32:35 | INFO | live | Monitoring... NSE=₹165.49 BSE=₹165.30 Spread=₹0.19
2025-12-05 10:32:40 | INFO | live | Monitoring... NSE=₹165.48 BSE=₹165.30 Spread=₹0.18
2025-12-05 10:32:45 | INFO | live | Monitoring... NSE=₹258.52 BSE=₹258.45 Spread=₹0.07
2025-12-05 10:32:50 | INFO | live | Monitoring... NSE=₹165.48 BSE=₹165.40 Spread=₹0.08
2025-12-05 10:32:55 | INFO | live | Monitoring... NSE=₹258.43 BSE=₹258.60 Spread=₹0.17
2025-12-05 10:33:00 | INFO | live | Monitoring... NSE=₹165.52 BSE=₹165.40 Spread=₹0.12
2025-12-05 10:33:02 | INFO | main | Signal WIPRO spread=0.31 buy=BSE@₹258.20 sell=NSE@₹258.51 qty=1
2025-12-05 10:33:02 | INFO | order_executor | Order placed NSE SELL WIPRO qty=1 id=251205000308766
2025-12-05 10:33:02 | INFO | order_executor | Order placed BSE BUY WIPRO qty=1 id=251205000308772
2025-12-05 10:33:04 | INFO | order_executor | ✅ Trade EXECUTED: WIPRO | Spread=₹0.31 | BUY: BSE BUY @ ₹N/A (id=251205000308772) | SELL: NSE SELL @ ₹N/A (id=251205000308766) | Profit=₹N/A
2025-12-05 10:33:05 | INFO | live | Monitoring... NSE=₹258.39 BSE=₹258.50 Spread=₹0.11
2025-12-05 10:33:10 | INFO | live | Monitoring... NSE=₹165.45 BSE=₹165.50 Spread=₹0.05
2025-12-05 10:33:15 | INFO | live | Monitoring... NSE=₹165.45 BSE=₹165.40 Spread=₹0.05
2025-12-05 10:33:20 | INFO | live | Monitoring... NSE=₹258.35 BSE=₹258.25 Spread=₹0.10
2025-12-05 10:33:25 | INFO | live | Monitoring... NSE=₹258.39 BSE=₹258.25 Spread=₹0.14
2025-12-05 10:33:30 | INFO | live | Monitoring... NSE=₹258.39 BSE=₹258.25 Spread=₹0.14
2025-12-05 10:33:35 | INFO | live | Monitoring... NSE=₹165.43 BSE=₹165.35 Spread=₹0.08
2025-12-05 10:33:40 | INFO | live | Monitoring... NSE=₹165.43 BSE=₹165.35 Spread=₹0.08
2025-12-05 10:33:45 | INFO | live | Monitoring... NSE=₹165.42 BSE=₹165.50 Spread=₹0.08
2025-12-05 10:33:50 | INFO | live | Monitoring... NSE=₹258.26 BSE=₹258.15 Spread=₹0.11
2025-12-05 10:33:55 | INFO | live | Monitoring... NSE=₹258.30 BSE=₹258.15 Spread=₹0.15
2025-12-05 10:34:00 | INFO | live | Monitoring... NSE=₹258.38 BSE=₹258.15 Spread=₹0.23
2025-12-05 10:34:05 | INFO | live | Monitoring... NSE=₹165.38 BSE=₹165.40 Spread=₹0.02
2025-12-05 10:34:10 | INFO | live | Monitoring... NSE=₹258.27 BSE=₹258.35 Spread=₹0.08
2025-12-05 10:34:15 | INFO | live | Monitoring... NSE=₹165.36 BSE=₹165.40 Spread=₹0.04
2025-12-05 10:34:20 | INFO | live | Monitoring... NSE=₹165.44 BSE=₹165.40 Spread=₹0.04
2025-12-05 10:34:25 | INFO | live | Monitoring... NSE=₹258.38 BSE=₹258.35 Spread=₹0.03
2025-12-05 10:34:30 | INFO | live | Monitoring... NSE=₹165.39 BSE=₹165.25 Spread=₹0.14
2025-12-05 10:34:35 | INFO | live | Monitoring... NSE=₹258.41 BSE=₹258.35 Spread=₹0.06
2025-12-05 10:34:40 | INFO | live | Monitoring... NSE=₹258.39 BSE=₹258.45 Spread=₹0.06
2025-12-05 10:34:45 | INFO | live | Monitoring... NSE=₹258.30 BSE=₹258.35 Spread=₹0.05
2025-12-05 10:34:50 | INFO | live | Monitoring... NSE=₹258.40 BSE=₹258.20 Spread=₹0.20
2025-12-05 10:34:55 | INFO | live | Monitoring... NSE=₹258.30 BSE=₹258.40 Spread=₹0.10
2025-12-05 10:35:00 | INFO | live | Monitoring... NSE=₹258.30 BSE=₹258.40 Spread=₹0.10
2025-12-05 10:35:05 | INFO | live | Monitoring... NSE=₹258.25 BSE=₹258.40 Spread=₹0.15
2025-12-05 10:35:10 | INFO | live | Monitoring... NSE=₹258.36 BSE=₹258.20 Spread=₹0.16
2025-12-05 10:35:15 | INFO | live | Monitoring... NSE=₹258.27 BSE=₹258.20 Spread=₹0.07
2025-12-05 10:35:20 | INFO | live | Monitoring... NSE=₹258.29 BSE=₹258.20 Spread=₹0.09
2025-12-05 10:35:25 | INFO | live | Monitoring... NSE=₹258.40 BSE=₹258.20 Spread=₹0.20
2025-12-05 10:35:30 | INFO | live | Monitoring... NSE=₹258.32 BSE=₹258.20 Spread=₹0.12
2025-12-05 10:35:35 | INFO | live | Monitoring... NSE=₹165.40 BSE=₹165.35 Spread=₹0.05
2025-12-05 10:35:40 | INFO | live | Monitoring... NSE=₹258.34 BSE=₹258.45 Spread=₹0.11
2025-12-05 10:35:45 | INFO | live | Monitoring... NSE=₹165.38 BSE=₹165.45 Spread=₹0.07
2025-12-05 10:35:50 | INFO | live | Monitoring... NSE=₹258.45 BSE=₹258.30 Spread=₹0.15
2025-12-05 10:35:55 | INFO | live | Monitoring... NSE=₹258.50 BSE=₹258.35 Spread=₹0.15
2025-12-05 10:36:00 | INFO | live | Monitoring... NSE=₹258.55 BSE=₹258.35 Spread=₹0.20
2025-12-05 10:36:05 | INFO | live | Monitoring... NSE=₹258.54 BSE=₹258.50 Spread=₹0.04
2025-12-05 10:36:10 | INFO | live | Monitoring... NSE=₹165.37 BSE=₹165.30 Spread=₹0.07
2025-12-05 10:36:15 | INFO | live | Monitoring... NSE=₹258.60 BSE=₹258.50 Spread=₹0.10
2025-12-05 10:36:20 | INFO | live | Monitoring... NSE=₹165.38 BSE=₹165.30 Spread=₹0.08
2025-12-05 10:36:25 | INFO | live | Monitoring... NSE=₹258.69 BSE=₹258.65 Spread=₹0.04
2025-12-05 10:36:30 | INFO | live | Monitoring... NSE=₹258.75 BSE=₹258.65 Spread=₹0.10
2025-12-05 10:36:35 | INFO | live | Monitoring... NSE=₹258.82 BSE=₹258.75 Spread=₹0.07
2025-12-05 10:36:40 | INFO | live | Monitoring... NSE=₹165.43 BSE=₹165.35 Spread=₹0.08
2025-12-05 10:36:45 | INFO | live | Monitoring... NSE=₹165.40 BSE=₹165.35 Spread=₹0.05
2025-12-05 10:36:50 | INFO | live | Monitoring... NSE=₹165.37 BSE=₹165.45 Spread=₹0.08
2025-12-05 10:36:55 | INFO | live | Monitoring... NSE=₹165.41 BSE=₹165.45 Spread=₹0.04
2025-12-05 10:37:00 | INFO | live | Monitoring... NSE=₹165.44 BSE=₹165.35 Spread=₹0.09
2025-12-05 10:37:05 | INFO | live | Monitoring... NSE=₹258.84 BSE=₹258.85 Spread=₹0.01
2025-12-05 10:37:10 | INFO | live | Monitoring... NSE=₹165.39 BSE=₹165.45 Spread=₹0.06
2025-12-05 10:37:15 | INFO | live | Monitoring... NSE=₹258.81 BSE=₹258.70 Spread=₹0.11
2025-12-05 10:37:20 | INFO | live | Monitoring... NSE=₹258.82 BSE=₹258.85 Spread=₹0.03
2025-12-05 10:37:25 | INFO | live | Monitoring... NSE=₹258.84 BSE=₹258.65 Spread=₹0.19
2025-12-05 10:37:30 | INFO | live | Monitoring... NSE=₹165.44 BSE=₹165.35 Spread=₹0.09
2025-12-05 10:37:35 | INFO | live | Monitoring... NSE=₹259.00 BSE=₹258.90 Spread=₹0.10
2025-12-05 10:37:40 | INFO | live | Monitoring... NSE=₹165.43 BSE=₹165.35 Spread=₹0.08
2025-12-05 10:37:45 | INFO | live | Monitoring... NSE=₹258.99 BSE=₹258.90 Spread=₹0.09
2025-12-05 10:37:50 | INFO | live | Monitoring... NSE=₹165.45 BSE=₹165.35 Spread=₹0.10
2025-12-05 10:37:55 | INFO | live | Monitoring... NSE=₹259.15 BSE=₹258.95 Spread=₹0.20
2025-12-05 10:38:00 | INFO | live | Monitoring... NSE=₹259.19 BSE=₹259.15 Spread=₹0.04
2025-12-05 10:38:06 | INFO | live | Monitoring... NSE=₹259.03 BSE=₹258.95 Spread=₹0.08
2025-12-05 10:38:11 | INFO | live | Monitoring... NSE=₹259.07 BSE=₹258.85 Spread=₹0.22
2025-12-05 10:38:16 | INFO | live | Monitoring... NSE=₹165.53 BSE=₹165.35 Spread=₹0.18
2025-12-05 10:38:21 | INFO | live | Monitoring... NSE=₹165.53 BSE=₹165.50 Spread=₹0.03
2025-12-05 10:38:26 | INFO | live | Monitoring... NSE=₹165.55 BSE=₹165.40 Spread=₹0.15
2025-12-05 10:38:31 | INFO | live | Monitoring... NSE=₹259.23 BSE=₹259.10 Spread=₹0.13
2025-12-05 10:38:35 | INFO | live | Monitoring... NSE=₹259.32 BSE=₹259.20 Spread=₹0.12
2025-12-05 10:38:41 | INFO | live | Monitoring... NSE=₹165.55 BSE=₹165.50 Spread=₹0.05
2025-12-05 10:38:46 | INFO | live | Monitoring... NSE=₹259.36 BSE=₹259.15 Spread=₹0.21
2025-12-05 10:38:51 | INFO | live | Monitoring... NSE=₹165.55 BSE=₹165.45 Spread=₹0.10
2025-12-05 10:38:56 | INFO | live | Monitoring... NSE=₹165.54 BSE=₹165.50 Spread=₹0.04
2025-12-05 10:39:01 | INFO | live | Monitoring... NSE=₹259.22 BSE=₹259.35 Spread=₹0.13
2025-12-05 10:39:06 | INFO | live | Monitoring... NSE=₹259.36 BSE=₹259.15 Spread=₹0.21
2025-12-05 10:39:11 | INFO | live | Monitoring... NSE=₹259.22 BSE=₹259.25 Spread=₹0.03
2025-12-05 10:39:16 | INFO | live | Monitoring... NSE=₹259.30 BSE=₹259.25 Spread=₹0.05
2025-12-05 10:39:21 | INFO | live | Monitoring... NSE=₹165.55 BSE=₹165.50 Spread=₹0.05
2025-12-05 10:39:26 | INFO | live | Monitoring... NSE=₹165.53 BSE=₹165.50 Spread=₹0.03
2025-12-05 10:39:31 | INFO | live | Monitoring... NSE=₹259.21 BSE=₹259.30 Spread=₹0.09
2025-12-05 10:39:36 | INFO | live | Monitoring... NSE=₹259.26 BSE=₹259.30 Spread=₹0.04
2025-12-05 10:39:41 | INFO | live | Monitoring... NSE=₹259.24 BSE=₹259.30 Spread=₹0.06
2025-12-05 10:39:46 | INFO | live | Monitoring... NSE=₹165.52 BSE=₹165.55 Spread=₹0.03
2025-12-05 10:39:51 | INFO | live | Monitoring... NSE=₹259.20 BSE=₹259.05 Spread=₹0.15
2025-12-05 10:39:56 | INFO | live | Monitoring... NSE=₹165.53 BSE=₹165.55 Spread=₹0.02
2025-12-05 10:40:01 | INFO | live | Monitoring... NSE=₹165.50 BSE=₹165.55 Spread=₹0.05
2025-12-05 10:40:06 | INFO | live | Monitoring... NSE=₹259.11 BSE=₹259.05 Spread=₹0.06
2025-12-05 10:40:11 | INFO | live | Monitoring... NSE=₹259.12 BSE=₹259.05 Spread=₹0.07
2025-12-05 10:40:16 | INFO | live | Monitoring... NSE=₹165.58 BSE=₹165.55 Spread=₹0.03
2025-12-05 10:40:21 | INFO | live | Monitoring... NSE=₹259.12 BSE=₹259.00 Spread=₹0.12
2025-12-05 10:40:26 | INFO | live | Monitoring... NSE=₹259.10 BSE=₹259.15 Spread=₹0.05
2025-12-05 10:40:31 | INFO | live | Monitoring... NSE=₹259.05 BSE=₹259.15 Spread=₹0.10
2025-12-05 10:40:36 | INFO | live | Monitoring... NSE=₹259.10 BSE=₹259.15 Spread=₹0.05
2025-12-05 10:40:41 | INFO | live | Monitoring... NSE=₹165.58 BSE=₹165.55 Spread=₹0.03
2025-12-05 10:40:46 | INFO | live | Monitoring... NSE=₹165.53 BSE=₹165.55 Spread=₹0.02
2025-12-05 10:40:51 | INFO | live | Monitoring... NSE=₹259.34 BSE=₹259.15 Spread=₹0.19
2025-12-05 10:40:56 | INFO | live | Monitoring... NSE=₹165.66 BSE=₹165.55 Spread=₹0.11
2025-12-05 10:41:01 | INFO | live | Monitoring... NSE=₹259.26 BSE=₹259.10 Spread=₹0.16
2025-12-05 10:41:06 | INFO | live | Monitoring... NSE=₹165.59 BSE=₹165.65 Spread=₹0.06
2025-12-05 10:41:11 | INFO | live | Monitoring... NSE=₹259.47 BSE=₹259.40 Spread=₹0.07
2025-12-05 10:41:16 | INFO | live | Monitoring... NSE=₹259.50 BSE=₹259.45 Spread=₹0.05
2025-12-05 10:41:21 | INFO | live | Monitoring... NSE=₹165.57 BSE=₹165.55 Spread=₹0.02
2025-12-05 10:41:26 | INFO | live | Monitoring... NSE=₹259.49 BSE=₹259.40 Spread=₹0.09
2025-12-05 10:41:31 | INFO | live | Monitoring... NSE=₹259.51 BSE=₹259.40 Spread=₹0.11
2025-12-05 10:41:36 | INFO | live | Monitoring... NSE=₹259.48 BSE=₹259.50 Spread=₹0.02
2025-12-05 10:41:41 | INFO | live | Monitoring... NSE=₹259.40 BSE=₹259.50 Spread=₹0.10
2025-12-05 10:41:46 | INFO | live | Monitoring... NSE=₹259.49 BSE=₹259.30 Spread=₹0.19
2025-12-05 10:41:51 | INFO | live | Monitoring... NSE=₹259.42 BSE=₹259.35 Spread=₹0.07
2025-12-05 10:41:56 | INFO | live | Monitoring... NSE=₹259.62 BSE=₹259.60 Spread=₹0.02
2025-12-05 10:42:01 | INFO | live | Monitoring... NSE=₹165.60 BSE=₹165.65 Spread=₹0.05
2025-12-05 10:42:06 | INFO | live | Monitoring... NSE=₹259.59 BSE=₹259.60 Spread=₹0.01
2025-12-05 10:42:11 | INFO | live | Monitoring... NSE=₹259.66 BSE=₹259.70 Spread=₹0.04
2025-12-05 10:42:16 | INFO | live | Monitoring... NSE=₹259.59 BSE=₹259.70 Spread=₹0.11
2025-12-05 10:42:21 | INFO | live | Monitoring... NSE=₹165.62 BSE=₹165.70 Spread=₹0.08
2025-12-05 10:42:26 | INFO | live | Monitoring... NSE=₹259.54 BSE=₹259.50 Spread=₹0.04
2025-12-05 10:42:31 | INFO | live | Monitoring... NSE=₹165.67 BSE=₹165.70 Spread=₹0.03
2025-12-05 10:42:36 | INFO | live | Monitoring... NSE=₹259.57 BSE=₹259.50 Spread=₹0.07
2025-12-05 10:42:41 | INFO | live | Monitoring... NSE=₹259.60 BSE=₹259.50 Spread=₹0.10
2025-12-05 10:42:46 | INFO | live | Monitoring... NSE=₹259.55 BSE=₹259.70 Spread=₹0.15
2025-12-05 10:42:51 | INFO | live | Monitoring... NSE=₹259.59 BSE=₹259.45 Spread=₹0.14
2025-12-05 10:42:56 | INFO | live | Monitoring... NSE=₹165.60 BSE=₹165.70 Spread=₹0.10
2025-12-05 10:43:01 | INFO | live | Monitoring... NSE=₹259.59 BSE=₹259.70 Spread=₹0.11
2025-12-05 10:43:06 | INFO | live | Monitoring... NSE=₹259.59 BSE=₹259.70 Spread=₹0.11
2025-12-05 10:43:11 | INFO | live | Monitoring... NSE=₹259.62 BSE=₹259.50 Spread=₹0.12
2025-12-05 10:43:16 | INFO | live | Monitoring... NSE=₹259.63 BSE=₹259.50 Spread=₹0.13
2025-12-05 10:43:21 | INFO | live | Monitoring... NSE=₹259.60 BSE=₹259.65 Spread=₹0.05
2025-12-05 10:43:26 | INFO | live | Monitoring... NSE=₹165.63 BSE=₹165.65 Spread=₹0.02
2025-12-05 10:43:31 | INFO | live | Monitoring... NSE=₹165.62 BSE=₹165.65 Spread=₹0.03
2025-12-05 10:43:36 | INFO | live | Monitoring... NSE=₹259.55 BSE=₹259.40 Spread=₹0.15
2025-12-05 10:43:41 | INFO | live | Monitoring... NSE=₹259.50 BSE=₹259.40 Spread=₹0.10
2025-12-05 10:43:46 | INFO | live | Monitoring... NSE=₹165.60 BSE=₹165.65 Spread=₹0.05
2025-12-05 10:43:51 | INFO | live | Monitoring... NSE=₹259.50 BSE=₹259.40 Spread=₹0.10
2025-12-05 10:43:56 | INFO | live | Monitoring... NSE=₹165.67 BSE=₹165.70 Spread=₹0.03
2025-12-05 10:44:01 | INFO | live | Monitoring... NSE=₹259.54 BSE=₹259.50 Spread=₹0.04
2025-12-05 10:44:06 | INFO | live | Monitoring... NSE=₹259.51 BSE=₹259.55 Spread=₹0.04
2025-12-05 10:44:11 | INFO | live | Monitoring... NSE=₹259.60 BSE=₹259.55 Spread=₹0.05
2025-12-05 10:44:16 | INFO | live | Monitoring... NSE=₹259.56 BSE=₹259.55 Spread=₹0.01
2025-12-05 10:44:21 | INFO | live | Monitoring... NSE=₹259.57 BSE=₹259.45 Spread=₹0.12
2025-12-05 10:44:26 | INFO | live | Monitoring... NSE=₹259.57 BSE=₹259.45 Spread=₹0.12
2025-12-05 10:44:31 | INFO | live | Monitoring... NSE=₹259.61 BSE=₹259.50 Spread=₹0.11
2025-12-05 10:44:36 | INFO | live | Monitoring... NSE=₹259.65 BSE=₹259.50 Spread=₹0.15
2025-12-05 10:44:41 | INFO | live | Monitoring... NSE=₹259.65 BSE=₹259.45 Spread=₹0.20
2025-12-05 10:44:46 | INFO | live | Monitoring... NSE=₹165.76 BSE=₹165.65 Spread=₹0.11
2025-12-05 10:44:51 | INFO | live | Monitoring... NSE=₹165.76 BSE=₹165.70 Spread=₹0.06
2025-12-05 10:44:56 | INFO | live | Monitoring... NSE=₹259.64 BSE=₹259.75 Spread=₹0.11
2025-12-05 10:45:01 | INFO | live | Monitoring... NSE=₹259.71 BSE=₹259.50 Spread=₹0.21
2025-12-05 10:45:06 | INFO | live | Monitoring... NSE=₹259.70 BSE=₹259.60 Spread=₹0.10
2025-12-05 10:45:11 | INFO | live | Monitoring... NSE=₹165.79 BSE=₹165.70 Spread=₹0.09
2025-12-05 10:45:16 | INFO | live | Monitoring... NSE=₹259.50 BSE=₹259.60 Spread=₹0.10
2025-12-05 10:45:21 | INFO | live | Monitoring... NSE=₹259.50 BSE=₹259.60 Spread=₹0.10
2025-12-05 10:45:26 | INFO | live | Monitoring... NSE=₹165.79 BSE=₹165.80 Spread=₹0.01
2025-12-05 10:45:31 | INFO | live | Monitoring... NSE=₹259.50 BSE=₹259.60 Spread=₹0.10
2025-12-05 10:45:36 | INFO | live | Monitoring... NSE=₹259.54 BSE=₹259.50 Spread=₹0.04
2025-12-05 10:45:41 | INFO | live | Monitoring... NSE=₹259.49 BSE=₹259.35 Spread=₹0.14
2025-12-05 10:45:46 | INFO | live | Monitoring... NSE=₹165.75 BSE=₹165.80 Spread=₹0.05
2025-12-05 10:45:51 | INFO | live | Monitoring... NSE=₹259.30 BSE=₹259.40 Spread=₹0.10
2025-12-05 10:45:56 | INFO | live | Monitoring... NSE=₹165.72 BSE=₹165.60 Spread=₹0.12
2025-12-05 10:46:01 | INFO | live | Monitoring... NSE=₹165.74 BSE=₹165.60 Spread=₹0.14
2025-12-05 10:46:06 | INFO | live | Monitoring... NSE=₹165.75 BSE=₹165.60 Spread=₹0.15
2025-12-05 10:46:11 | INFO | live | Monitoring... NSE=₹259.31 BSE=₹259.45 Spread=₹0.14
2025-12-05 10:46:16 | INFO | live | Monitoring... NSE=₹165.67 BSE=₹165.75 Spread=₹0.08
2025-12-05 10:46:21 | INFO | live | Monitoring... NSE=₹165.68 BSE=₹165.75 Spread=₹0.07
2025-12-05 10:46:26 | INFO | live | Monitoring... NSE=₹259.39 BSE=₹259.35 Spread=₹0.04
2025-12-05 10:46:31 | INFO | live | Monitoring... NSE=₹259.50 BSE=₹259.35 Spread=₹0.15
2025-12-05 10:46:36 | INFO | live | Monitoring... NSE=₹165.69 BSE=₹165.75 Spread=₹0.06
2025-12-05 10:46:41 | INFO | live | Monitoring... NSE=₹259.60 BSE=₹259.45 Spread=₹0.15
2025-12-05 10:46:46 | INFO | live | Monitoring... NSE=₹259.69 BSE=₹259.60 Spread=₹0.09
2025-12-05 10:46:51 | INFO | live | Monitoring... NSE=₹165.69 BSE=₹165.75 Spread=₹0.06
2025-12-05 10:46:56 | INFO | live | Monitoring... NSE=₹259.68 BSE=₹259.65 Spread=₹0.03
2025-12-05 10:47:01 | INFO | live | Monitoring... NSE=₹259.60 BSE=₹259.75 Spread=₹0.15
2025-12-05 10:47:06 | INFO | live | Monitoring... NSE=₹259.70 BSE=₹259.50 Spread=₹0.20
2025-12-05 10:47:11 | INFO | live | Monitoring... NSE=₹259.58 BSE=₹259.50 Spread=₹0.08
2025-12-05 10:47:16 | INFO | live | Monitoring... NSE=₹165.79 BSE=₹165.75 Spread=₹0.04
2025-12-05 10:47:21 | INFO | live | Monitoring... NSE=₹165.79 BSE=₹165.60 Spread=₹0.19
2025-12-05 10:47:26 | INFO | live | Monitoring... NSE=₹165.79 BSE=₹165.60 Spread=₹0.19
2025-12-05 10:47:31 | INFO | live | Monitoring... NSE=₹259.54 BSE=₹259.65 Spread=₹0.11
2025-12-05 10:47:36 | INFO | live | Monitoring... NSE=₹259.50 BSE=₹259.60 Spread=₹0.10
2025-12-05 10:47:41 | INFO | live | Monitoring... NSE=₹259.50 BSE=₹259.55 Spread=₹0.05
2025-12-05 10:47:46 | INFO | live | Monitoring... NSE=₹165.79 BSE=₹165.75 Spread=₹0.04
2025-12-05 10:47:51 | INFO | live | Monitoring... NSE=₹259.90 BSE=₹259.85 Spread=₹0.05
2025-12-05 10:47:56 | INFO | live | Monitoring... NSE=₹259.98 BSE=₹259.90 Spread=₹0.08
2025-12-05 10:48:01 | INFO | live | Monitoring... NSE=₹259.97 BSE=₹259.90 Spread=₹0.07
2025-12-05 10:48:06 | INFO | live | Monitoring... NSE=₹259.95 BSE=₹259.85 Spread=₹0.10
2025-12-05 10:48:11 | INFO | live | Monitoring... (waiting for data)
2025-12-05 10:48:16 | INFO | live | Monitoring... NSE=₹259.92 BSE=₹259.85 Spread=₹0.07
2025-12-05 10:48:21 | INFO | live | Monitoring... NSE=₹165.79 BSE=₹165.75 Spread=₹0.04
2025-12-05 10:48:26 | INFO | live | Monitoring... NSE=₹259.72 BSE=₹259.60 Spread=₹0.12
2025-12-05 10:48:31 | INFO | live | Monitoring... NSE=₹259.71 BSE=₹259.60 Spread=₹0.11
2025-12-05 10:48:36 | INFO | live | Monitoring... NSE=₹165.70 BSE=₹165.75 Spread=₹0.05
2025-12-05 10:48:42 | INFO | live | Monitoring... NSE=₹259.65 BSE=₹259.60 Spread=₹0.05
2025-12-05 10:48:47 | INFO | live | Monitoring... NSE=₹165.76 BSE=₹165.80 Spread=₹0.04
2025-12-05 10:48:52 | INFO | live | Monitoring... NSE=₹259.58 BSE=₹259.75 Spread=₹0.17
2025-12-05 10:48:57 | INFO | live | Monitoring... NSE=₹259.60 BSE=₹259.70 Spread=₹0.10
2025-12-05 10:49:02 | INFO | live | Monitoring... NSE=₹165.73 BSE=₹165.65 Spread=₹0.08
2025-12-05 10:49:07 | INFO | live | Monitoring... NSE=₹165.75 BSE=₹165.65 Spread=₹0.10
2025-12-05 10:49:12 | INFO | live | Monitoring... NSE=₹165.73 BSE=₹165.65 Spread=₹0.08
2025-12-05 10:49:17 | INFO | live | Monitoring... NSE=₹165.75 BSE=₹165.80 Spread=₹0.05
2025-12-05 10:49:22 | INFO | live | Monitoring... NSE=₹259.74 BSE=₹259.80 Spread=₹0.06
2025-12-05 10:49:27 | INFO | live | Monitoring... NSE=₹165.82 BSE=₹165.80 Spread=₹0.02
2025-12-05 10:49:32 | INFO | live | Monitoring... NSE=₹165.84 BSE=₹165.80 Spread=₹0.04
2025-12-05 10:49:37 | INFO | live | Monitoring... NSE=₹259.75 BSE=₹259.80 Spread=₹0.05
2025-12-05 10:49:42 | INFO | live | Monitoring... NSE=₹259.78 BSE=₹259.80 Spread=₹0.02
2025-12-05 10:49:47 | INFO | live | Monitoring... NSE=₹259.78 BSE=₹259.70 Spread=₹0.08
2025-12-05 10:49:52 | INFO | live | Monitoring... NSE=₹259.78 BSE=₹259.70 Spread=₹0.08
2025-12-05 10:49:57 | INFO | live | Monitoring... NSE=₹259.82 BSE=₹259.70 Spread=₹0.12
2025-12-05 10:50:02 | INFO | live | Monitoring... NSE=₹165.75 BSE=₹165.80 Spread=₹0.05
2025-12-05 10:50:07 | INFO | live | Monitoring... NSE=₹259.74 BSE=₹259.65 Spread=₹0.09
2025-12-05 10:50:12 | INFO | live | Monitoring... NSE=₹259.75 BSE=₹259.85 Spread=₹0.10
2025-12-05 10:50:17 | INFO | live | Monitoring... NSE=₹165.77 BSE=₹165.80 Spread=₹0.03
2025-12-05 10:50:22 | INFO | live | Monitoring... NSE=₹165.79 BSE=₹165.80 Spread=₹0.01
2025-12-05 10:50:27 | INFO | live | Monitoring... NSE=₹165.79 BSE=₹165.80 Spread=₹0.01
2025-12-05 10:50:32 | INFO | live | Monitoring... NSE=₹259.78 BSE=₹259.75 Spread=₹0.03
2025-12-05 10:50:37 | INFO | live | Monitoring... NSE=₹259.67 BSE=₹259.80 Spread=₹0.13
2025-12-05 10:50:42 | INFO | live | Monitoring... NSE=₹165.73 BSE=₹165.75 Spread=₹0.02
2025-12-05 10:50:47 | INFO | live | Monitoring... NSE=₹165.72 BSE=₹165.75 Spread=₹0.03
2025-12-05 10:50:52 | INFO | live | Monitoring... NSE=₹259.71 BSE=₹259.65 Spread=₹0.06
2025-12-05 10:50:57 | INFO | live | Monitoring... NSE=₹165.84 BSE=₹165.75 Spread=₹0.09
2025-12-05 10:51:02 | INFO | live | Monitoring... NSE=₹165.80 BSE=₹165.75 Spread=₹0.05
2025-12-05 10:51:07 | INFO | live | Monitoring... NSE=₹165.80 BSE=₹165.70 Spread=₹0.10
2025-12-05 10:51:12 | INFO | live | Monitoring... NSE=₹165.80 BSE=₹165.70 Spread=₹0.10
2025-12-05 10:51:17 | INFO | live | Monitoring... NSE=₹259.76 BSE=₹259.55 Spread=₹0.21
2025-12-05 10:51:22 | INFO | live | Monitoring... NSE=₹259.75 BSE=₹259.55 Spread=₹0.20
2025-12-05 10:51:27 | INFO | live | Monitoring... NSE=₹165.80 BSE=₹165.70 Spread=₹0.10
2025-12-05 10:51:32 | INFO | live | Monitoring... NSE=₹165.86 BSE=₹165.70 Spread=₹0.16
2025-12-05 10:51:37 | INFO | live | Monitoring... NSE=₹165.87 BSE=₹165.70 Spread=₹0.17
2025-12-05 10:51:42 | INFO | live | Monitoring... NSE=₹165.86 BSE=₹165.90 Spread=₹0.04
2025-12-05 10:51:47 | INFO | live | Monitoring... NSE=₹259.68 BSE=₹259.80 Spread=₹0.12
2025-12-05 10:51:52 | INFO | live | Monitoring... NSE=₹259.65 BSE=₹259.55 Spread=₹0.10
2025-12-05 10:51:57 | INFO | live | Monitoring... NSE=₹259.70 BSE=₹259.75 Spread=₹0.05
2025-12-05 10:52:02 | INFO | live | Monitoring... NSE=₹259.73 BSE=₹259.75 Spread=₹0.02
2025-12-05 10:52:08 | INFO | live | Monitoring... NSE=₹259.69 BSE=₹259.55 Spread=₹0.14
2025-12-05 10:52:13 | INFO | live | Monitoring... NSE=₹165.87 BSE=₹165.75 Spread=₹0.12
2025-12-05 10:52:18 | INFO | live | Monitoring... NSE=₹165.86 BSE=₹165.75 Spread=₹0.11
2025-12-05 10:52:23 | INFO | live | Monitoring... NSE=₹165.88 BSE=₹165.75 Spread=₹0.13
2025-12-05 10:52:28 | INFO | live | Monitoring... NSE=₹165.87 BSE=₹165.75 Spread=₹0.12
2025-12-05 10:52:32 | INFO | live | Monitoring... NSE=₹259.65 BSE=₹259.45 Spread=₹0.20
2025-12-05 10:52:38 | INFO | live | Monitoring... NSE=₹166.00 BSE=₹165.90 Spread=₹0.10
2025-12-05 10:52:43 | INFO | live | Monitoring... NSE=₹259.75 BSE=₹259.70 Spread=₹0.05
2025-12-05 10:52:48 | INFO | live | Monitoring... NSE=₹165.99 BSE=₹165.90 Spread=₹0.09
2025-12-05 10:52:53 | INFO | live | Monitoring... NSE=₹259.69 BSE=₹259.50 Spread=₹0.19
2025-12-05 10:52:58 | INFO | live | Monitoring... NSE=₹259.76 BSE=₹259.50 Spread=₹0.26
2025-12-05 10:53:03 | INFO | live | Monitoring... NSE=₹165.99 BSE=₹165.90 Spread=₹0.09
2025-12-05 10:53:03 | INFO | main | Signal TATASTEEL spread=0.37 buy=BSE@₹165.90 sell=NSE@₹166.27 qty=1
2025-12-05 10:53:04 | ERROR | order_executor | Order placement returned unexpected type: None (type: <class 'NoneType'>)
2025-12-05 10:53:04 | ERROR | order_executor | Order params were: {'variety': 'NORMAL', 'tradingsymbol': 'TATASTEEL-EQ', 'symboltoken': '3499', 'transactiontype': 'SELL', 'exchange': 'NSE', 'ordertype': 'MARKET', 'producttype': 'INTRADAY', 'duration': 'IOC', 'quantity': '1'}
2025-12-05 10:53:04 | INFO | order_executor | Order placed BSE BUY TATASTEEL qty=1 id=251205000360980
2025-12-05 10:53:05 | WARNING | order_executor | ⚠️ Trade INCOMPLETE: TATASTEEL | Spread=₹0.37 | BUY: BSE (id=251205000360980, status=COMPLETE, price=166.3) | SELL: NSE (id=N/A, status=error, price=N/A)
2025-12-05 10:53:05 | ERROR | order_executor | Failsafe triggered for TATASTEEL: {'buy': {'result': {'order_id': '251205000360980', 'status': 'COMPLETE', 'price': 166.3}, 'leg': OrderLeg(exchange='BSE', symbol='TATASTEEL', side='BUY', quantity=1, order_type='MARKET', product='INTRADAY', validity='IOC', price=0.0, trigger_price=0.0)}, 'sell': {'result': {'error': "Unexpected response type: <class 'NoneType'>", 'status': 'error'}, 'leg': OrderLeg(exchange='NSE', symbol='TATASTEEL', side='SELL', quantity=1, order_type='MARKET', product='INTRADAY', validity='IOC', price=0.0, trigger_price=0.0)}}
2025-12-05 10:53:05 | INFO | order_executor | Order placed BSE SELL TATASTEEL qty=1 id=251205000361020
2025-12-05 10:53:07 | INFO | main | Signal TATASTEEL spread=0.34 buy=BSE@₹165.90 sell=NSE@₹166.24 qty=1
2025-12-05 10:53:07 | ERROR | order_executor | Order placement returned unexpected type: None (type: <class 'NoneType'>)
2025-12-05 10:53:07 | ERROR | order_executor | Order params were: {'variety': 'NORMAL', 'tradingsymbol': 'TATASTEEL-EQ', 'symboltoken': '3499', 'transactiontype': 'SELL', 'exchange': 'NSE', 'ordertype': 'MARKET', 'producttype': 'INTRADAY', 'duration': 'IOC', 'quantity': '1'}
2025-12-05 10:53:07 | INFO | order_executor | Order placed BSE BUY TATASTEEL qty=1 id=251205000361060
2025-12-05 10:53:08 | WARNING | order_executor | ⚠️ Trade INCOMPLETE: TATASTEEL | Spread=₹0.34 | BUY: BSE (id=251205000361060, status=COMPLETE, price=N/A) | SELL: NSE (id=N/A, status=error, price=N/A)
2025-12-05 10:53:08 | ERROR | order_executor | Failsafe triggered for TATASTEEL: {'buy': {'result': {'order_id': '251205000361060', 'status': 'COMPLETE', 'price': None}, 'leg': OrderLeg(exchange='BSE', symbol='TATASTEEL', side='BUY', quantity=1, order_type='MARKET', product='INTRADAY', validity='IOC', price=0.0, trigger_price=0.0)}, 'sell': {'result': {'error': "Unexpected response type: <class 'NoneType'>", 'status': 'error'}, 'leg': OrderLeg(exchange='NSE', symbol='TATASTEEL', side='SELL', quantity=1, order_type='MARKET', product='INTRADAY', validity='IOC', price=0.0, trigger_price=0.0)}}
2025-12-05 10:53:08 | INFO | live | Monitoring... NSE=₹166.24 BSE=₹165.90 Spread=₹0.34
2025-12-05 10:53:08 | INFO | order_executor | Order placed BSE SELL TATASTEEL qty=1 id=251205000361090
2025-12-05 10:53:13 | INFO | live | Monitoring... NSE=₹166.14 BSE=₹166.10 Spread=₹0.04
2025-12-05 10:53:18 | INFO | live | Monitoring... NSE=₹166.14 BSE=₹166.20 Spread=₹0.06
2025-12-05 10:53:23 | INFO | live | Monitoring... NSE=₹259.71 BSE=₹259.50 Spread=₹0.21
2025-12-05 10:53:28 | INFO | live | Monitoring... NSE=₹166.14 BSE=₹166.20 Spread=₹0.06
2025-12-05 10:53:33 | INFO | live | Monitoring... NSE=₹166.10 BSE=₹166.20 Spread=₹0.10
2025-12-05 10:53:38 | INFO | live | Monitoring... NSE=₹166.04 BSE=₹166.20 Spread=₹0.16
2025-12-05 10:53:43 | INFO | live | Monitoring... NSE=₹166.10 BSE=₹166.20 Spread=₹0.10
2025-12-05 10:53:48 | INFO | live | Monitoring... NSE=₹166.10 BSE=₹166.20 Spread=₹0.10
2025-12-05 10:53:53 | INFO | live | Monitoring... NSE=₹166.03 BSE=₹166.20 Spread=₹0.17
2025-12-05 10:53:58 | INFO | live | Monitoring... NSE=₹259.91 BSE=₹259.70 Spread=₹0.21
2025-12-05 10:54:03 | INFO | live | Monitoring... NSE=₹259.82 BSE=₹259.70 Spread=₹0.12
2025-12-05 10:54:08 | INFO | live | Monitoring... NSE=₹259.85 BSE=₹259.70 Spread=₹0.15
2025-12-05 14:01:37 | INFO | main | Authenticating with Angel One SmartAPI...
2025-12-05 14:01:38 | INFO | auth | Authentication successful
2025-12-05 14:01:38 | INFO | main | Authentication successful. Starting bot...
2025-12-05 14:01:38 | INFO | data_feed | Starting Angel One WebSocket feed for ['TATAMOTORS', 'ICICIBANK', 'HDFCBANK', 'POWERGRID', 'INFY', 'TCS', 'BPCL', 'TATASTEEL', 'WIPRO']
2025-12-05 14:01:38 | INFO | data_feed | Fetching instrument master data for 9 symbols...
2025-12-05 14:01:38 | WARNING | data_feed | Could not fetch from master data. Using manual token lookup.
2025-12-05 14:01:38 | INFO | data_feed | Resolved 18 instrument tokens
2025-12-05 14:01:38 | INFO | live | Monitoring... (waiting for data)
2025-12-05 14:01:38 | INFO | data_feed | WebSocket connected. Subscribing to 18 instruments
2025-12-05 14:01:43 | INFO | live | Monitoring... NSE=₹259.70 BSE=₹259.50 Spread=₹0.20
2025-12-05 14:01:48 | INFO | live | Monitoring... NSE=₹259.57 BSE=₹259.50 Spread=₹0.07
2025-12-05 14:01:53 | INFO | live | Monitoring... NSE=₹259.65 BSE=₹259.50 Spread=₹0.15
2025-12-05 14:01:58 | INFO | live | Monitoring... NSE=₹259.61 BSE=₹259.70 Spread=₹0.09
2025-12-05 14:02:03 | INFO | live | Monitoring... NSE=₹259.60 BSE=₹259.70 Spread=₹0.10
2025-12-05 14:02:08 | INFO | live | Monitoring... NSE=₹259.60 BSE=₹259.70 Spread=₹0.10
2025-12-05 14:02:13 | INFO | live | Monitoring... NSE=₹259.58 BSE=₹259.70 Spread=₹0.12
2025-12-05 14:02:18 | INFO | live | Monitoring... NSE=₹259.57 BSE=₹259.70 Spread=₹0.13
2025-12-05 14:02:23 | INFO | live | Monitoring... NSE=₹259.60 BSE=₹259.45 Spread=₹0.15
2025-12-05 14:02:28 | INFO | live | Monitoring... NSE=₹259.58 BSE=₹259.45 Spread=₹0.13
2025-12-05 14:02:33 | INFO | live | Monitoring... NSE=₹259.60 BSE=₹259.45 Spread=₹0.15
2025-12-05 14:02:38 | INFO | live | Monitoring... NSE=₹259.60 BSE=₹259.45 Spread=₹0.15
2025-12-05 14:02:43 | INFO | live | Monitoring... NSE=₹259.60 BSE=₹259.45 Spread=₹0.15
2025-12-05 14:02:48 | INFO | live | Monitoring... NSE=₹259.58 BSE=₹259.45 Spread=₹0.13
2025-12-05 14:02:53 | INFO | live | Monitoring... NSE=₹259.60 BSE=₹259.45 Spread=₹0.15
2025-12-05 14:02:58 | INFO | live | Monitoring... NSE=₹259.55 BSE=₹259.45 Spread=₹0.10
2025-12-05 14:03:03 | INFO | live | Monitoring... NSE=₹259.59 BSE=₹259.45 Spread=₹0.14
2025-12-05 14:03:08 | INFO | live | Monitoring... NSE=₹259.60 BSE=₹259.65 Spread=₹0.05
2025-12-05 14:03:13 | INFO | live | Monitoring... NSE=₹259.61 BSE=₹259.65 Spread=₹0.04
2025-12-05 14:03:18 | INFO | live | Monitoring... NSE=₹167.40 BSE=₹167.35 Spread=₹0.05
2025-12-05 14:03:23 | INFO | live | Monitoring... NSE=₹167.39 BSE=₹167.35 Spread=₹0.04
2025-12-05 14:03:28 | INFO | live | Monitoring... NSE=₹259.60 BSE=₹259.65 Spread=₹0.05
2025-12-05 14:03:33 | INFO | live | Monitoring... NSE=₹167.35 BSE=₹167.40 Spread=₹0.05
2025-12-05 14:03:38 | INFO | live | Monitoring... NSE=₹167.35 BSE=₹167.40 Spread=₹0.05
2025-12-05 14:03:43 | INFO | live | Monitoring... NSE=₹259.65 BSE=₹259.55 Spread=₹0.10
2025-12-05 14:03:48 | INFO | live | Monitoring... (waiting for data)
2025-12-05 14:03:53 | INFO | live | Monitoring... NSE=₹259.61 BSE=₹259.55 Spread=₹0.06
2025-12-05 14:03:58 | INFO | live | Monitoring... NSE=₹167.35 BSE=₹167.40 Spread=₹0.05
2025-12-05 14:04:03 | INFO | live | Monitoring... NSE=₹259.69 BSE=₹259.55 Spread=₹0.14
2025-12-05 14:04:08 | INFO | live | Monitoring... NSE=₹259.69 BSE=₹259.55 Spread=₹0.14
2025-12-05 14:04:13 | INFO | live | Monitoring... NSE=₹259.75 BSE=₹259.65 Spread=₹0.10
2025-12-05 14:04:18 | INFO | live | Monitoring... NSE=₹167.40 BSE=₹167.45 Spread=₹0.05
2025-12-05 14:04:23 | INFO | live | Monitoring... NSE=₹167.40 BSE=₹167.45 Spread=₹0.05
2025-12-05 14:04:28 | INFO | live | Monitoring... NSE=₹167.40 BSE=₹167.45 Spread=₹0.05
2025-12-05 14:04:33 | INFO | live | Monitoring... NSE=₹167.39 BSE=₹167.45 Spread=₹0.06
2025-12-05 14:04:38 | INFO | live | Monitoring... NSE=₹259.62 BSE=₹259.55 Spread=₹0.07
2025-12-05 14:04:43 | INFO | live | Monitoring... NSE=₹259.73 BSE=₹259.55 Spread=₹0.18
2025-12-05 14:04:48 | INFO | live | Monitoring... NSE=₹167.28 BSE=₹167.45 Spread=₹0.17
2025-12-05 14:04:53 | INFO | live | Monitoring... NSE=₹259.69 BSE=₹259.50 Spread=₹0.19
2025-12-05 14:04:58 | INFO | live | Monitoring... NSE=₹167.25 BSE=₹167.45 Spread=₹0.20
2025-12-05 14:05:03 | INFO | live | Monitoring... NSE=₹167.33 BSE=₹167.45 Spread=₹0.12
2025-12-05 14:05:08 | INFO | live | Monitoring... NSE=₹167.28 BSE=₹167.45 Spread=₹0.17
2025-12-05 14:05:13 | INFO | live | Monitoring... NSE=₹167.35 BSE=₹167.45 Spread=₹0.10
2025-12-05 14:05:18 | INFO | live | Monitoring... NSE=₹167.28 BSE=₹167.45 Spread=₹0.17
2025-12-05 14:05:23 | INFO | live | Monitoring... NSE=₹167.34 BSE=₹167.45 Spread=₹0.11
2025-12-05 14:05:28 | INFO | live | Monitoring... NSE=₹167.34 BSE=₹167.45 Spread=₹0.11
2025-12-05 14:05:33 | INFO | live | Monitoring... NSE=₹259.69 BSE=₹259.50 Spread=₹0.19
2025-12-05 14:05:38 | INFO | live | Monitoring... NSE=₹167.34 BSE=₹167.40 Spread=₹0.06
2025-12-05 14:05:43 | INFO | live | Monitoring... NSE=₹167.33 BSE=₹167.40 Spread=₹0.07
2025-12-05 14:05:48 | INFO | live | Monitoring... NSE=₹259.58 BSE=₹259.40 Spread=₹0.18
2025-12-05 14:05:53 | INFO | live | Monitoring... NSE=₹259.58 BSE=₹259.40 Spread=₹0.18
2025-12-05 14:05:58 | INFO | live | Monitoring... NSE=₹259.56 BSE=₹259.45 Spread=₹0.11
2025-12-05 14:06:03 | INFO | live | Monitoring... NSE=₹259.56 BSE=₹259.45 Spread=₹0.11
2025-12-05 14:06:08 | INFO | live | Monitoring... NSE=₹259.58 BSE=₹259.45 Spread=₹0.13
2025-12-05 14:06:13 | INFO | live | Monitoring... NSE=₹259.50 BSE=₹259.45 Spread=₹0.05
2025-12-05 14:06:18 | INFO | live | Monitoring... NSE=₹259.50 BSE=₹259.45 Spread=₹0.05
2025-12-05 14:06:23 | INFO | live | Monitoring... NSE=₹259.58 BSE=₹259.45 Spread=₹0.13
2025-12-05 14:06:28 | INFO | live | Monitoring... NSE=₹259.58 BSE=₹259.45 Spread=₹0.13
2025-12-05 14:06:33 | INFO | live | Monitoring... NSE=₹259.50 BSE=₹259.45 Spread=₹0.05
2025-12-05 14:06:38 | INFO | live | Monitoring... NSE=₹259.59 BSE=₹259.40 Spread=₹0.19
2025-12-05 14:06:43 | INFO | live | Monitoring... NSE=₹259.50 BSE=₹259.55 Spread=₹0.05
2025-12-05 14:06:48 | INFO | live | Monitoring... NSE=₹167.30 BSE=₹167.35 Spread=₹0.05
2025-12-05 14:06:53 | INFO | live | Monitoring... NSE=₹259.50 BSE=₹259.55 Spread=₹0.05
2025-12-05 14:06:58 | INFO | live | Monitoring... NSE=₹167.26 BSE=₹167.35 Spread=₹0.09
2025-12-05 14:07:03 | INFO | live | Monitoring... NSE=₹259.50 BSE=₹259.55 Spread=₹0.05
2025-12-05 14:07:08 | INFO | live | Monitoring... NSE=₹259.53 BSE=₹259.55 Spread=₹0.02
2025-12-05 14:07:13 | INFO | live | Monitoring... NSE=₹259.57 BSE=₹259.45 Spread=₹0.12
2025-12-05 14:07:18 | INFO | live | Monitoring... NSE=₹259.60 BSE=₹259.45 Spread=₹0.15
2025-12-05 14:07:23 | INFO | live | Monitoring... NSE=₹259.58 BSE=₹259.45 Spread=₹0.13
2025-12-05 14:07:28 | INFO | live | Monitoring... NSE=₹259.54 BSE=₹259.45 Spread=₹0.09
2025-12-05 14:07:33 | INFO | live | Monitoring... NSE=₹259.50 BSE=₹259.45 Spread=₹0.05
2025-12-05 14:07:38 | INFO | live | Monitoring... NSE=₹259.40 BSE=₹259.30 Spread=₹0.10
2025-12-05 14:07:43 | INFO | live | Monitoring... NSE=₹259.40 BSE=₹259.30 Spread=₹0.10
2025-12-05 14:07:48 | INFO | live | Monitoring... NSE=₹259.40 BSE=₹259.50 Spread=₹0.10
2025-12-05 14:07:53 | INFO | live | Monitoring... NSE=₹167.32 BSE=₹167.35 Spread=₹0.03
2025-12-05 14:07:58 | INFO | live | Monitoring... NSE=₹259.41 BSE=₹259.50 Spread=₹0.09
2025-12-05 14:08:03 | INFO | live | Monitoring... NSE=₹259.49 BSE=₹259.30 Spread=₹0.19
2025-12-05 14:08:08 | INFO | live | Monitoring... NSE=₹167.32 BSE=₹167.35 Spread=₹0.03
2025-12-05 14:08:13 | INFO | live | Monitoring... NSE=₹259.46 BSE=₹259.50 Spread=₹0.04
2025-12-05 14:08:18 | INFO | live | Monitoring... NSE=₹167.32 BSE=₹167.35 Spread=₹0.03
2025-12-05 14:08:23 | INFO | live | Monitoring... NSE=₹167.32 BSE=₹167.35 Spread=₹0.03
2025-12-05 14:08:28 | INFO | live | Monitoring... NSE=₹259.47 BSE=₹259.50 Spread=₹0.03
2025-12-05 14:08:33 | INFO | live | Monitoring... NSE=₹259.45 BSE=₹259.50 Spread=₹0.05
2025-12-05 14:08:38 | INFO | live | Monitoring... NSE=₹259.45 BSE=₹259.35 Spread=₹0.10
